[2025-04-10T19:08:17.975+0000] {processor.py:186} INFO - Started process (PID=79) to work on /opt/airflow/dags/dag_functions.py
[2025-04-10T19:08:17.976+0000] {processor.py:914} INFO - Processing file /opt/airflow/dags/dag_functions.py for tasks to queue
[2025-04-10T19:08:17.980+0000] {logging_mixin.py:190} INFO - [2025-04-10T19:08:17.979+0000] {dagbag.py:588} INFO - Filling up the DagBag from /opt/airflow/dags/dag_functions.py
[2025-04-10T19:08:18.783+0000] {processor.py:927} WARNING - No viable dags retrieved from /opt/airflow/dags/dag_functions.py
[2025-04-10T19:08:18.805+0000] {processor.py:208} INFO - Processing /opt/airflow/dags/dag_functions.py took 0.842 seconds
[2025-04-10T19:08:49.809+0000] {processor.py:186} INFO - Started process (PID=118) to work on /opt/airflow/dags/dag_functions.py
[2025-04-10T19:08:49.810+0000] {processor.py:914} INFO - Processing file /opt/airflow/dags/dag_functions.py for tasks to queue
[2025-04-10T19:08:49.813+0000] {logging_mixin.py:190} INFO - [2025-04-10T19:08:49.812+0000] {dagbag.py:588} INFO - Filling up the DagBag from /opt/airflow/dags/dag_functions.py
[2025-04-10T19:08:50.254+0000] {processor.py:927} WARNING - No viable dags retrieved from /opt/airflow/dags/dag_functions.py
[2025-04-10T19:08:50.267+0000] {processor.py:208} INFO - Processing /opt/airflow/dags/dag_functions.py took 0.463 seconds
[2025-04-10T19:09:20.388+0000] {processor.py:186} INFO - Started process (PID=158) to work on /opt/airflow/dags/dag_functions.py
[2025-04-10T19:09:20.389+0000] {processor.py:914} INFO - Processing file /opt/airflow/dags/dag_functions.py for tasks to queue
[2025-04-10T19:09:20.391+0000] {logging_mixin.py:190} INFO - [2025-04-10T19:09:20.391+0000] {dagbag.py:588} INFO - Filling up the DagBag from /opt/airflow/dags/dag_functions.py
[2025-04-10T19:09:20.750+0000] {processor.py:927} WARNING - No viable dags retrieved from /opt/airflow/dags/dag_functions.py
[2025-04-10T19:09:20.770+0000] {processor.py:208} INFO - Processing /opt/airflow/dags/dag_functions.py took 0.388 seconds
[2025-04-10T19:09:51.657+0000] {processor.py:186} INFO - Started process (PID=162) to work on /opt/airflow/dags/dag_functions.py
[2025-04-10T19:09:51.659+0000] {processor.py:914} INFO - Processing file /opt/airflow/dags/dag_functions.py for tasks to queue
[2025-04-10T19:09:51.662+0000] {logging_mixin.py:190} INFO - [2025-04-10T19:09:51.662+0000] {dagbag.py:588} INFO - Filling up the DagBag from /opt/airflow/dags/dag_functions.py
[2025-04-10T19:09:52.072+0000] {processor.py:927} WARNING - No viable dags retrieved from /opt/airflow/dags/dag_functions.py
[2025-04-10T19:09:52.107+0000] {processor.py:208} INFO - Processing /opt/airflow/dags/dag_functions.py took 0.457 seconds
[2025-04-10T19:10:22.845+0000] {processor.py:186} INFO - Started process (PID=166) to work on /opt/airflow/dags/dag_functions.py
[2025-04-10T19:10:22.846+0000] {processor.py:914} INFO - Processing file /opt/airflow/dags/dag_functions.py for tasks to queue
[2025-04-10T19:10:22.849+0000] {logging_mixin.py:190} INFO - [2025-04-10T19:10:22.849+0000] {dagbag.py:588} INFO - Filling up the DagBag from /opt/airflow/dags/dag_functions.py
[2025-04-10T19:10:23.265+0000] {processor.py:927} WARNING - No viable dags retrieved from /opt/airflow/dags/dag_functions.py
[2025-04-10T19:10:23.292+0000] {processor.py:208} INFO - Processing /opt/airflow/dags/dag_functions.py took 0.454 seconds
[2025-04-10T19:10:48.964+0000] {processor.py:186} INFO - Started process (PID=170) to work on /opt/airflow/dags/dag_functions.py
[2025-04-10T19:10:48.965+0000] {processor.py:914} INFO - Processing file /opt/airflow/dags/dag_functions.py for tasks to queue
[2025-04-10T19:10:48.967+0000] {logging_mixin.py:190} INFO - [2025-04-10T19:10:48.966+0000] {dagbag.py:588} INFO - Filling up the DagBag from /opt/airflow/dags/dag_functions.py
[2025-04-10T19:10:49.338+0000] {processor.py:927} WARNING - No viable dags retrieved from /opt/airflow/dags/dag_functions.py
[2025-04-10T19:10:49.360+0000] {processor.py:208} INFO - Processing /opt/airflow/dags/dag_functions.py took 0.401 seconds
[2025-04-10T19:11:20.756+0000] {processor.py:186} INFO - Started process (PID=208) to work on /opt/airflow/dags/dag_functions.py
[2025-04-10T19:11:20.757+0000] {processor.py:914} INFO - Processing file /opt/airflow/dags/dag_functions.py for tasks to queue
[2025-04-10T19:11:20.758+0000] {logging_mixin.py:190} INFO - [2025-04-10T19:11:20.758+0000] {dagbag.py:588} INFO - Filling up the DagBag from /opt/airflow/dags/dag_functions.py
[2025-04-10T19:11:21.095+0000] {processor.py:927} WARNING - No viable dags retrieved from /opt/airflow/dags/dag_functions.py
[2025-04-10T19:11:21.116+0000] {processor.py:208} INFO - Processing /opt/airflow/dags/dag_functions.py took 0.365 seconds
[2025-04-10T19:11:51.394+0000] {processor.py:186} INFO - Started process (PID=212) to work on /opt/airflow/dags/dag_functions.py
[2025-04-10T19:11:51.396+0000] {processor.py:914} INFO - Processing file /opt/airflow/dags/dag_functions.py for tasks to queue
[2025-04-10T19:11:51.399+0000] {logging_mixin.py:190} INFO - [2025-04-10T19:11:51.398+0000] {dagbag.py:588} INFO - Filling up the DagBag from /opt/airflow/dags/dag_functions.py
[2025-04-10T19:11:51.798+0000] {processor.py:927} WARNING - No viable dags retrieved from /opt/airflow/dags/dag_functions.py
[2025-04-10T19:11:51.818+0000] {processor.py:208} INFO - Processing /opt/airflow/dags/dag_functions.py took 0.430 seconds
[2025-04-10T19:12:21.949+0000] {processor.py:186} INFO - Started process (PID=216) to work on /opt/airflow/dags/dag_functions.py
[2025-04-10T19:12:21.950+0000] {processor.py:914} INFO - Processing file /opt/airflow/dags/dag_functions.py for tasks to queue
[2025-04-10T19:12:21.953+0000] {logging_mixin.py:190} INFO - [2025-04-10T19:12:21.952+0000] {dagbag.py:588} INFO - Filling up the DagBag from /opt/airflow/dags/dag_functions.py
[2025-04-10T19:12:22.389+0000] {processor.py:927} WARNING - No viable dags retrieved from /opt/airflow/dags/dag_functions.py
[2025-04-10T19:12:22.418+0000] {processor.py:208} INFO - Processing /opt/airflow/dags/dag_functions.py took 0.474 seconds
[2025-04-10T19:12:53.179+0000] {processor.py:186} INFO - Started process (PID=220) to work on /opt/airflow/dags/dag_functions.py
[2025-04-10T19:12:53.180+0000] {processor.py:914} INFO - Processing file /opt/airflow/dags/dag_functions.py for tasks to queue
[2025-04-10T19:12:53.182+0000] {logging_mixin.py:190} INFO - [2025-04-10T19:12:53.182+0000] {dagbag.py:588} INFO - Filling up the DagBag from /opt/airflow/dags/dag_functions.py
[2025-04-10T19:12:53.578+0000] {processor.py:927} WARNING - No viable dags retrieved from /opt/airflow/dags/dag_functions.py
[2025-04-10T19:12:53.603+0000] {processor.py:208} INFO - Processing /opt/airflow/dags/dag_functions.py took 0.429 seconds
[2025-04-10T19:13:23.765+0000] {processor.py:186} INFO - Started process (PID=224) to work on /opt/airflow/dags/dag_functions.py
[2025-04-10T19:13:23.766+0000] {processor.py:914} INFO - Processing file /opt/airflow/dags/dag_functions.py for tasks to queue
[2025-04-10T19:13:23.768+0000] {logging_mixin.py:190} INFO - [2025-04-10T19:13:23.768+0000] {dagbag.py:588} INFO - Filling up the DagBag from /opt/airflow/dags/dag_functions.py
[2025-04-10T19:13:24.236+0000] {processor.py:927} WARNING - No viable dags retrieved from /opt/airflow/dags/dag_functions.py
[2025-04-10T19:13:24.273+0000] {processor.py:208} INFO - Processing /opt/airflow/dags/dag_functions.py took 0.512 seconds
[2025-04-10T19:13:55.040+0000] {processor.py:186} INFO - Started process (PID=228) to work on /opt/airflow/dags/dag_functions.py
[2025-04-10T19:13:55.042+0000] {processor.py:914} INFO - Processing file /opt/airflow/dags/dag_functions.py for tasks to queue
[2025-04-10T19:13:55.044+0000] {logging_mixin.py:190} INFO - [2025-04-10T19:13:55.044+0000] {dagbag.py:588} INFO - Filling up the DagBag from /opt/airflow/dags/dag_functions.py
[2025-04-10T19:13:55.473+0000] {processor.py:927} WARNING - No viable dags retrieved from /opt/airflow/dags/dag_functions.py
[2025-04-10T19:13:55.491+0000] {processor.py:208} INFO - Processing /opt/airflow/dags/dag_functions.py took 0.458 seconds
[2025-04-10T19:14:25.552+0000] {processor.py:186} INFO - Started process (PID=232) to work on /opt/airflow/dags/dag_functions.py
[2025-04-10T19:14:25.552+0000] {processor.py:914} INFO - Processing file /opt/airflow/dags/dag_functions.py for tasks to queue
[2025-04-10T19:14:25.555+0000] {logging_mixin.py:190} INFO - [2025-04-10T19:14:25.554+0000] {dagbag.py:588} INFO - Filling up the DagBag from /opt/airflow/dags/dag_functions.py
[2025-04-10T19:14:25.956+0000] {processor.py:927} WARNING - No viable dags retrieved from /opt/airflow/dags/dag_functions.py
[2025-04-10T19:14:25.976+0000] {processor.py:208} INFO - Processing /opt/airflow/dags/dag_functions.py took 0.430 seconds
[2025-04-10T19:14:56.434+0000] {processor.py:186} INFO - Started process (PID=236) to work on /opt/airflow/dags/dag_functions.py
[2025-04-10T19:14:56.435+0000] {processor.py:914} INFO - Processing file /opt/airflow/dags/dag_functions.py for tasks to queue
[2025-04-10T19:14:56.436+0000] {logging_mixin.py:190} INFO - [2025-04-10T19:14:56.436+0000] {dagbag.py:588} INFO - Filling up the DagBag from /opt/airflow/dags/dag_functions.py
[2025-04-10T19:14:56.814+0000] {processor.py:927} WARNING - No viable dags retrieved from /opt/airflow/dags/dag_functions.py
[2025-04-10T19:14:56.842+0000] {processor.py:208} INFO - Processing /opt/airflow/dags/dag_functions.py took 0.414 seconds
[2025-04-10T19:15:08.547+0000] {processor.py:186} INFO - Started process (PID=240) to work on /opt/airflow/dags/dag_functions.py
[2025-04-10T19:15:08.548+0000] {processor.py:914} INFO - Processing file /opt/airflow/dags/dag_functions.py for tasks to queue
[2025-04-10T19:15:08.550+0000] {logging_mixin.py:190} INFO - [2025-04-10T19:15:08.550+0000] {dagbag.py:588} INFO - Filling up the DagBag from /opt/airflow/dags/dag_functions.py
[2025-04-10T19:15:08.975+0000] {processor.py:927} WARNING - No viable dags retrieved from /opt/airflow/dags/dag_functions.py
[2025-04-10T19:15:08.997+0000] {processor.py:208} INFO - Processing /opt/airflow/dags/dag_functions.py took 0.456 seconds
[2025-04-10T19:15:39.253+0000] {processor.py:186} INFO - Started process (PID=244) to work on /opt/airflow/dags/dag_functions.py
[2025-04-10T19:15:39.255+0000] {processor.py:914} INFO - Processing file /opt/airflow/dags/dag_functions.py for tasks to queue
[2025-04-10T19:15:39.258+0000] {logging_mixin.py:190} INFO - [2025-04-10T19:15:39.258+0000] {dagbag.py:588} INFO - Filling up the DagBag from /opt/airflow/dags/dag_functions.py
[2025-04-10T19:15:39.725+0000] {processor.py:927} WARNING - No viable dags retrieved from /opt/airflow/dags/dag_functions.py
[2025-04-10T19:15:39.758+0000] {processor.py:208} INFO - Processing /opt/airflow/dags/dag_functions.py took 0.511 seconds
[2025-04-10T19:16:09.355+0000] {processor.py:186} INFO - Started process (PID=56) to work on /opt/airflow/dags/dag_functions.py
[2025-04-10T19:16:09.356+0000] {processor.py:914} INFO - Processing file /opt/airflow/dags/dag_functions.py for tasks to queue
[2025-04-10T19:16:09.358+0000] {logging_mixin.py:190} INFO - [2025-04-10T19:16:09.358+0000] {dagbag.py:588} INFO - Filling up the DagBag from /opt/airflow/dags/dag_functions.py
[2025-04-10T19:16:10.726+0000] {processor.py:927} WARNING - No viable dags retrieved from /opt/airflow/dags/dag_functions.py
[2025-04-10T19:16:10.741+0000] {processor.py:208} INFO - Processing /opt/airflow/dags/dag_functions.py took 1.394 seconds
[2025-04-10T19:16:41.864+0000] {processor.py:186} INFO - Started process (PID=80) to work on /opt/airflow/dags/dag_functions.py
[2025-04-10T19:16:41.865+0000] {processor.py:914} INFO - Processing file /opt/airflow/dags/dag_functions.py for tasks to queue
[2025-04-10T19:16:41.867+0000] {logging_mixin.py:190} INFO - [2025-04-10T19:16:41.867+0000] {dagbag.py:588} INFO - Filling up the DagBag from /opt/airflow/dags/dag_functions.py
[2025-04-10T19:16:42.265+0000] {processor.py:927} WARNING - No viable dags retrieved from /opt/airflow/dags/dag_functions.py
[2025-04-10T19:16:42.285+0000] {processor.py:208} INFO - Processing /opt/airflow/dags/dag_functions.py took 0.426 seconds
[2025-04-10T19:17:12.675+0000] {processor.py:186} INFO - Started process (PID=84) to work on /opt/airflow/dags/dag_functions.py
[2025-04-10T19:17:12.676+0000] {processor.py:914} INFO - Processing file /opt/airflow/dags/dag_functions.py for tasks to queue
[2025-04-10T19:17:12.678+0000] {logging_mixin.py:190} INFO - [2025-04-10T19:17:12.678+0000] {dagbag.py:588} INFO - Filling up the DagBag from /opt/airflow/dags/dag_functions.py
[2025-04-10T19:17:13.068+0000] {processor.py:927} WARNING - No viable dags retrieved from /opt/airflow/dags/dag_functions.py
[2025-04-10T19:17:13.084+0000] {processor.py:208} INFO - Processing /opt/airflow/dags/dag_functions.py took 0.414 seconds
[2025-04-10T19:17:43.426+0000] {processor.py:186} INFO - Started process (PID=88) to work on /opt/airflow/dags/dag_functions.py
[2025-04-10T19:17:43.428+0000] {processor.py:914} INFO - Processing file /opt/airflow/dags/dag_functions.py for tasks to queue
[2025-04-10T19:17:43.430+0000] {logging_mixin.py:190} INFO - [2025-04-10T19:17:43.430+0000] {dagbag.py:588} INFO - Filling up the DagBag from /opt/airflow/dags/dag_functions.py
[2025-04-10T19:17:43.887+0000] {processor.py:927} WARNING - No viable dags retrieved from /opt/airflow/dags/dag_functions.py
[2025-04-10T19:17:43.907+0000] {processor.py:208} INFO - Processing /opt/airflow/dags/dag_functions.py took 0.487 seconds
[2025-04-10T19:18:14.605+0000] {processor.py:186} INFO - Started process (PID=128) to work on /opt/airflow/dags/dag_functions.py
[2025-04-10T19:18:14.606+0000] {processor.py:914} INFO - Processing file /opt/airflow/dags/dag_functions.py for tasks to queue
[2025-04-10T19:18:14.608+0000] {logging_mixin.py:190} INFO - [2025-04-10T19:18:14.608+0000] {dagbag.py:588} INFO - Filling up the DagBag from /opt/airflow/dags/dag_functions.py
[2025-04-10T19:18:15.035+0000] {processor.py:927} WARNING - No viable dags retrieved from /opt/airflow/dags/dag_functions.py
[2025-04-10T19:18:15.056+0000] {processor.py:208} INFO - Processing /opt/airflow/dags/dag_functions.py took 0.457 seconds
[2025-04-10T19:18:46.054+0000] {processor.py:186} INFO - Started process (PID=132) to work on /opt/airflow/dags/dag_functions.py
[2025-04-10T19:18:46.055+0000] {processor.py:914} INFO - Processing file /opt/airflow/dags/dag_functions.py for tasks to queue
[2025-04-10T19:18:46.056+0000] {logging_mixin.py:190} INFO - [2025-04-10T19:18:46.056+0000] {dagbag.py:588} INFO - Filling up the DagBag from /opt/airflow/dags/dag_functions.py
[2025-04-10T19:18:46.415+0000] {processor.py:927} WARNING - No viable dags retrieved from /opt/airflow/dags/dag_functions.py
[2025-04-10T19:18:46.443+0000] {processor.py:208} INFO - Processing /opt/airflow/dags/dag_functions.py took 0.394 seconds
[2025-04-10T19:19:17.124+0000] {processor.py:186} INFO - Started process (PID=136) to work on /opt/airflow/dags/dag_functions.py
[2025-04-10T19:19:17.125+0000] {processor.py:914} INFO - Processing file /opt/airflow/dags/dag_functions.py for tasks to queue
[2025-04-10T19:19:17.127+0000] {logging_mixin.py:190} INFO - [2025-04-10T19:19:17.127+0000] {dagbag.py:588} INFO - Filling up the DagBag from /opt/airflow/dags/dag_functions.py
[2025-04-10T19:19:17.527+0000] {processor.py:927} WARNING - No viable dags retrieved from /opt/airflow/dags/dag_functions.py
[2025-04-10T19:19:17.546+0000] {processor.py:208} INFO - Processing /opt/airflow/dags/dag_functions.py took 0.426 seconds
[2025-04-10T19:19:48.349+0000] {processor.py:186} INFO - Started process (PID=140) to work on /opt/airflow/dags/dag_functions.py
[2025-04-10T19:19:48.350+0000] {processor.py:914} INFO - Processing file /opt/airflow/dags/dag_functions.py for tasks to queue
[2025-04-10T19:19:48.352+0000] {logging_mixin.py:190} INFO - [2025-04-10T19:19:48.352+0000] {dagbag.py:588} INFO - Filling up the DagBag from /opt/airflow/dags/dag_functions.py
[2025-04-10T19:19:48.742+0000] {processor.py:927} WARNING - No viable dags retrieved from /opt/airflow/dags/dag_functions.py
[2025-04-10T19:19:48.763+0000] {processor.py:208} INFO - Processing /opt/airflow/dags/dag_functions.py took 0.419 seconds
[2025-04-10T19:20:19.462+0000] {processor.py:186} INFO - Started process (PID=144) to work on /opt/airflow/dags/dag_functions.py
[2025-04-10T19:20:19.463+0000] {processor.py:914} INFO - Processing file /opt/airflow/dags/dag_functions.py for tasks to queue
[2025-04-10T19:20:19.465+0000] {logging_mixin.py:190} INFO - [2025-04-10T19:20:19.465+0000] {dagbag.py:588} INFO - Filling up the DagBag from /opt/airflow/dags/dag_functions.py
[2025-04-10T19:20:19.833+0000] {processor.py:927} WARNING - No viable dags retrieved from /opt/airflow/dags/dag_functions.py
[2025-04-10T19:20:19.860+0000] {processor.py:208} INFO - Processing /opt/airflow/dags/dag_functions.py took 0.404 seconds
[2025-04-10T19:20:50.640+0000] {processor.py:186} INFO - Started process (PID=148) to work on /opt/airflow/dags/dag_functions.py
[2025-04-10T19:20:50.641+0000] {processor.py:914} INFO - Processing file /opt/airflow/dags/dag_functions.py for tasks to queue
[2025-04-10T19:20:50.643+0000] {logging_mixin.py:190} INFO - [2025-04-10T19:20:50.643+0000] {dagbag.py:588} INFO - Filling up the DagBag from /opt/airflow/dags/dag_functions.py
[2025-04-10T19:20:51.013+0000] {processor.py:927} WARNING - No viable dags retrieved from /opt/airflow/dags/dag_functions.py
[2025-04-10T19:20:51.041+0000] {processor.py:208} INFO - Processing /opt/airflow/dags/dag_functions.py took 0.406 seconds
[2025-04-10T19:21:21.754+0000] {processor.py:186} INFO - Started process (PID=152) to work on /opt/airflow/dags/dag_functions.py
[2025-04-10T19:21:21.755+0000] {processor.py:914} INFO - Processing file /opt/airflow/dags/dag_functions.py for tasks to queue
[2025-04-10T19:21:21.757+0000] {logging_mixin.py:190} INFO - [2025-04-10T19:21:21.757+0000] {dagbag.py:588} INFO - Filling up the DagBag from /opt/airflow/dags/dag_functions.py
[2025-04-10T19:21:22.110+0000] {processor.py:927} WARNING - No viable dags retrieved from /opt/airflow/dags/dag_functions.py
[2025-04-10T19:21:22.134+0000] {processor.py:208} INFO - Processing /opt/airflow/dags/dag_functions.py took 0.385 seconds
[2025-04-10T19:21:46.594+0000] {processor.py:186} INFO - Started process (PID=156) to work on /opt/airflow/dags/dag_functions.py
[2025-04-10T19:21:46.595+0000] {processor.py:914} INFO - Processing file /opt/airflow/dags/dag_functions.py for tasks to queue
[2025-04-10T19:21:46.597+0000] {logging_mixin.py:190} INFO - [2025-04-10T19:21:46.597+0000] {dagbag.py:588} INFO - Filling up the DagBag from /opt/airflow/dags/dag_functions.py
[2025-04-10T19:21:46.990+0000] {processor.py:927} WARNING - No viable dags retrieved from /opt/airflow/dags/dag_functions.py
[2025-04-10T19:21:47.006+0000] {processor.py:208} INFO - Processing /opt/airflow/dags/dag_functions.py took 0.418 seconds
[2025-04-10T19:22:17.912+0000] {processor.py:186} INFO - Started process (PID=160) to work on /opt/airflow/dags/dag_functions.py
[2025-04-10T19:22:17.913+0000] {processor.py:914} INFO - Processing file /opt/airflow/dags/dag_functions.py for tasks to queue
[2025-04-10T19:22:17.915+0000] {logging_mixin.py:190} INFO - [2025-04-10T19:22:17.915+0000] {dagbag.py:588} INFO - Filling up the DagBag from /opt/airflow/dags/dag_functions.py
[2025-04-10T19:22:18.287+0000] {processor.py:927} WARNING - No viable dags retrieved from /opt/airflow/dags/dag_functions.py
[2025-04-10T19:22:18.300+0000] {processor.py:208} INFO - Processing /opt/airflow/dags/dag_functions.py took 0.394 seconds
[2025-04-10T19:22:48.496+0000] {processor.py:186} INFO - Started process (PID=164) to work on /opt/airflow/dags/dag_functions.py
[2025-04-10T19:22:48.497+0000] {processor.py:914} INFO - Processing file /opt/airflow/dags/dag_functions.py for tasks to queue
[2025-04-10T19:22:48.499+0000] {logging_mixin.py:190} INFO - [2025-04-10T19:22:48.499+0000] {dagbag.py:588} INFO - Filling up the DagBag from /opt/airflow/dags/dag_functions.py
[2025-04-10T19:22:48.862+0000] {processor.py:927} WARNING - No viable dags retrieved from /opt/airflow/dags/dag_functions.py
[2025-04-10T19:22:48.875+0000] {processor.py:208} INFO - Processing /opt/airflow/dags/dag_functions.py took 0.383 seconds
[2025-04-10T19:23:31.421+0000] {processor.py:186} INFO - Started process (PID=60) to work on /opt/airflow/dags/dag_functions.py
[2025-04-10T19:23:31.422+0000] {processor.py:914} INFO - Processing file /opt/airflow/dags/dag_functions.py for tasks to queue
[2025-04-10T19:23:31.425+0000] {logging_mixin.py:190} INFO - [2025-04-10T19:23:31.424+0000] {dagbag.py:588} INFO - Filling up the DagBag from /opt/airflow/dags/dag_functions.py
[2025-04-10T19:23:31.820+0000] {processor.py:927} WARNING - No viable dags retrieved from /opt/airflow/dags/dag_functions.py
[2025-04-10T19:23:31.836+0000] {processor.py:208} INFO - Processing /opt/airflow/dags/dag_functions.py took 0.424 seconds
[2025-04-10T19:24:07.397+0000] {processor.py:186} INFO - Started process (PID=118) to work on /opt/airflow/dags/dag_functions.py
[2025-04-10T19:24:07.398+0000] {processor.py:914} INFO - Processing file /opt/airflow/dags/dag_functions.py for tasks to queue
[2025-04-10T19:24:07.400+0000] {logging_mixin.py:190} INFO - [2025-04-10T19:24:07.400+0000] {dagbag.py:588} INFO - Filling up the DagBag from /opt/airflow/dags/dag_functions.py
[2025-04-10T19:24:07.850+0000] {processor.py:927} WARNING - No viable dags retrieved from /opt/airflow/dags/dag_functions.py
[2025-04-10T19:24:07.869+0000] {processor.py:208} INFO - Processing /opt/airflow/dags/dag_functions.py took 0.477 seconds
[2025-04-10T19:24:38.850+0000] {processor.py:186} INFO - Started process (PID=134) to work on /opt/airflow/dags/dag_functions.py
[2025-04-10T19:24:38.851+0000] {processor.py:914} INFO - Processing file /opt/airflow/dags/dag_functions.py for tasks to queue
[2025-04-10T19:24:38.854+0000] {logging_mixin.py:190} INFO - [2025-04-10T19:24:38.853+0000] {dagbag.py:588} INFO - Filling up the DagBag from /opt/airflow/dags/dag_functions.py
[2025-04-10T19:24:39.277+0000] {processor.py:927} WARNING - No viable dags retrieved from /opt/airflow/dags/dag_functions.py
[2025-04-10T19:24:39.297+0000] {processor.py:208} INFO - Processing /opt/airflow/dags/dag_functions.py took 0.451 seconds
[2025-04-10T19:25:09.542+0000] {processor.py:186} INFO - Started process (PID=138) to work on /opt/airflow/dags/dag_functions.py
[2025-04-10T19:25:09.543+0000] {processor.py:914} INFO - Processing file /opt/airflow/dags/dag_functions.py for tasks to queue
[2025-04-10T19:25:09.545+0000] {logging_mixin.py:190} INFO - [2025-04-10T19:25:09.545+0000] {dagbag.py:588} INFO - Filling up the DagBag from /opt/airflow/dags/dag_functions.py
[2025-04-10T19:25:09.928+0000] {processor.py:927} WARNING - No viable dags retrieved from /opt/airflow/dags/dag_functions.py
[2025-04-10T19:25:09.955+0000] {processor.py:208} INFO - Processing /opt/airflow/dags/dag_functions.py took 0.417 seconds
[2025-04-10T19:25:40.268+0000] {processor.py:186} INFO - Started process (PID=142) to work on /opt/airflow/dags/dag_functions.py
[2025-04-10T19:25:40.269+0000] {processor.py:914} INFO - Processing file /opt/airflow/dags/dag_functions.py for tasks to queue
[2025-04-10T19:25:40.271+0000] {logging_mixin.py:190} INFO - [2025-04-10T19:25:40.271+0000] {dagbag.py:588} INFO - Filling up the DagBag from /opt/airflow/dags/dag_functions.py
[2025-04-10T19:25:40.656+0000] {processor.py:927} WARNING - No viable dags retrieved from /opt/airflow/dags/dag_functions.py
[2025-04-10T19:25:40.681+0000] {processor.py:208} INFO - Processing /opt/airflow/dags/dag_functions.py took 0.417 seconds
[2025-04-10T19:26:10.928+0000] {processor.py:186} INFO - Started process (PID=146) to work on /opt/airflow/dags/dag_functions.py
[2025-04-10T19:26:10.929+0000] {processor.py:914} INFO - Processing file /opt/airflow/dags/dag_functions.py for tasks to queue
[2025-04-10T19:26:10.931+0000] {logging_mixin.py:190} INFO - [2025-04-10T19:26:10.931+0000] {dagbag.py:588} INFO - Filling up the DagBag from /opt/airflow/dags/dag_functions.py
[2025-04-10T19:26:11.327+0000] {processor.py:927} WARNING - No viable dags retrieved from /opt/airflow/dags/dag_functions.py
[2025-04-10T19:26:11.349+0000] {processor.py:208} INFO - Processing /opt/airflow/dags/dag_functions.py took 0.425 seconds
[2025-04-10T19:26:41.588+0000] {processor.py:186} INFO - Started process (PID=150) to work on /opt/airflow/dags/dag_functions.py
[2025-04-10T19:26:41.589+0000] {processor.py:914} INFO - Processing file /opt/airflow/dags/dag_functions.py for tasks to queue
[2025-04-10T19:26:41.591+0000] {logging_mixin.py:190} INFO - [2025-04-10T19:26:41.590+0000] {dagbag.py:588} INFO - Filling up the DagBag from /opt/airflow/dags/dag_functions.py
[2025-04-10T19:26:41.944+0000] {processor.py:927} WARNING - No viable dags retrieved from /opt/airflow/dags/dag_functions.py
[2025-04-10T19:26:41.974+0000] {processor.py:208} INFO - Processing /opt/airflow/dags/dag_functions.py took 0.391 seconds
[2025-04-10T19:27:12.274+0000] {processor.py:186} INFO - Started process (PID=154) to work on /opt/airflow/dags/dag_functions.py
[2025-04-10T19:27:12.275+0000] {processor.py:914} INFO - Processing file /opt/airflow/dags/dag_functions.py for tasks to queue
[2025-04-10T19:27:12.277+0000] {logging_mixin.py:190} INFO - [2025-04-10T19:27:12.277+0000] {dagbag.py:588} INFO - Filling up the DagBag from /opt/airflow/dags/dag_functions.py
[2025-04-10T19:27:12.646+0000] {processor.py:927} WARNING - No viable dags retrieved from /opt/airflow/dags/dag_functions.py
[2025-04-10T19:27:12.672+0000] {processor.py:208} INFO - Processing /opt/airflow/dags/dag_functions.py took 0.404 seconds
[2025-04-10T19:27:42.910+0000] {processor.py:186} INFO - Started process (PID=158) to work on /opt/airflow/dags/dag_functions.py
[2025-04-10T19:27:42.911+0000] {processor.py:914} INFO - Processing file /opt/airflow/dags/dag_functions.py for tasks to queue
[2025-04-10T19:27:42.913+0000] {logging_mixin.py:190} INFO - [2025-04-10T19:27:42.913+0000] {dagbag.py:588} INFO - Filling up the DagBag from /opt/airflow/dags/dag_functions.py
[2025-04-10T19:27:43.285+0000] {processor.py:927} WARNING - No viable dags retrieved from /opt/airflow/dags/dag_functions.py
[2025-04-10T19:27:43.312+0000] {processor.py:208} INFO - Processing /opt/airflow/dags/dag_functions.py took 0.406 seconds
[2025-04-10T19:28:13.485+0000] {processor.py:186} INFO - Started process (PID=162) to work on /opt/airflow/dags/dag_functions.py
[2025-04-10T19:28:13.486+0000] {processor.py:914} INFO - Processing file /opt/airflow/dags/dag_functions.py for tasks to queue
[2025-04-10T19:28:13.488+0000] {logging_mixin.py:190} INFO - [2025-04-10T19:28:13.488+0000] {dagbag.py:588} INFO - Filling up the DagBag from /opt/airflow/dags/dag_functions.py
[2025-04-10T19:28:13.811+0000] {processor.py:927} WARNING - No viable dags retrieved from /opt/airflow/dags/dag_functions.py
[2025-04-10T19:28:13.840+0000] {processor.py:208} INFO - Processing /opt/airflow/dags/dag_functions.py took 0.359 seconds
[2025-04-10T19:28:44.246+0000] {processor.py:186} INFO - Started process (PID=166) to work on /opt/airflow/dags/dag_functions.py
[2025-04-10T19:28:44.247+0000] {processor.py:914} INFO - Processing file /opt/airflow/dags/dag_functions.py for tasks to queue
[2025-04-10T19:28:44.249+0000] {logging_mixin.py:190} INFO - [2025-04-10T19:28:44.249+0000] {dagbag.py:588} INFO - Filling up the DagBag from /opt/airflow/dags/dag_functions.py
[2025-04-10T19:28:44.596+0000] {processor.py:927} WARNING - No viable dags retrieved from /opt/airflow/dags/dag_functions.py
[2025-04-10T19:28:44.614+0000] {processor.py:208} INFO - Processing /opt/airflow/dags/dag_functions.py took 0.372 seconds
[2025-04-10T19:29:14.936+0000] {processor.py:186} INFO - Started process (PID=170) to work on /opt/airflow/dags/dag_functions.py
[2025-04-10T19:29:14.937+0000] {processor.py:914} INFO - Processing file /opt/airflow/dags/dag_functions.py for tasks to queue
[2025-04-10T19:29:14.940+0000] {logging_mixin.py:190} INFO - [2025-04-10T19:29:14.939+0000] {dagbag.py:588} INFO - Filling up the DagBag from /opt/airflow/dags/dag_functions.py
[2025-04-10T19:29:15.273+0000] {processor.py:927} WARNING - No viable dags retrieved from /opt/airflow/dags/dag_functions.py
[2025-04-10T19:29:15.286+0000] {processor.py:208} INFO - Processing /opt/airflow/dags/dag_functions.py took 0.354 seconds
[2025-04-10T19:29:45.672+0000] {processor.py:186} INFO - Started process (PID=174) to work on /opt/airflow/dags/dag_functions.py
[2025-04-10T19:29:45.673+0000] {processor.py:914} INFO - Processing file /opt/airflow/dags/dag_functions.py for tasks to queue
[2025-04-10T19:29:45.675+0000] {logging_mixin.py:190} INFO - [2025-04-10T19:29:45.675+0000] {dagbag.py:588} INFO - Filling up the DagBag from /opt/airflow/dags/dag_functions.py
[2025-04-10T19:29:46.069+0000] {processor.py:927} WARNING - No viable dags retrieved from /opt/airflow/dags/dag_functions.py
[2025-04-10T19:29:46.107+0000] {processor.py:208} INFO - Processing /opt/airflow/dags/dag_functions.py took 0.441 seconds
[2025-04-10T19:30:16.392+0000] {processor.py:186} INFO - Started process (PID=178) to work on /opt/airflow/dags/dag_functions.py
[2025-04-10T19:30:16.393+0000] {processor.py:914} INFO - Processing file /opt/airflow/dags/dag_functions.py for tasks to queue
[2025-04-10T19:30:16.396+0000] {logging_mixin.py:190} INFO - [2025-04-10T19:30:16.396+0000] {dagbag.py:588} INFO - Filling up the DagBag from /opt/airflow/dags/dag_functions.py
[2025-04-10T19:30:16.758+0000] {processor.py:927} WARNING - No viable dags retrieved from /opt/airflow/dags/dag_functions.py
[2025-04-10T19:30:16.778+0000] {processor.py:208} INFO - Processing /opt/airflow/dags/dag_functions.py took 0.390 seconds
[2025-04-10T19:30:47.037+0000] {processor.py:186} INFO - Started process (PID=182) to work on /opt/airflow/dags/dag_functions.py
[2025-04-10T19:30:47.038+0000] {processor.py:914} INFO - Processing file /opt/airflow/dags/dag_functions.py for tasks to queue
[2025-04-10T19:30:47.041+0000] {logging_mixin.py:190} INFO - [2025-04-10T19:30:47.040+0000] {dagbag.py:588} INFO - Filling up the DagBag from /opt/airflow/dags/dag_functions.py
[2025-04-10T19:30:47.458+0000] {processor.py:927} WARNING - No viable dags retrieved from /opt/airflow/dags/dag_functions.py
[2025-04-10T19:30:47.480+0000] {processor.py:208} INFO - Processing /opt/airflow/dags/dag_functions.py took 0.450 seconds
[2025-04-10T19:31:17.738+0000] {processor.py:186} INFO - Started process (PID=186) to work on /opt/airflow/dags/dag_functions.py
[2025-04-10T19:31:17.739+0000] {processor.py:914} INFO - Processing file /opt/airflow/dags/dag_functions.py for tasks to queue
[2025-04-10T19:31:17.741+0000] {logging_mixin.py:190} INFO - [2025-04-10T19:31:17.740+0000] {dagbag.py:588} INFO - Filling up the DagBag from /opt/airflow/dags/dag_functions.py
[2025-04-10T19:31:18.186+0000] {processor.py:927} WARNING - No viable dags retrieved from /opt/airflow/dags/dag_functions.py
[2025-04-10T19:31:18.205+0000] {processor.py:208} INFO - Processing /opt/airflow/dags/dag_functions.py took 0.474 seconds
[2025-04-10T19:31:48.507+0000] {processor.py:186} INFO - Started process (PID=190) to work on /opt/airflow/dags/dag_functions.py
[2025-04-10T19:31:48.508+0000] {processor.py:914} INFO - Processing file /opt/airflow/dags/dag_functions.py for tasks to queue
[2025-04-10T19:31:48.510+0000] {logging_mixin.py:190} INFO - [2025-04-10T19:31:48.510+0000] {dagbag.py:588} INFO - Filling up the DagBag from /opt/airflow/dags/dag_functions.py
[2025-04-10T19:31:48.849+0000] {processor.py:927} WARNING - No viable dags retrieved from /opt/airflow/dags/dag_functions.py
[2025-04-10T19:31:48.871+0000] {processor.py:208} INFO - Processing /opt/airflow/dags/dag_functions.py took 0.368 seconds
[2025-04-10T19:32:19.217+0000] {processor.py:186} INFO - Started process (PID=194) to work on /opt/airflow/dags/dag_functions.py
[2025-04-10T19:32:19.218+0000] {processor.py:914} INFO - Processing file /opt/airflow/dags/dag_functions.py for tasks to queue
[2025-04-10T19:32:19.220+0000] {logging_mixin.py:190} INFO - [2025-04-10T19:32:19.219+0000] {dagbag.py:588} INFO - Filling up the DagBag from /opt/airflow/dags/dag_functions.py
[2025-04-10T19:32:19.608+0000] {processor.py:927} WARNING - No viable dags retrieved from /opt/airflow/dags/dag_functions.py
[2025-04-10T19:32:19.632+0000] {processor.py:208} INFO - Processing /opt/airflow/dags/dag_functions.py took 0.420 seconds
[2025-04-10T19:32:49.919+0000] {processor.py:186} INFO - Started process (PID=198) to work on /opt/airflow/dags/dag_functions.py
[2025-04-10T19:32:49.920+0000] {processor.py:914} INFO - Processing file /opt/airflow/dags/dag_functions.py for tasks to queue
[2025-04-10T19:32:49.922+0000] {logging_mixin.py:190} INFO - [2025-04-10T19:32:49.922+0000] {dagbag.py:588} INFO - Filling up the DagBag from /opt/airflow/dags/dag_functions.py
[2025-04-10T19:32:50.259+0000] {processor.py:927} WARNING - No viable dags retrieved from /opt/airflow/dags/dag_functions.py
[2025-04-10T19:32:50.284+0000] {processor.py:208} INFO - Processing /opt/airflow/dags/dag_functions.py took 0.370 seconds
[2025-04-10T19:33:20.573+0000] {processor.py:186} INFO - Started process (PID=202) to work on /opt/airflow/dags/dag_functions.py
[2025-04-10T19:33:20.575+0000] {processor.py:914} INFO - Processing file /opt/airflow/dags/dag_functions.py for tasks to queue
[2025-04-10T19:33:20.576+0000] {logging_mixin.py:190} INFO - [2025-04-10T19:33:20.576+0000] {dagbag.py:588} INFO - Filling up the DagBag from /opt/airflow/dags/dag_functions.py
[2025-04-10T19:33:20.934+0000] {processor.py:927} WARNING - No viable dags retrieved from /opt/airflow/dags/dag_functions.py
[2025-04-10T19:33:20.956+0000] {processor.py:208} INFO - Processing /opt/airflow/dags/dag_functions.py took 0.388 seconds
[2025-04-10T19:33:51.180+0000] {processor.py:186} INFO - Started process (PID=206) to work on /opt/airflow/dags/dag_functions.py
[2025-04-10T19:33:51.181+0000] {processor.py:914} INFO - Processing file /opt/airflow/dags/dag_functions.py for tasks to queue
[2025-04-10T19:33:51.183+0000] {logging_mixin.py:190} INFO - [2025-04-10T19:33:51.183+0000] {dagbag.py:588} INFO - Filling up the DagBag from /opt/airflow/dags/dag_functions.py
[2025-04-10T19:33:51.537+0000] {processor.py:927} WARNING - No viable dags retrieved from /opt/airflow/dags/dag_functions.py
[2025-04-10T19:33:51.567+0000] {processor.py:208} INFO - Processing /opt/airflow/dags/dag_functions.py took 0.392 seconds
[2025-04-10T19:34:21.888+0000] {processor.py:186} INFO - Started process (PID=210) to work on /opt/airflow/dags/dag_functions.py
[2025-04-10T19:34:21.888+0000] {processor.py:914} INFO - Processing file /opt/airflow/dags/dag_functions.py for tasks to queue
[2025-04-10T19:34:21.890+0000] {logging_mixin.py:190} INFO - [2025-04-10T19:34:21.890+0000] {dagbag.py:588} INFO - Filling up the DagBag from /opt/airflow/dags/dag_functions.py
[2025-04-10T19:34:22.311+0000] {processor.py:927} WARNING - No viable dags retrieved from /opt/airflow/dags/dag_functions.py
[2025-04-10T19:34:22.332+0000] {processor.py:208} INFO - Processing /opt/airflow/dags/dag_functions.py took 0.450 seconds
[2025-04-10T19:34:52.571+0000] {processor.py:186} INFO - Started process (PID=214) to work on /opt/airflow/dags/dag_functions.py
[2025-04-10T19:34:52.572+0000] {processor.py:914} INFO - Processing file /opt/airflow/dags/dag_functions.py for tasks to queue
[2025-04-10T19:34:52.574+0000] {logging_mixin.py:190} INFO - [2025-04-10T19:34:52.573+0000] {dagbag.py:588} INFO - Filling up the DagBag from /opt/airflow/dags/dag_functions.py
[2025-04-10T19:34:52.921+0000] {processor.py:927} WARNING - No viable dags retrieved from /opt/airflow/dags/dag_functions.py
[2025-04-10T19:34:52.948+0000] {processor.py:208} INFO - Processing /opt/airflow/dags/dag_functions.py took 0.381 seconds
[2025-04-10T19:35:24.392+0000] {processor.py:186} INFO - Started process (PID=218) to work on /opt/airflow/dags/dag_functions.py
[2025-04-10T19:35:24.393+0000] {processor.py:914} INFO - Processing file /opt/airflow/dags/dag_functions.py for tasks to queue
[2025-04-10T19:35:24.396+0000] {logging_mixin.py:190} INFO - [2025-04-10T19:35:24.396+0000] {dagbag.py:588} INFO - Filling up the DagBag from /opt/airflow/dags/dag_functions.py
[2025-04-10T19:35:24.755+0000] {processor.py:927} WARNING - No viable dags retrieved from /opt/airflow/dags/dag_functions.py
[2025-04-10T19:35:24.775+0000] {processor.py:208} INFO - Processing /opt/airflow/dags/dag_functions.py took 0.389 seconds
[2025-04-10T19:35:55.294+0000] {processor.py:186} INFO - Started process (PID=222) to work on /opt/airflow/dags/dag_functions.py
[2025-04-10T19:35:55.295+0000] {processor.py:914} INFO - Processing file /opt/airflow/dags/dag_functions.py for tasks to queue
[2025-04-10T19:35:55.298+0000] {logging_mixin.py:190} INFO - [2025-04-10T19:35:55.297+0000] {dagbag.py:588} INFO - Filling up the DagBag from /opt/airflow/dags/dag_functions.py
[2025-04-10T19:35:55.621+0000] {processor.py:927} WARNING - No viable dags retrieved from /opt/airflow/dags/dag_functions.py
[2025-04-10T19:35:55.643+0000] {processor.py:208} INFO - Processing /opt/airflow/dags/dag_functions.py took 0.354 seconds
[2025-04-10T19:36:26.113+0000] {processor.py:186} INFO - Started process (PID=226) to work on /opt/airflow/dags/dag_functions.py
[2025-04-10T19:36:26.114+0000] {processor.py:914} INFO - Processing file /opt/airflow/dags/dag_functions.py for tasks to queue
[2025-04-10T19:36:26.116+0000] {logging_mixin.py:190} INFO - [2025-04-10T19:36:26.116+0000] {dagbag.py:588} INFO - Filling up the DagBag from /opt/airflow/dags/dag_functions.py
[2025-04-10T19:36:26.460+0000] {processor.py:927} WARNING - No viable dags retrieved from /opt/airflow/dags/dag_functions.py
[2025-04-10T19:36:26.489+0000] {processor.py:208} INFO - Processing /opt/airflow/dags/dag_functions.py took 0.383 seconds
[2025-04-10T19:36:57.062+0000] {processor.py:186} INFO - Started process (PID=230) to work on /opt/airflow/dags/dag_functions.py
[2025-04-10T19:36:57.063+0000] {processor.py:914} INFO - Processing file /opt/airflow/dags/dag_functions.py for tasks to queue
[2025-04-10T19:36:57.065+0000] {logging_mixin.py:190} INFO - [2025-04-10T19:36:57.065+0000] {dagbag.py:588} INFO - Filling up the DagBag from /opt/airflow/dags/dag_functions.py
[2025-04-10T19:36:57.470+0000] {processor.py:927} WARNING - No viable dags retrieved from /opt/airflow/dags/dag_functions.py
[2025-04-10T19:36:57.487+0000] {processor.py:208} INFO - Processing /opt/airflow/dags/dag_functions.py took 0.430 seconds
[2025-04-10T19:37:27.924+0000] {processor.py:186} INFO - Started process (PID=234) to work on /opt/airflow/dags/dag_functions.py
[2025-04-10T19:37:27.925+0000] {processor.py:914} INFO - Processing file /opt/airflow/dags/dag_functions.py for tasks to queue
[2025-04-10T19:37:27.926+0000] {logging_mixin.py:190} INFO - [2025-04-10T19:37:27.926+0000] {dagbag.py:588} INFO - Filling up the DagBag from /opt/airflow/dags/dag_functions.py
[2025-04-10T19:37:28.255+0000] {processor.py:927} WARNING - No viable dags retrieved from /opt/airflow/dags/dag_functions.py
[2025-04-10T19:37:28.279+0000] {processor.py:208} INFO - Processing /opt/airflow/dags/dag_functions.py took 0.360 seconds
[2025-04-10T19:37:58.540+0000] {processor.py:186} INFO - Started process (PID=238) to work on /opt/airflow/dags/dag_functions.py
[2025-04-10T19:37:58.541+0000] {processor.py:914} INFO - Processing file /opt/airflow/dags/dag_functions.py for tasks to queue
[2025-04-10T19:37:58.543+0000] {logging_mixin.py:190} INFO - [2025-04-10T19:37:58.543+0000] {dagbag.py:588} INFO - Filling up the DagBag from /opt/airflow/dags/dag_functions.py
[2025-04-10T19:37:58.904+0000] {processor.py:927} WARNING - No viable dags retrieved from /opt/airflow/dags/dag_functions.py
[2025-04-10T19:37:58.930+0000] {processor.py:208} INFO - Processing /opt/airflow/dags/dag_functions.py took 0.395 seconds
[2025-04-10T19:38:30.120+0000] {processor.py:186} INFO - Started process (PID=242) to work on /opt/airflow/dags/dag_functions.py
[2025-04-10T19:38:30.121+0000] {processor.py:914} INFO - Processing file /opt/airflow/dags/dag_functions.py for tasks to queue
[2025-04-10T19:38:30.122+0000] {logging_mixin.py:190} INFO - [2025-04-10T19:38:30.122+0000] {dagbag.py:588} INFO - Filling up the DagBag from /opt/airflow/dags/dag_functions.py
[2025-04-10T19:38:30.489+0000] {processor.py:927} WARNING - No viable dags retrieved from /opt/airflow/dags/dag_functions.py
[2025-04-10T19:38:30.520+0000] {processor.py:208} INFO - Processing /opt/airflow/dags/dag_functions.py took 0.405 seconds
