[2025-04-10T19:08:08.720+0000] {processor.py:186} INFO - Started process (PID=56) to work on /opt/airflow/dags/etl_process.py
[2025-04-10T19:08:08.722+0000] {processor.py:914} INFO - Processing file /opt/airflow/dags/etl_process.py for tasks to queue
[2025-04-10T19:08:08.726+0000] {logging_mixin.py:190} INFO - [2025-04-10T19:08:08.725+0000] {dagbag.py:588} INFO - Filling up the DagBag from /opt/airflow/dags/etl_process.py
[2025-04-10T19:08:11.092+0000] {processor.py:925} INFO - DAG(s) 'Glassdoor_ETL_Analytics' retrieved from /opt/airflow/dags/etl_process.py
[2025-04-10T19:08:11.150+0000] {logging_mixin.py:190} INFO - [2025-04-10T19:08:11.149+0000] {dag.py:3239} INFO - Sync 1 DAGs
[2025-04-10T19:08:11.187+0000] {logging_mixin.py:190} INFO - [2025-04-10T19:08:11.187+0000] {dag.py:4180} INFO - Setting next_dagrun for Glassdoor_ETL_Analytics to 2025-04-09 00:00:00+00:00, run_after=2025-04-10 00:00:00+00:00
[2025-04-10T19:08:11.250+0000] {processor.py:208} INFO - Processing /opt/airflow/dags/etl_process.py took 2.541 seconds
[2025-04-10T19:08:42.211+0000] {processor.py:186} INFO - Started process (PID=116) to work on /opt/airflow/dags/etl_process.py
[2025-04-10T19:08:42.211+0000] {processor.py:914} INFO - Processing file /opt/airflow/dags/etl_process.py for tasks to queue
[2025-04-10T19:08:42.214+0000] {logging_mixin.py:190} INFO - [2025-04-10T19:08:42.213+0000] {dagbag.py:588} INFO - Filling up the DagBag from /opt/airflow/dags/etl_process.py
[2025-04-10T19:08:42.590+0000] {processor.py:925} INFO - DAG(s) 'Glassdoor_ETL_Analytics' retrieved from /opt/airflow/dags/etl_process.py
[2025-04-10T19:08:42.626+0000] {logging_mixin.py:190} INFO - [2025-04-10T19:08:42.626+0000] {dag.py:3239} INFO - Sync 1 DAGs
[2025-04-10T19:08:42.655+0000] {logging_mixin.py:190} INFO - [2025-04-10T19:08:42.654+0000] {dag.py:4180} INFO - Setting next_dagrun for Glassdoor_ETL_Analytics to 2025-04-10 00:00:00+00:00, run_after=2025-04-11 00:00:00+00:00
[2025-04-10T19:08:42.722+0000] {processor.py:208} INFO - Processing /opt/airflow/dags/etl_process.py took 0.516 seconds
[2025-04-10T19:09:12.886+0000] {processor.py:186} INFO - Started process (PID=156) to work on /opt/airflow/dags/etl_process.py
[2025-04-10T19:09:12.887+0000] {processor.py:914} INFO - Processing file /opt/airflow/dags/etl_process.py for tasks to queue
[2025-04-10T19:09:12.889+0000] {logging_mixin.py:190} INFO - [2025-04-10T19:09:12.889+0000] {dagbag.py:588} INFO - Filling up the DagBag from /opt/airflow/dags/etl_process.py
[2025-04-10T19:09:13.295+0000] {processor.py:925} INFO - DAG(s) 'Glassdoor_ETL_Analytics' retrieved from /opt/airflow/dags/etl_process.py
[2025-04-10T19:09:13.318+0000] {logging_mixin.py:190} INFO - [2025-04-10T19:09:13.317+0000] {dag.py:3239} INFO - Sync 1 DAGs
[2025-04-10T19:09:13.341+0000] {logging_mixin.py:190} INFO - [2025-04-10T19:09:13.341+0000] {dag.py:4180} INFO - Setting next_dagrun for Glassdoor_ETL_Analytics to 2025-04-10 00:00:00+00:00, run_after=2025-04-11 00:00:00+00:00
[2025-04-10T19:09:13.445+0000] {processor.py:208} INFO - Processing /opt/airflow/dags/etl_process.py took 0.565 seconds
[2025-04-10T19:09:44.177+0000] {processor.py:186} INFO - Started process (PID=160) to work on /opt/airflow/dags/etl_process.py
[2025-04-10T19:09:44.179+0000] {processor.py:914} INFO - Processing file /opt/airflow/dags/etl_process.py for tasks to queue
[2025-04-10T19:09:44.182+0000] {logging_mixin.py:190} INFO - [2025-04-10T19:09:44.181+0000] {dagbag.py:588} INFO - Filling up the DagBag from /opt/airflow/dags/etl_process.py
[2025-04-10T19:09:44.728+0000] {processor.py:925} INFO - DAG(s) 'Glassdoor_ETL_Analytics' retrieved from /opt/airflow/dags/etl_process.py
[2025-04-10T19:09:44.757+0000] {logging_mixin.py:190} INFO - [2025-04-10T19:09:44.757+0000] {dag.py:3239} INFO - Sync 1 DAGs
[2025-04-10T19:09:44.782+0000] {logging_mixin.py:190} INFO - [2025-04-10T19:09:44.782+0000] {dag.py:4180} INFO - Setting next_dagrun for Glassdoor_ETL_Analytics to 2025-04-10 00:00:00+00:00, run_after=2025-04-11 00:00:00+00:00
[2025-04-10T19:09:44.850+0000] {processor.py:208} INFO - Processing /opt/airflow/dags/etl_process.py took 0.681 seconds
[2025-04-10T19:10:15.874+0000] {processor.py:186} INFO - Started process (PID=164) to work on /opt/airflow/dags/etl_process.py
[2025-04-10T19:10:15.876+0000] {processor.py:914} INFO - Processing file /opt/airflow/dags/etl_process.py for tasks to queue
[2025-04-10T19:10:15.879+0000] {logging_mixin.py:190} INFO - [2025-04-10T19:10:15.879+0000] {dagbag.py:588} INFO - Filling up the DagBag from /opt/airflow/dags/etl_process.py
[2025-04-10T19:10:16.378+0000] {processor.py:925} INFO - DAG(s) 'Glassdoor_ETL_Analytics' retrieved from /opt/airflow/dags/etl_process.py
[2025-04-10T19:10:16.404+0000] {logging_mixin.py:190} INFO - [2025-04-10T19:10:16.404+0000] {dag.py:3239} INFO - Sync 1 DAGs
[2025-04-10T19:10:16.426+0000] {logging_mixin.py:190} INFO - [2025-04-10T19:10:16.426+0000] {dag.py:4180} INFO - Setting next_dagrun for Glassdoor_ETL_Analytics to 2025-04-10 00:00:00+00:00, run_after=2025-04-11 00:00:00+00:00
[2025-04-10T19:10:16.488+0000] {processor.py:208} INFO - Processing /opt/airflow/dags/etl_process.py took 0.623 seconds
[2025-04-10T19:10:47.255+0000] {processor.py:186} INFO - Started process (PID=168) to work on /opt/airflow/dags/etl_process.py
[2025-04-10T19:10:47.256+0000] {processor.py:914} INFO - Processing file /opt/airflow/dags/etl_process.py for tasks to queue
[2025-04-10T19:10:47.259+0000] {logging_mixin.py:190} INFO - [2025-04-10T19:10:47.259+0000] {dagbag.py:588} INFO - Filling up the DagBag from /opt/airflow/dags/etl_process.py
[2025-04-10T19:10:47.697+0000] {processor.py:925} INFO - DAG(s) 'Glassdoor_ETL_Analytics' retrieved from /opt/airflow/dags/etl_process.py
[2025-04-10T19:10:47.723+0000] {logging_mixin.py:190} INFO - [2025-04-10T19:10:47.722+0000] {dag.py:3239} INFO - Sync 1 DAGs
[2025-04-10T19:10:47.750+0000] {logging_mixin.py:190} INFO - [2025-04-10T19:10:47.750+0000] {dag.py:4180} INFO - Setting next_dagrun for Glassdoor_ETL_Analytics to 2025-04-10 00:00:00+00:00, run_after=2025-04-11 00:00:00+00:00
[2025-04-10T19:10:47.798+0000] {processor.py:208} INFO - Processing /opt/airflow/dags/etl_process.py took 0.550 seconds
[2025-04-10T19:11:22.095+0000] {processor.py:186} INFO - Started process (PID=210) to work on /opt/airflow/dags/etl_process.py
[2025-04-10T19:11:22.096+0000] {processor.py:914} INFO - Processing file /opt/airflow/dags/etl_process.py for tasks to queue
[2025-04-10T19:11:22.097+0000] {logging_mixin.py:190} INFO - [2025-04-10T19:11:22.097+0000] {dagbag.py:588} INFO - Filling up the DagBag from /opt/airflow/dags/etl_process.py
[2025-04-10T19:11:22.513+0000] {processor.py:925} INFO - DAG(s) 'Glassdoor_ETL_Analytics' retrieved from /opt/airflow/dags/etl_process.py
[2025-04-10T19:11:22.541+0000] {logging_mixin.py:190} INFO - [2025-04-10T19:11:22.541+0000] {dag.py:3239} INFO - Sync 1 DAGs
[2025-04-10T19:11:22.564+0000] {logging_mixin.py:190} INFO - [2025-04-10T19:11:22.564+0000] {dag.py:4180} INFO - Setting next_dagrun for Glassdoor_ETL_Analytics to 2025-04-10 00:00:00+00:00, run_after=2025-04-11 00:00:00+00:00
[2025-04-10T19:11:22.626+0000] {processor.py:208} INFO - Processing /opt/airflow/dags/etl_process.py took 0.536 seconds
[2025-04-10T19:11:52.981+0000] {processor.py:186} INFO - Started process (PID=214) to work on /opt/airflow/dags/etl_process.py
[2025-04-10T19:11:52.982+0000] {processor.py:914} INFO - Processing file /opt/airflow/dags/etl_process.py for tasks to queue
[2025-04-10T19:11:52.985+0000] {logging_mixin.py:190} INFO - [2025-04-10T19:11:52.984+0000] {dagbag.py:588} INFO - Filling up the DagBag from /opt/airflow/dags/etl_process.py
[2025-04-10T19:11:53.385+0000] {processor.py:925} INFO - DAG(s) 'Glassdoor_ETL_Analytics' retrieved from /opt/airflow/dags/etl_process.py
[2025-04-10T19:11:53.417+0000] {logging_mixin.py:190} INFO - [2025-04-10T19:11:53.417+0000] {dag.py:3239} INFO - Sync 1 DAGs
[2025-04-10T19:11:53.439+0000] {logging_mixin.py:190} INFO - [2025-04-10T19:11:53.439+0000] {dag.py:4180} INFO - Setting next_dagrun for Glassdoor_ETL_Analytics to 2025-04-10 00:00:00+00:00, run_after=2025-04-11 00:00:00+00:00
[2025-04-10T19:11:53.500+0000] {processor.py:208} INFO - Processing /opt/airflow/dags/etl_process.py took 0.524 seconds
[2025-04-10T19:12:23.737+0000] {processor.py:186} INFO - Started process (PID=218) to work on /opt/airflow/dags/etl_process.py
[2025-04-10T19:12:23.747+0000] {processor.py:914} INFO - Processing file /opt/airflow/dags/etl_process.py for tasks to queue
[2025-04-10T19:12:23.760+0000] {logging_mixin.py:190} INFO - [2025-04-10T19:12:23.759+0000] {dagbag.py:588} INFO - Filling up the DagBag from /opt/airflow/dags/etl_process.py
[2025-04-10T19:12:25.214+0000] {processor.py:925} INFO - DAG(s) 'Glassdoor_ETL_Analytics' retrieved from /opt/airflow/dags/etl_process.py
[2025-04-10T19:12:25.253+0000] {logging_mixin.py:190} INFO - [2025-04-10T19:12:25.252+0000] {dag.py:3239} INFO - Sync 1 DAGs
[2025-04-10T19:12:25.288+0000] {logging_mixin.py:190} INFO - [2025-04-10T19:12:25.288+0000] {dag.py:4180} INFO - Setting next_dagrun for Glassdoor_ETL_Analytics to 2025-04-10 00:00:00+00:00, run_after=2025-04-11 00:00:00+00:00
[2025-04-10T19:12:25.347+0000] {processor.py:208} INFO - Processing /opt/airflow/dags/etl_process.py took 1.628 seconds
[2025-04-10T19:12:55.780+0000] {processor.py:186} INFO - Started process (PID=222) to work on /opt/airflow/dags/etl_process.py
[2025-04-10T19:12:55.781+0000] {processor.py:914} INFO - Processing file /opt/airflow/dags/etl_process.py for tasks to queue
[2025-04-10T19:12:55.783+0000] {logging_mixin.py:190} INFO - [2025-04-10T19:12:55.782+0000] {dagbag.py:588} INFO - Filling up the DagBag from /opt/airflow/dags/etl_process.py
[2025-04-10T19:12:56.203+0000] {processor.py:925} INFO - DAG(s) 'Glassdoor_ETL_Analytics' retrieved from /opt/airflow/dags/etl_process.py
[2025-04-10T19:12:56.232+0000] {logging_mixin.py:190} INFO - [2025-04-10T19:12:56.232+0000] {dag.py:3239} INFO - Sync 1 DAGs
[2025-04-10T19:12:56.254+0000] {logging_mixin.py:190} INFO - [2025-04-10T19:12:56.254+0000] {dag.py:4180} INFO - Setting next_dagrun for Glassdoor_ETL_Analytics to 2025-04-10 00:00:00+00:00, run_after=2025-04-11 00:00:00+00:00
[2025-04-10T19:12:56.314+0000] {processor.py:208} INFO - Processing /opt/airflow/dags/etl_process.py took 0.539 seconds
[2025-04-10T19:13:26.660+0000] {processor.py:186} INFO - Started process (PID=226) to work on /opt/airflow/dags/etl_process.py
[2025-04-10T19:13:26.661+0000] {processor.py:914} INFO - Processing file /opt/airflow/dags/etl_process.py for tasks to queue
[2025-04-10T19:13:26.663+0000] {logging_mixin.py:190} INFO - [2025-04-10T19:13:26.663+0000] {dagbag.py:588} INFO - Filling up the DagBag from /opt/airflow/dags/etl_process.py
[2025-04-10T19:13:27.086+0000] {processor.py:925} INFO - DAG(s) 'Glassdoor_ETL_Analytics' retrieved from /opt/airflow/dags/etl_process.py
[2025-04-10T19:13:27.123+0000] {logging_mixin.py:190} INFO - [2025-04-10T19:13:27.123+0000] {dag.py:3239} INFO - Sync 1 DAGs
[2025-04-10T19:13:27.151+0000] {logging_mixin.py:190} INFO - [2025-04-10T19:13:27.151+0000] {dag.py:4180} INFO - Setting next_dagrun for Glassdoor_ETL_Analytics to 2025-04-10 00:00:00+00:00, run_after=2025-04-11 00:00:00+00:00
[2025-04-10T19:13:27.196+0000] {processor.py:208} INFO - Processing /opt/airflow/dags/etl_process.py took 0.542 seconds
[2025-04-10T19:13:57.551+0000] {processor.py:186} INFO - Started process (PID=230) to work on /opt/airflow/dags/etl_process.py
[2025-04-10T19:13:57.552+0000] {processor.py:914} INFO - Processing file /opt/airflow/dags/etl_process.py for tasks to queue
[2025-04-10T19:13:57.554+0000] {logging_mixin.py:190} INFO - [2025-04-10T19:13:57.553+0000] {dagbag.py:588} INFO - Filling up the DagBag from /opt/airflow/dags/etl_process.py
[2025-04-10T19:13:57.960+0000] {processor.py:925} INFO - DAG(s) 'Glassdoor_ETL_Analytics' retrieved from /opt/airflow/dags/etl_process.py
[2025-04-10T19:13:57.992+0000] {logging_mixin.py:190} INFO - [2025-04-10T19:13:57.991+0000] {dag.py:3239} INFO - Sync 1 DAGs
[2025-04-10T19:13:58.014+0000] {logging_mixin.py:190} INFO - [2025-04-10T19:13:58.013+0000] {dag.py:4180} INFO - Setting next_dagrun for Glassdoor_ETL_Analytics to 2025-04-10 00:00:00+00:00, run_after=2025-04-11 00:00:00+00:00
[2025-04-10T19:13:58.051+0000] {processor.py:208} INFO - Processing /opt/airflow/dags/etl_process.py took 0.505 seconds
[2025-04-10T19:14:28.458+0000] {processor.py:186} INFO - Started process (PID=234) to work on /opt/airflow/dags/etl_process.py
[2025-04-10T19:14:28.459+0000] {processor.py:914} INFO - Processing file /opt/airflow/dags/etl_process.py for tasks to queue
[2025-04-10T19:14:28.461+0000] {logging_mixin.py:190} INFO - [2025-04-10T19:14:28.461+0000] {dagbag.py:588} INFO - Filling up the DagBag from /opt/airflow/dags/etl_process.py
[2025-04-10T19:14:28.939+0000] {processor.py:925} INFO - DAG(s) 'Glassdoor_ETL_Analytics' retrieved from /opt/airflow/dags/etl_process.py
[2025-04-10T19:14:28.964+0000] {logging_mixin.py:190} INFO - [2025-04-10T19:14:28.963+0000] {dag.py:3239} INFO - Sync 1 DAGs
[2025-04-10T19:14:28.988+0000] {logging_mixin.py:190} INFO - [2025-04-10T19:14:28.988+0000] {dag.py:4180} INFO - Setting next_dagrun for Glassdoor_ETL_Analytics to 2025-04-10 00:00:00+00:00, run_after=2025-04-11 00:00:00+00:00
[2025-04-10T19:14:29.036+0000] {processor.py:208} INFO - Processing /opt/airflow/dags/etl_process.py took 0.584 seconds
[2025-04-10T19:14:59.368+0000] {processor.py:186} INFO - Started process (PID=238) to work on /opt/airflow/dags/etl_process.py
[2025-04-10T19:14:59.369+0000] {processor.py:914} INFO - Processing file /opt/airflow/dags/etl_process.py for tasks to queue
[2025-04-10T19:14:59.372+0000] {logging_mixin.py:190} INFO - [2025-04-10T19:14:59.371+0000] {dagbag.py:588} INFO - Filling up the DagBag from /opt/airflow/dags/etl_process.py
[2025-04-10T19:14:59.833+0000] {processor.py:925} INFO - DAG(s) 'Glassdoor_ETL_Analytics' retrieved from /opt/airflow/dags/etl_process.py
[2025-04-10T19:14:59.855+0000] {logging_mixin.py:190} INFO - [2025-04-10T19:14:59.855+0000] {dag.py:3239} INFO - Sync 1 DAGs
[2025-04-10T19:14:59.883+0000] {logging_mixin.py:190} INFO - [2025-04-10T19:14:59.883+0000] {dag.py:4180} INFO - Setting next_dagrun for Glassdoor_ETL_Analytics to 2025-04-10 00:00:00+00:00, run_after=2025-04-11 00:00:00+00:00
[2025-04-10T19:14:59.919+0000] {processor.py:208} INFO - Processing /opt/airflow/dags/etl_process.py took 0.556 seconds
[2025-04-10T19:15:30.092+0000] {processor.py:186} INFO - Started process (PID=242) to work on /opt/airflow/dags/etl_process.py
[2025-04-10T19:15:30.094+0000] {processor.py:914} INFO - Processing file /opt/airflow/dags/etl_process.py for tasks to queue
[2025-04-10T19:15:30.100+0000] {logging_mixin.py:190} INFO - [2025-04-10T19:15:30.097+0000] {dagbag.py:588} INFO - Filling up the DagBag from /opt/airflow/dags/etl_process.py
[2025-04-10T19:15:30.574+0000] {processor.py:925} INFO - DAG(s) 'Glassdoor_ETL_Analytics' retrieved from /opt/airflow/dags/etl_process.py
[2025-04-10T19:15:30.597+0000] {logging_mixin.py:190} INFO - [2025-04-10T19:15:30.597+0000] {dag.py:3239} INFO - Sync 1 DAGs
[2025-04-10T19:15:30.621+0000] {logging_mixin.py:190} INFO - [2025-04-10T19:15:30.620+0000] {dag.py:4180} INFO - Setting next_dagrun for Glassdoor_ETL_Analytics to 2025-04-10 00:00:00+00:00, run_after=2025-04-11 00:00:00+00:00
[2025-04-10T19:15:30.658+0000] {processor.py:208} INFO - Processing /opt/airflow/dags/etl_process.py took 0.573 seconds
[2025-04-10T19:16:12.065+0000] {processor.py:186} INFO - Started process (PID=60) to work on /opt/airflow/dags/etl_process.py
[2025-04-10T19:16:12.066+0000] {processor.py:914} INFO - Processing file /opt/airflow/dags/etl_process.py for tasks to queue
[2025-04-10T19:16:12.069+0000] {logging_mixin.py:190} INFO - [2025-04-10T19:16:12.068+0000] {dagbag.py:588} INFO - Filling up the DagBag from /opt/airflow/dags/etl_process.py
[2025-04-10T19:16:12.512+0000] {processor.py:925} INFO - DAG(s) 'Glassdoor_ETL_Analytics' retrieved from /opt/airflow/dags/etl_process.py
[2025-04-10T19:16:12.555+0000] {logging_mixin.py:190} INFO - [2025-04-10T19:16:12.554+0000] {dag.py:3239} INFO - Sync 1 DAGs
[2025-04-10T19:16:12.576+0000] {logging_mixin.py:190} INFO - [2025-04-10T19:16:12.576+0000] {dag.py:4180} INFO - Setting next_dagrun for Glassdoor_ETL_Analytics to 2025-04-10 00:00:00+00:00, run_after=2025-04-11 00:00:00+00:00
[2025-04-10T19:16:12.616+0000] {processor.py:208} INFO - Processing /opt/airflow/dags/etl_process.py took 0.557 seconds
[2025-04-10T19:16:43.457+0000] {processor.py:186} INFO - Started process (PID=82) to work on /opt/airflow/dags/etl_process.py
[2025-04-10T19:16:43.457+0000] {processor.py:914} INFO - Processing file /opt/airflow/dags/etl_process.py for tasks to queue
[2025-04-10T19:16:43.459+0000] {logging_mixin.py:190} INFO - [2025-04-10T19:16:43.459+0000] {dagbag.py:588} INFO - Filling up the DagBag from /opt/airflow/dags/etl_process.py
[2025-04-10T19:16:43.820+0000] {processor.py:925} INFO - DAG(s) 'Glassdoor_ETL_Analytics' retrieved from /opt/airflow/dags/etl_process.py
[2025-04-10T19:16:43.841+0000] {logging_mixin.py:190} INFO - [2025-04-10T19:16:43.841+0000] {dag.py:3239} INFO - Sync 1 DAGs
[2025-04-10T19:16:43.860+0000] {logging_mixin.py:190} INFO - [2025-04-10T19:16:43.859+0000] {dag.py:4180} INFO - Setting next_dagrun for Glassdoor_ETL_Analytics to 2025-04-10 00:00:00+00:00, run_after=2025-04-11 00:00:00+00:00
[2025-04-10T19:16:43.900+0000] {processor.py:208} INFO - Processing /opt/airflow/dags/etl_process.py took 0.449 seconds
[2025-04-10T19:17:14.285+0000] {processor.py:186} INFO - Started process (PID=86) to work on /opt/airflow/dags/etl_process.py
[2025-04-10T19:17:14.286+0000] {processor.py:914} INFO - Processing file /opt/airflow/dags/etl_process.py for tasks to queue
[2025-04-10T19:17:14.291+0000] {logging_mixin.py:190} INFO - [2025-04-10T19:17:14.290+0000] {dagbag.py:588} INFO - Filling up the DagBag from /opt/airflow/dags/etl_process.py
[2025-04-10T19:17:14.713+0000] {processor.py:925} INFO - DAG(s) 'Glassdoor_ETL_Analytics' retrieved from /opt/airflow/dags/etl_process.py
[2025-04-10T19:17:14.755+0000] {logging_mixin.py:190} INFO - [2025-04-10T19:17:14.754+0000] {dag.py:3239} INFO - Sync 1 DAGs
[2025-04-10T19:17:14.784+0000] {logging_mixin.py:190} INFO - [2025-04-10T19:17:14.784+0000] {dag.py:4180} INFO - Setting next_dagrun for Glassdoor_ETL_Analytics to 2025-04-10 00:00:00+00:00, run_after=2025-04-11 00:00:00+00:00
[2025-04-10T19:17:14.853+0000] {processor.py:208} INFO - Processing /opt/airflow/dags/etl_process.py took 0.573 seconds
[2025-04-10T19:17:45.051+0000] {processor.py:186} INFO - Started process (PID=90) to work on /opt/airflow/dags/etl_process.py
[2025-04-10T19:17:45.052+0000] {processor.py:914} INFO - Processing file /opt/airflow/dags/etl_process.py for tasks to queue
[2025-04-10T19:17:45.054+0000] {logging_mixin.py:190} INFO - [2025-04-10T19:17:45.054+0000] {dagbag.py:588} INFO - Filling up the DagBag from /opt/airflow/dags/etl_process.py
[2025-04-10T19:17:45.554+0000] {processor.py:925} INFO - DAG(s) 'Glassdoor_ETL_Analytics' retrieved from /opt/airflow/dags/etl_process.py
[2025-04-10T19:17:45.586+0000] {logging_mixin.py:190} INFO - [2025-04-10T19:17:45.585+0000] {dag.py:3239} INFO - Sync 1 DAGs
[2025-04-10T19:17:45.616+0000] {logging_mixin.py:190} INFO - [2025-04-10T19:17:45.616+0000] {dag.py:4180} INFO - Setting next_dagrun for Glassdoor_ETL_Analytics to 2025-04-10 00:00:00+00:00, run_after=2025-04-11 00:00:00+00:00
[2025-04-10T19:17:45.678+0000] {processor.py:208} INFO - Processing /opt/airflow/dags/etl_process.py took 0.633 seconds
[2025-04-10T19:18:16.206+0000] {processor.py:186} INFO - Started process (PID=130) to work on /opt/airflow/dags/etl_process.py
[2025-04-10T19:18:16.207+0000] {processor.py:914} INFO - Processing file /opt/airflow/dags/etl_process.py for tasks to queue
[2025-04-10T19:18:16.209+0000] {logging_mixin.py:190} INFO - [2025-04-10T19:18:16.209+0000] {dagbag.py:588} INFO - Filling up the DagBag from /opt/airflow/dags/etl_process.py
[2025-04-10T19:18:16.690+0000] {processor.py:925} INFO - DAG(s) 'Glassdoor_ETL_Analytics' retrieved from /opt/airflow/dags/etl_process.py
[2025-04-10T19:18:16.717+0000] {logging_mixin.py:190} INFO - [2025-04-10T19:18:16.716+0000] {dag.py:3239} INFO - Sync 1 DAGs
[2025-04-10T19:18:16.738+0000] {logging_mixin.py:190} INFO - [2025-04-10T19:18:16.737+0000] {dag.py:4180} INFO - Setting next_dagrun for Glassdoor_ETL_Analytics to 2025-04-10 00:00:00+00:00, run_after=2025-04-11 00:00:00+00:00
[2025-04-10T19:18:16.784+0000] {processor.py:208} INFO - Processing /opt/airflow/dags/etl_process.py took 0.583 seconds
[2025-04-10T19:18:47.620+0000] {processor.py:186} INFO - Started process (PID=134) to work on /opt/airflow/dags/etl_process.py
[2025-04-10T19:18:47.621+0000] {processor.py:914} INFO - Processing file /opt/airflow/dags/etl_process.py for tasks to queue
[2025-04-10T19:18:47.624+0000] {logging_mixin.py:190} INFO - [2025-04-10T19:18:47.624+0000] {dagbag.py:588} INFO - Filling up the DagBag from /opt/airflow/dags/etl_process.py
[2025-04-10T19:18:47.984+0000] {processor.py:925} INFO - DAG(s) 'Glassdoor_ETL_Analytics' retrieved from /opt/airflow/dags/etl_process.py
[2025-04-10T19:18:48.019+0000] {logging_mixin.py:190} INFO - [2025-04-10T19:18:48.018+0000] {dag.py:3239} INFO - Sync 1 DAGs
[2025-04-10T19:18:48.046+0000] {logging_mixin.py:190} INFO - [2025-04-10T19:18:48.046+0000] {dag.py:4180} INFO - Setting next_dagrun for Glassdoor_ETL_Analytics to 2025-04-10 00:00:00+00:00, run_after=2025-04-11 00:00:00+00:00
[2025-04-10T19:18:48.120+0000] {processor.py:208} INFO - Processing /opt/airflow/dags/etl_process.py took 0.506 seconds
[2025-04-10T19:19:18.724+0000] {processor.py:186} INFO - Started process (PID=138) to work on /opt/airflow/dags/etl_process.py
[2025-04-10T19:19:18.725+0000] {processor.py:914} INFO - Processing file /opt/airflow/dags/etl_process.py for tasks to queue
[2025-04-10T19:19:18.727+0000] {logging_mixin.py:190} INFO - [2025-04-10T19:19:18.727+0000] {dagbag.py:588} INFO - Filling up the DagBag from /opt/airflow/dags/etl_process.py
[2025-04-10T19:19:19.151+0000] {processor.py:925} INFO - DAG(s) 'Glassdoor_ETL_Analytics' retrieved from /opt/airflow/dags/etl_process.py
[2025-04-10T19:19:19.178+0000] {logging_mixin.py:190} INFO - [2025-04-10T19:19:19.177+0000] {dag.py:3239} INFO - Sync 1 DAGs
[2025-04-10T19:19:19.205+0000] {logging_mixin.py:190} INFO - [2025-04-10T19:19:19.205+0000] {dag.py:4180} INFO - Setting next_dagrun for Glassdoor_ETL_Analytics to 2025-04-10 00:00:00+00:00, run_after=2025-04-11 00:00:00+00:00
[2025-04-10T19:19:19.256+0000] {processor.py:208} INFO - Processing /opt/airflow/dags/etl_process.py took 0.537 seconds
[2025-04-10T19:19:49.975+0000] {processor.py:186} INFO - Started process (PID=142) to work on /opt/airflow/dags/etl_process.py
[2025-04-10T19:19:49.976+0000] {processor.py:914} INFO - Processing file /opt/airflow/dags/etl_process.py for tasks to queue
[2025-04-10T19:19:49.979+0000] {logging_mixin.py:190} INFO - [2025-04-10T19:19:49.979+0000] {dagbag.py:588} INFO - Filling up the DagBag from /opt/airflow/dags/etl_process.py
[2025-04-10T19:19:50.381+0000] {processor.py:925} INFO - DAG(s) 'Glassdoor_ETL_Analytics' retrieved from /opt/airflow/dags/etl_process.py
[2025-04-10T19:19:50.409+0000] {logging_mixin.py:190} INFO - [2025-04-10T19:19:50.409+0000] {dag.py:3239} INFO - Sync 1 DAGs
[2025-04-10T19:19:50.437+0000] {logging_mixin.py:190} INFO - [2025-04-10T19:19:50.437+0000] {dag.py:4180} INFO - Setting next_dagrun for Glassdoor_ETL_Analytics to 2025-04-10 00:00:00+00:00, run_after=2025-04-11 00:00:00+00:00
[2025-04-10T19:19:50.490+0000] {processor.py:208} INFO - Processing /opt/airflow/dags/etl_process.py took 0.522 seconds
[2025-04-10T19:20:21.067+0000] {processor.py:186} INFO - Started process (PID=146) to work on /opt/airflow/dags/etl_process.py
[2025-04-10T19:20:21.068+0000] {processor.py:914} INFO - Processing file /opt/airflow/dags/etl_process.py for tasks to queue
[2025-04-10T19:20:21.070+0000] {logging_mixin.py:190} INFO - [2025-04-10T19:20:21.069+0000] {dagbag.py:588} INFO - Filling up the DagBag from /opt/airflow/dags/etl_process.py
[2025-04-10T19:20:21.446+0000] {processor.py:925} INFO - DAG(s) 'Glassdoor_ETL_Analytics' retrieved from /opt/airflow/dags/etl_process.py
[2025-04-10T19:20:21.478+0000] {logging_mixin.py:190} INFO - [2025-04-10T19:20:21.478+0000] {dag.py:3239} INFO - Sync 1 DAGs
[2025-04-10T19:20:21.505+0000] {logging_mixin.py:190} INFO - [2025-04-10T19:20:21.504+0000] {dag.py:4180} INFO - Setting next_dagrun for Glassdoor_ETL_Analytics to 2025-04-10 00:00:00+00:00, run_after=2025-04-11 00:00:00+00:00
[2025-04-10T19:20:21.562+0000] {processor.py:208} INFO - Processing /opt/airflow/dags/etl_process.py took 0.499 seconds
[2025-04-10T19:20:52.258+0000] {processor.py:186} INFO - Started process (PID=150) to work on /opt/airflow/dags/etl_process.py
[2025-04-10T19:20:52.259+0000] {processor.py:914} INFO - Processing file /opt/airflow/dags/etl_process.py for tasks to queue
[2025-04-10T19:20:52.261+0000] {logging_mixin.py:190} INFO - [2025-04-10T19:20:52.260+0000] {dagbag.py:588} INFO - Filling up the DagBag from /opt/airflow/dags/etl_process.py
[2025-04-10T19:20:52.667+0000] {processor.py:925} INFO - DAG(s) 'Glassdoor_ETL_Analytics' retrieved from /opt/airflow/dags/etl_process.py
[2025-04-10T19:20:52.694+0000] {logging_mixin.py:190} INFO - [2025-04-10T19:20:52.694+0000] {dag.py:3239} INFO - Sync 1 DAGs
[2025-04-10T19:20:52.724+0000] {logging_mixin.py:190} INFO - [2025-04-10T19:20:52.724+0000] {dag.py:4180} INFO - Setting next_dagrun for Glassdoor_ETL_Analytics to 2025-04-10 00:00:00+00:00, run_after=2025-04-11 00:00:00+00:00
[2025-04-10T19:20:52.774+0000] {processor.py:208} INFO - Processing /opt/airflow/dags/etl_process.py took 0.521 seconds
[2025-04-10T19:21:23.260+0000] {processor.py:186} INFO - Started process (PID=154) to work on /opt/airflow/dags/etl_process.py
[2025-04-10T19:21:23.261+0000] {processor.py:914} INFO - Processing file /opt/airflow/dags/etl_process.py for tasks to queue
[2025-04-10T19:21:23.263+0000] {logging_mixin.py:190} INFO - [2025-04-10T19:21:23.263+0000] {dagbag.py:588} INFO - Filling up the DagBag from /opt/airflow/dags/etl_process.py
[2025-04-10T19:21:23.626+0000] {processor.py:925} INFO - DAG(s) 'Glassdoor_ETL_Analytics' retrieved from /opt/airflow/dags/etl_process.py
[2025-04-10T19:21:23.659+0000] {logging_mixin.py:190} INFO - [2025-04-10T19:21:23.659+0000] {dag.py:3239} INFO - Sync 1 DAGs
[2025-04-10T19:21:23.686+0000] {logging_mixin.py:190} INFO - [2025-04-10T19:21:23.686+0000] {dag.py:4180} INFO - Setting next_dagrun for Glassdoor_ETL_Analytics to 2025-04-10 00:00:00+00:00, run_after=2025-04-11 00:00:00+00:00
[2025-04-10T19:21:23.738+0000] {processor.py:208} INFO - Processing /opt/airflow/dags/etl_process.py took 0.486 seconds
[2025-04-10T19:21:54.455+0000] {processor.py:186} INFO - Started process (PID=158) to work on /opt/airflow/dags/etl_process.py
[2025-04-10T19:21:54.456+0000] {processor.py:914} INFO - Processing file /opt/airflow/dags/etl_process.py for tasks to queue
[2025-04-10T19:21:54.459+0000] {logging_mixin.py:190} INFO - [2025-04-10T19:21:54.458+0000] {dagbag.py:588} INFO - Filling up the DagBag from /opt/airflow/dags/etl_process.py
[2025-04-10T19:21:54.863+0000] {processor.py:925} INFO - DAG(s) 'Glassdoor_ETL_Analytics' retrieved from /opt/airflow/dags/etl_process.py
[2025-04-10T19:21:54.890+0000] {logging_mixin.py:190} INFO - [2025-04-10T19:21:54.889+0000] {dag.py:3239} INFO - Sync 1 DAGs
[2025-04-10T19:21:54.918+0000] {logging_mixin.py:190} INFO - [2025-04-10T19:21:54.918+0000] {dag.py:4180} INFO - Setting next_dagrun for Glassdoor_ETL_Analytics to 2025-04-10 00:00:00+00:00, run_after=2025-04-11 00:00:00+00:00
[2025-04-10T19:21:54.970+0000] {processor.py:208} INFO - Processing /opt/airflow/dags/etl_process.py took 0.522 seconds
[2025-04-10T19:22:25.201+0000] {processor.py:186} INFO - Started process (PID=162) to work on /opt/airflow/dags/etl_process.py
[2025-04-10T19:22:25.202+0000] {processor.py:914} INFO - Processing file /opt/airflow/dags/etl_process.py for tasks to queue
[2025-04-10T19:22:25.204+0000] {logging_mixin.py:190} INFO - [2025-04-10T19:22:25.203+0000] {dagbag.py:588} INFO - Filling up the DagBag from /opt/airflow/dags/etl_process.py
[2025-04-10T19:22:25.595+0000] {processor.py:925} INFO - DAG(s) 'Glassdoor_ETL_Analytics' retrieved from /opt/airflow/dags/etl_process.py
[2025-04-10T19:22:25.631+0000] {logging_mixin.py:190} INFO - [2025-04-10T19:22:25.630+0000] {dag.py:3239} INFO - Sync 1 DAGs
[2025-04-10T19:22:25.656+0000] {logging_mixin.py:190} INFO - [2025-04-10T19:22:25.656+0000] {dag.py:4180} INFO - Setting next_dagrun for Glassdoor_ETL_Analytics to 2025-04-10 00:00:00+00:00, run_after=2025-04-11 00:00:00+00:00
[2025-04-10T19:22:25.690+0000] {processor.py:208} INFO - Processing /opt/airflow/dags/etl_process.py took 0.494 seconds
[2025-04-10T19:22:56.208+0000] {processor.py:186} INFO - Started process (PID=166) to work on /opt/airflow/dags/etl_process.py
[2025-04-10T19:22:56.209+0000] {processor.py:914} INFO - Processing file /opt/airflow/dags/etl_process.py for tasks to queue
[2025-04-10T19:22:56.211+0000] {logging_mixin.py:190} INFO - [2025-04-10T19:22:56.210+0000] {dagbag.py:588} INFO - Filling up the DagBag from /opt/airflow/dags/etl_process.py
[2025-04-10T19:22:56.643+0000] {processor.py:925} INFO - DAG(s) 'Glassdoor_ETL_Analytics' retrieved from /opt/airflow/dags/etl_process.py
[2025-04-10T19:22:56.670+0000] {logging_mixin.py:190} INFO - [2025-04-10T19:22:56.670+0000] {dag.py:3239} INFO - Sync 1 DAGs
[2025-04-10T19:22:56.695+0000] {logging_mixin.py:190} INFO - [2025-04-10T19:22:56.695+0000] {dag.py:4180} INFO - Setting next_dagrun for Glassdoor_ETL_Analytics to 2025-04-10 00:00:00+00:00, run_after=2025-04-11 00:00:00+00:00
[2025-04-10T19:22:56.748+0000] {processor.py:208} INFO - Processing /opt/airflow/dags/etl_process.py took 0.545 seconds
[2025-04-10T19:23:02.001+0000] {processor.py:186} INFO - Started process (PID=168) to work on /opt/airflow/dags/etl_process.py
[2025-04-10T19:23:02.002+0000] {processor.py:914} INFO - Processing file /opt/airflow/dags/etl_process.py for tasks to queue
[2025-04-10T19:23:02.005+0000] {logging_mixin.py:190} INFO - [2025-04-10T19:23:02.004+0000] {dagbag.py:588} INFO - Filling up the DagBag from /opt/airflow/dags/etl_process.py
[2025-04-10T19:23:02.418+0000] {processor.py:925} INFO - DAG(s) 'Glassdoor_ETL_Analytics' retrieved from /opt/airflow/dags/etl_process.py
[2025-04-10T19:23:02.575+0000] {logging_mixin.py:190} INFO - [2025-04-10T19:23:02.575+0000] {dag.py:3239} INFO - Sync 1 DAGs
[2025-04-10T19:23:02.605+0000] {logging_mixin.py:190} INFO - [2025-04-10T19:23:02.604+0000] {dag.py:4180} INFO - Setting next_dagrun for Glassdoor_ETL_Analytics to 2025-04-10 00:00:00+00:00, run_after=2025-04-11 00:00:00+00:00
[2025-04-10T19:23:02.673+0000] {processor.py:208} INFO - Processing /opt/airflow/dags/etl_process.py took 0.677 seconds
[2025-04-10T19:23:28.883+0000] {processor.py:186} INFO - Started process (PID=56) to work on /opt/airflow/dags/etl_process.py
[2025-04-10T19:23:28.884+0000] {processor.py:914} INFO - Processing file /opt/airflow/dags/etl_process.py for tasks to queue
[2025-04-10T19:23:28.887+0000] {logging_mixin.py:190} INFO - [2025-04-10T19:23:28.887+0000] {dagbag.py:588} INFO - Filling up the DagBag from /opt/airflow/dags/etl_process.py
[2025-04-10T19:23:30.118+0000] {processor.py:925} INFO - DAG(s) 'Glassdoor_ETL_Analytics' retrieved from /opt/airflow/dags/etl_process.py
[2025-04-10T19:23:30.135+0000] {logging_mixin.py:190} INFO - [2025-04-10T19:23:30.134+0000] {dag.py:3239} INFO - Sync 1 DAGs
[2025-04-10T19:23:30.165+0000] {logging_mixin.py:190} INFO - [2025-04-10T19:23:30.165+0000] {dag.py:4180} INFO - Setting next_dagrun for Glassdoor_ETL_Analytics to 2025-04-10 00:00:00+00:00, run_after=2025-04-11 00:00:00+00:00
[2025-04-10T19:23:30.214+0000] {processor.py:208} INFO - Processing /opt/airflow/dags/etl_process.py took 1.337 seconds
[2025-04-10T19:24:02.672+0000] {processor.py:186} INFO - Started process (PID=104) to work on /opt/airflow/dags/etl_process.py
[2025-04-10T19:24:02.673+0000] {processor.py:914} INFO - Processing file /opt/airflow/dags/etl_process.py for tasks to queue
[2025-04-10T19:24:02.675+0000] {logging_mixin.py:190} INFO - [2025-04-10T19:24:02.674+0000] {dagbag.py:588} INFO - Filling up the DagBag from /opt/airflow/dags/etl_process.py
[2025-04-10T19:24:03.041+0000] {processor.py:925} INFO - DAG(s) 'Glassdoor_ETL_Analytics' retrieved from /opt/airflow/dags/etl_process.py
[2025-04-10T19:24:03.083+0000] {logging_mixin.py:190} INFO - [2025-04-10T19:24:03.082+0000] {dag.py:3239} INFO - Sync 1 DAGs
[2025-04-10T19:24:03.114+0000] {logging_mixin.py:190} INFO - [2025-04-10T19:24:03.114+0000] {dag.py:4180} INFO - Setting next_dagrun for Glassdoor_ETL_Analytics to 2025-04-10 00:00:00+00:00, run_after=2025-04-11 00:00:00+00:00
[2025-04-10T19:24:03.177+0000] {processor.py:208} INFO - Processing /opt/airflow/dags/etl_process.py took 0.511 seconds
[2025-04-10T19:24:33.993+0000] {processor.py:186} INFO - Started process (PID=132) to work on /opt/airflow/dags/etl_process.py
[2025-04-10T19:24:33.993+0000] {processor.py:914} INFO - Processing file /opt/airflow/dags/etl_process.py for tasks to queue
[2025-04-10T19:24:33.995+0000] {logging_mixin.py:190} INFO - [2025-04-10T19:24:33.995+0000] {dagbag.py:588} INFO - Filling up the DagBag from /opt/airflow/dags/etl_process.py
[2025-04-10T19:24:34.353+0000] {processor.py:925} INFO - DAG(s) 'Glassdoor_ETL_Analytics' retrieved from /opt/airflow/dags/etl_process.py
[2025-04-10T19:24:34.388+0000] {logging_mixin.py:190} INFO - [2025-04-10T19:24:34.388+0000] {dag.py:3239} INFO - Sync 1 DAGs
[2025-04-10T19:24:34.414+0000] {logging_mixin.py:190} INFO - [2025-04-10T19:24:34.413+0000] {dag.py:4180} INFO - Setting next_dagrun for Glassdoor_ETL_Analytics to 2025-04-10 00:00:00+00:00, run_after=2025-04-11 00:00:00+00:00
[2025-04-10T19:24:34.459+0000] {processor.py:208} INFO - Processing /opt/airflow/dags/etl_process.py took 0.472 seconds
[2025-04-10T19:25:05.549+0000] {processor.py:186} INFO - Started process (PID=136) to work on /opt/airflow/dags/etl_process.py
[2025-04-10T19:25:05.550+0000] {processor.py:914} INFO - Processing file /opt/airflow/dags/etl_process.py for tasks to queue
[2025-04-10T19:25:05.552+0000] {logging_mixin.py:190} INFO - [2025-04-10T19:25:05.552+0000] {dagbag.py:588} INFO - Filling up the DagBag from /opt/airflow/dags/etl_process.py
[2025-04-10T19:25:05.942+0000] {processor.py:925} INFO - DAG(s) 'Glassdoor_ETL_Analytics' retrieved from /opt/airflow/dags/etl_process.py
[2025-04-10T19:25:05.975+0000] {logging_mixin.py:190} INFO - [2025-04-10T19:25:05.974+0000] {dag.py:3239} INFO - Sync 1 DAGs
[2025-04-10T19:25:06.001+0000] {logging_mixin.py:190} INFO - [2025-04-10T19:25:06.001+0000] {dag.py:4180} INFO - Setting next_dagrun for Glassdoor_ETL_Analytics to 2025-04-10 00:00:00+00:00, run_after=2025-04-11 00:00:00+00:00
[2025-04-10T19:25:06.052+0000] {processor.py:208} INFO - Processing /opt/airflow/dags/etl_process.py took 0.508 seconds
[2025-04-10T19:25:36.196+0000] {processor.py:186} INFO - Started process (PID=140) to work on /opt/airflow/dags/etl_process.py
[2025-04-10T19:25:36.197+0000] {processor.py:914} INFO - Processing file /opt/airflow/dags/etl_process.py for tasks to queue
[2025-04-10T19:25:36.199+0000] {logging_mixin.py:190} INFO - [2025-04-10T19:25:36.199+0000] {dagbag.py:588} INFO - Filling up the DagBag from /opt/airflow/dags/etl_process.py
[2025-04-10T19:25:36.644+0000] {processor.py:925} INFO - DAG(s) 'Glassdoor_ETL_Analytics' retrieved from /opt/airflow/dags/etl_process.py
[2025-04-10T19:25:36.674+0000] {logging_mixin.py:190} INFO - [2025-04-10T19:25:36.674+0000] {dag.py:3239} INFO - Sync 1 DAGs
[2025-04-10T19:25:36.703+0000] {logging_mixin.py:190} INFO - [2025-04-10T19:25:36.702+0000] {dag.py:4180} INFO - Setting next_dagrun for Glassdoor_ETL_Analytics to 2025-04-10 00:00:00+00:00, run_after=2025-04-11 00:00:00+00:00
[2025-04-10T19:25:36.804+0000] {processor.py:208} INFO - Processing /opt/airflow/dags/etl_process.py took 0.612 seconds
[2025-04-10T19:26:07.987+0000] {processor.py:186} INFO - Started process (PID=144) to work on /opt/airflow/dags/etl_process.py
[2025-04-10T19:26:07.988+0000] {processor.py:914} INFO - Processing file /opt/airflow/dags/etl_process.py for tasks to queue
[2025-04-10T19:26:07.990+0000] {logging_mixin.py:190} INFO - [2025-04-10T19:26:07.990+0000] {dagbag.py:588} INFO - Filling up the DagBag from /opt/airflow/dags/etl_process.py
[2025-04-10T19:26:08.354+0000] {processor.py:925} INFO - DAG(s) 'Glassdoor_ETL_Analytics' retrieved from /opt/airflow/dags/etl_process.py
[2025-04-10T19:26:08.389+0000] {logging_mixin.py:190} INFO - [2025-04-10T19:26:08.389+0000] {dag.py:3239} INFO - Sync 1 DAGs
[2025-04-10T19:26:08.417+0000] {logging_mixin.py:190} INFO - [2025-04-10T19:26:08.417+0000] {dag.py:4180} INFO - Setting next_dagrun for Glassdoor_ETL_Analytics to 2025-04-10 00:00:00+00:00, run_after=2025-04-11 00:00:00+00:00
[2025-04-10T19:26:08.470+0000] {processor.py:208} INFO - Processing /opt/airflow/dags/etl_process.py took 0.488 seconds
[2025-04-10T19:26:38.699+0000] {processor.py:186} INFO - Started process (PID=148) to work on /opt/airflow/dags/etl_process.py
[2025-04-10T19:26:38.700+0000] {processor.py:914} INFO - Processing file /opt/airflow/dags/etl_process.py for tasks to queue
[2025-04-10T19:26:38.701+0000] {logging_mixin.py:190} INFO - [2025-04-10T19:26:38.701+0000] {dagbag.py:588} INFO - Filling up the DagBag from /opt/airflow/dags/etl_process.py
[2025-04-10T19:26:39.069+0000] {processor.py:925} INFO - DAG(s) 'Glassdoor_ETL_Analytics' retrieved from /opt/airflow/dags/etl_process.py
[2025-04-10T19:26:39.101+0000] {logging_mixin.py:190} INFO - [2025-04-10T19:26:39.101+0000] {dag.py:3239} INFO - Sync 1 DAGs
[2025-04-10T19:26:39.124+0000] {logging_mixin.py:190} INFO - [2025-04-10T19:26:39.124+0000] {dag.py:4180} INFO - Setting next_dagrun for Glassdoor_ETL_Analytics to 2025-04-10 00:00:00+00:00, run_after=2025-04-11 00:00:00+00:00
[2025-04-10T19:26:39.174+0000] {processor.py:208} INFO - Processing /opt/airflow/dags/etl_process.py took 0.480 seconds
[2025-04-10T19:27:09.340+0000] {processor.py:186} INFO - Started process (PID=152) to work on /opt/airflow/dags/etl_process.py
[2025-04-10T19:27:09.341+0000] {processor.py:914} INFO - Processing file /opt/airflow/dags/etl_process.py for tasks to queue
[2025-04-10T19:27:09.343+0000] {logging_mixin.py:190} INFO - [2025-04-10T19:27:09.343+0000] {dagbag.py:588} INFO - Filling up the DagBag from /opt/airflow/dags/etl_process.py
[2025-04-10T19:27:09.742+0000] {processor.py:925} INFO - DAG(s) 'Glassdoor_ETL_Analytics' retrieved from /opt/airflow/dags/etl_process.py
[2025-04-10T19:27:09.770+0000] {logging_mixin.py:190} INFO - [2025-04-10T19:27:09.770+0000] {dag.py:3239} INFO - Sync 1 DAGs
[2025-04-10T19:27:09.795+0000] {logging_mixin.py:190} INFO - [2025-04-10T19:27:09.795+0000] {dag.py:4180} INFO - Setting next_dagrun for Glassdoor_ETL_Analytics to 2025-04-10 00:00:00+00:00, run_after=2025-04-11 00:00:00+00:00
[2025-04-10T19:27:09.846+0000] {processor.py:208} INFO - Processing /opt/airflow/dags/etl_process.py took 0.511 seconds
[2025-04-10T19:27:40.045+0000] {processor.py:186} INFO - Started process (PID=156) to work on /opt/airflow/dags/etl_process.py
[2025-04-10T19:27:40.046+0000] {processor.py:914} INFO - Processing file /opt/airflow/dags/etl_process.py for tasks to queue
[2025-04-10T19:27:40.048+0000] {logging_mixin.py:190} INFO - [2025-04-10T19:27:40.047+0000] {dagbag.py:588} INFO - Filling up the DagBag from /opt/airflow/dags/etl_process.py
[2025-04-10T19:27:40.431+0000] {processor.py:925} INFO - DAG(s) 'Glassdoor_ETL_Analytics' retrieved from /opt/airflow/dags/etl_process.py
[2025-04-10T19:27:40.464+0000] {logging_mixin.py:190} INFO - [2025-04-10T19:27:40.463+0000] {dag.py:3239} INFO - Sync 1 DAGs
[2025-04-10T19:27:40.490+0000] {logging_mixin.py:190} INFO - [2025-04-10T19:27:40.490+0000] {dag.py:4180} INFO - Setting next_dagrun for Glassdoor_ETL_Analytics to 2025-04-10 00:00:00+00:00, run_after=2025-04-11 00:00:00+00:00
[2025-04-10T19:27:40.536+0000] {processor.py:208} INFO - Processing /opt/airflow/dags/etl_process.py took 0.496 seconds
[2025-04-10T19:28:11.725+0000] {processor.py:186} INFO - Started process (PID=160) to work on /opt/airflow/dags/etl_process.py
[2025-04-10T19:28:11.726+0000] {processor.py:914} INFO - Processing file /opt/airflow/dags/etl_process.py for tasks to queue
[2025-04-10T19:28:11.730+0000] {logging_mixin.py:190} INFO - [2025-04-10T19:28:11.730+0000] {dagbag.py:588} INFO - Filling up the DagBag from /opt/airflow/dags/etl_process.py
[2025-04-10T19:28:12.135+0000] {processor.py:925} INFO - DAG(s) 'Glassdoor_ETL_Analytics' retrieved from /opt/airflow/dags/etl_process.py
[2025-04-10T19:28:12.156+0000] {logging_mixin.py:190} INFO - [2025-04-10T19:28:12.155+0000] {dag.py:3239} INFO - Sync 1 DAGs
[2025-04-10T19:28:12.176+0000] {logging_mixin.py:190} INFO - [2025-04-10T19:28:12.176+0000] {dag.py:4180} INFO - Setting next_dagrun for Glassdoor_ETL_Analytics to 2025-04-10 00:00:00+00:00, run_after=2025-04-11 00:00:00+00:00
[2025-04-10T19:28:12.234+0000] {processor.py:208} INFO - Processing /opt/airflow/dags/etl_process.py took 0.515 seconds
[2025-04-10T19:28:42.369+0000] {processor.py:186} INFO - Started process (PID=164) to work on /opt/airflow/dags/etl_process.py
[2025-04-10T19:28:42.370+0000] {processor.py:914} INFO - Processing file /opt/airflow/dags/etl_process.py for tasks to queue
[2025-04-10T19:28:42.373+0000] {logging_mixin.py:190} INFO - [2025-04-10T19:28:42.372+0000] {dagbag.py:588} INFO - Filling up the DagBag from /opt/airflow/dags/etl_process.py
[2025-04-10T19:28:42.799+0000] {processor.py:925} INFO - DAG(s) 'Glassdoor_ETL_Analytics' retrieved from /opt/airflow/dags/etl_process.py
[2025-04-10T19:28:42.824+0000] {logging_mixin.py:190} INFO - [2025-04-10T19:28:42.824+0000] {dag.py:3239} INFO - Sync 1 DAGs
[2025-04-10T19:28:42.845+0000] {logging_mixin.py:190} INFO - [2025-04-10T19:28:42.845+0000] {dag.py:4180} INFO - Setting next_dagrun for Glassdoor_ETL_Analytics to 2025-04-10 00:00:00+00:00, run_after=2025-04-11 00:00:00+00:00
[2025-04-10T19:28:42.884+0000] {processor.py:208} INFO - Processing /opt/airflow/dags/etl_process.py took 0.521 seconds
[2025-04-10T19:29:13.045+0000] {processor.py:186} INFO - Started process (PID=168) to work on /opt/airflow/dags/etl_process.py
[2025-04-10T19:29:13.046+0000] {processor.py:914} INFO - Processing file /opt/airflow/dags/etl_process.py for tasks to queue
[2025-04-10T19:29:13.048+0000] {logging_mixin.py:190} INFO - [2025-04-10T19:29:13.048+0000] {dagbag.py:588} INFO - Filling up the DagBag from /opt/airflow/dags/etl_process.py
[2025-04-10T19:29:13.440+0000] {processor.py:925} INFO - DAG(s) 'Glassdoor_ETL_Analytics' retrieved from /opt/airflow/dags/etl_process.py
[2025-04-10T19:29:13.475+0000] {logging_mixin.py:190} INFO - [2025-04-10T19:29:13.474+0000] {dag.py:3239} INFO - Sync 1 DAGs
[2025-04-10T19:29:13.504+0000] {logging_mixin.py:190} INFO - [2025-04-10T19:29:13.504+0000] {dag.py:4180} INFO - Setting next_dagrun for Glassdoor_ETL_Analytics to 2025-04-10 00:00:00+00:00, run_after=2025-04-11 00:00:00+00:00
[2025-04-10T19:29:13.555+0000] {processor.py:208} INFO - Processing /opt/airflow/dags/etl_process.py took 0.515 seconds
[2025-04-10T19:29:43.757+0000] {processor.py:186} INFO - Started process (PID=172) to work on /opt/airflow/dags/etl_process.py
[2025-04-10T19:29:43.758+0000] {processor.py:914} INFO - Processing file /opt/airflow/dags/etl_process.py for tasks to queue
[2025-04-10T19:29:43.760+0000] {logging_mixin.py:190} INFO - [2025-04-10T19:29:43.759+0000] {dagbag.py:588} INFO - Filling up the DagBag from /opt/airflow/dags/etl_process.py
[2025-04-10T19:29:44.151+0000] {processor.py:925} INFO - DAG(s) 'Glassdoor_ETL_Analytics' retrieved from /opt/airflow/dags/etl_process.py
[2025-04-10T19:29:44.172+0000] {logging_mixin.py:190} INFO - [2025-04-10T19:29:44.172+0000] {dag.py:3239} INFO - Sync 1 DAGs
[2025-04-10T19:29:44.197+0000] {logging_mixin.py:190} INFO - [2025-04-10T19:29:44.197+0000] {dag.py:4180} INFO - Setting next_dagrun for Glassdoor_ETL_Analytics to 2025-04-10 00:00:00+00:00, run_after=2025-04-11 00:00:00+00:00
[2025-04-10T19:29:44.236+0000] {processor.py:208} INFO - Processing /opt/airflow/dags/etl_process.py took 0.484 seconds
[2025-04-10T19:30:14.508+0000] {processor.py:186} INFO - Started process (PID=176) to work on /opt/airflow/dags/etl_process.py
[2025-04-10T19:30:14.509+0000] {processor.py:914} INFO - Processing file /opt/airflow/dags/etl_process.py for tasks to queue
[2025-04-10T19:30:14.511+0000] {logging_mixin.py:190} INFO - [2025-04-10T19:30:14.511+0000] {dagbag.py:588} INFO - Filling up the DagBag from /opt/airflow/dags/etl_process.py
[2025-04-10T19:30:14.918+0000] {processor.py:925} INFO - DAG(s) 'Glassdoor_ETL_Analytics' retrieved from /opt/airflow/dags/etl_process.py
[2025-04-10T19:30:14.954+0000] {logging_mixin.py:190} INFO - [2025-04-10T19:30:14.954+0000] {dag.py:3239} INFO - Sync 1 DAGs
[2025-04-10T19:30:14.986+0000] {logging_mixin.py:190} INFO - [2025-04-10T19:30:14.985+0000] {dag.py:4180} INFO - Setting next_dagrun for Glassdoor_ETL_Analytics to 2025-04-10 00:00:00+00:00, run_after=2025-04-11 00:00:00+00:00
[2025-04-10T19:30:15.045+0000] {processor.py:208} INFO - Processing /opt/airflow/dags/etl_process.py took 0.541 seconds
[2025-04-10T19:30:45.274+0000] {processor.py:186} INFO - Started process (PID=180) to work on /opt/airflow/dags/etl_process.py
[2025-04-10T19:30:45.275+0000] {processor.py:914} INFO - Processing file /opt/airflow/dags/etl_process.py for tasks to queue
[2025-04-10T19:30:45.278+0000] {logging_mixin.py:190} INFO - [2025-04-10T19:30:45.277+0000] {dagbag.py:588} INFO - Filling up the DagBag from /opt/airflow/dags/etl_process.py
[2025-04-10T19:30:45.733+0000] {processor.py:925} INFO - DAG(s) 'Glassdoor_ETL_Analytics' retrieved from /opt/airflow/dags/etl_process.py
[2025-04-10T19:30:45.771+0000] {logging_mixin.py:190} INFO - [2025-04-10T19:30:45.770+0000] {dag.py:3239} INFO - Sync 1 DAGs
[2025-04-10T19:30:45.804+0000] {logging_mixin.py:190} INFO - [2025-04-10T19:30:45.803+0000] {dag.py:4180} INFO - Setting next_dagrun for Glassdoor_ETL_Analytics to 2025-04-10 00:00:00+00:00, run_after=2025-04-11 00:00:00+00:00
[2025-04-10T19:30:45.858+0000] {processor.py:208} INFO - Processing /opt/airflow/dags/etl_process.py took 0.592 seconds
[2025-04-10T19:31:15.898+0000] {processor.py:186} INFO - Started process (PID=184) to work on /opt/airflow/dags/etl_process.py
[2025-04-10T19:31:15.899+0000] {processor.py:914} INFO - Processing file /opt/airflow/dags/etl_process.py for tasks to queue
[2025-04-10T19:31:15.903+0000] {logging_mixin.py:190} INFO - [2025-04-10T19:31:15.902+0000] {dagbag.py:588} INFO - Filling up the DagBag from /opt/airflow/dags/etl_process.py
[2025-04-10T19:31:16.372+0000] {processor.py:925} INFO - DAG(s) 'Glassdoor_ETL_Analytics' retrieved from /opt/airflow/dags/etl_process.py
[2025-04-10T19:31:16.410+0000] {logging_mixin.py:190} INFO - [2025-04-10T19:31:16.410+0000] {dag.py:3239} INFO - Sync 1 DAGs
[2025-04-10T19:31:16.442+0000] {logging_mixin.py:190} INFO - [2025-04-10T19:31:16.442+0000] {dag.py:4180} INFO - Setting next_dagrun for Glassdoor_ETL_Analytics to 2025-04-10 00:00:00+00:00, run_after=2025-04-11 00:00:00+00:00
[2025-04-10T19:31:16.509+0000] {processor.py:208} INFO - Processing /opt/airflow/dags/etl_process.py took 0.616 seconds
[2025-04-10T19:31:46.674+0000] {processor.py:186} INFO - Started process (PID=188) to work on /opt/airflow/dags/etl_process.py
[2025-04-10T19:31:46.676+0000] {processor.py:914} INFO - Processing file /opt/airflow/dags/etl_process.py for tasks to queue
[2025-04-10T19:31:46.678+0000] {logging_mixin.py:190} INFO - [2025-04-10T19:31:46.678+0000] {dagbag.py:588} INFO - Filling up the DagBag from /opt/airflow/dags/etl_process.py
[2025-04-10T19:31:47.054+0000] {processor.py:925} INFO - DAG(s) 'Glassdoor_ETL_Analytics' retrieved from /opt/airflow/dags/etl_process.py
[2025-04-10T19:31:47.092+0000] {logging_mixin.py:190} INFO - [2025-04-10T19:31:47.092+0000] {dag.py:3239} INFO - Sync 1 DAGs
[2025-04-10T19:31:47.118+0000] {logging_mixin.py:190} INFO - [2025-04-10T19:31:47.118+0000] {dag.py:4180} INFO - Setting next_dagrun for Glassdoor_ETL_Analytics to 2025-04-10 00:00:00+00:00, run_after=2025-04-11 00:00:00+00:00
[2025-04-10T19:31:47.199+0000] {processor.py:208} INFO - Processing /opt/airflow/dags/etl_process.py took 0.532 seconds
[2025-04-10T19:32:17.489+0000] {processor.py:186} INFO - Started process (PID=192) to work on /opt/airflow/dags/etl_process.py
[2025-04-10T19:32:17.490+0000] {processor.py:914} INFO - Processing file /opt/airflow/dags/etl_process.py for tasks to queue
[2025-04-10T19:32:17.492+0000] {logging_mixin.py:190} INFO - [2025-04-10T19:32:17.491+0000] {dagbag.py:588} INFO - Filling up the DagBag from /opt/airflow/dags/etl_process.py
[2025-04-10T19:32:17.892+0000] {processor.py:925} INFO - DAG(s) 'Glassdoor_ETL_Analytics' retrieved from /opt/airflow/dags/etl_process.py
[2025-04-10T19:32:17.916+0000] {logging_mixin.py:190} INFO - [2025-04-10T19:32:17.916+0000] {dag.py:3239} INFO - Sync 1 DAGs
[2025-04-10T19:32:17.942+0000] {logging_mixin.py:190} INFO - [2025-04-10T19:32:17.942+0000] {dag.py:4180} INFO - Setting next_dagrun for Glassdoor_ETL_Analytics to 2025-04-10 00:00:00+00:00, run_after=2025-04-11 00:00:00+00:00
[2025-04-10T19:32:17.992+0000] {processor.py:208} INFO - Processing /opt/airflow/dags/etl_process.py took 0.509 seconds
[2025-04-10T19:32:48.167+0000] {processor.py:186} INFO - Started process (PID=196) to work on /opt/airflow/dags/etl_process.py
[2025-04-10T19:32:48.168+0000] {processor.py:914} INFO - Processing file /opt/airflow/dags/etl_process.py for tasks to queue
[2025-04-10T19:32:48.170+0000] {logging_mixin.py:190} INFO - [2025-04-10T19:32:48.169+0000] {dagbag.py:588} INFO - Filling up the DagBag from /opt/airflow/dags/etl_process.py
[2025-04-10T19:32:48.613+0000] {processor.py:925} INFO - DAG(s) 'Glassdoor_ETL_Analytics' retrieved from /opt/airflow/dags/etl_process.py
[2025-04-10T19:32:48.648+0000] {logging_mixin.py:190} INFO - [2025-04-10T19:32:48.648+0000] {dag.py:3239} INFO - Sync 1 DAGs
[2025-04-10T19:32:48.677+0000] {logging_mixin.py:190} INFO - [2025-04-10T19:32:48.676+0000] {dag.py:4180} INFO - Setting next_dagrun for Glassdoor_ETL_Analytics to 2025-04-10 00:00:00+00:00, run_after=2025-04-11 00:00:00+00:00
[2025-04-10T19:32:48.730+0000] {processor.py:208} INFO - Processing /opt/airflow/dags/etl_process.py took 0.567 seconds
[2025-04-10T19:33:18.853+0000] {processor.py:186} INFO - Started process (PID=200) to work on /opt/airflow/dags/etl_process.py
[2025-04-10T19:33:18.854+0000] {processor.py:914} INFO - Processing file /opt/airflow/dags/etl_process.py for tasks to queue
[2025-04-10T19:33:18.856+0000] {logging_mixin.py:190} INFO - [2025-04-10T19:33:18.855+0000] {dagbag.py:588} INFO - Filling up the DagBag from /opt/airflow/dags/etl_process.py
[2025-04-10T19:33:19.294+0000] {processor.py:925} INFO - DAG(s) 'Glassdoor_ETL_Analytics' retrieved from /opt/airflow/dags/etl_process.py
[2025-04-10T19:33:19.327+0000] {logging_mixin.py:190} INFO - [2025-04-10T19:33:19.327+0000] {dag.py:3239} INFO - Sync 1 DAGs
[2025-04-10T19:33:19.359+0000] {logging_mixin.py:190} INFO - [2025-04-10T19:33:19.359+0000] {dag.py:4180} INFO - Setting next_dagrun for Glassdoor_ETL_Analytics to 2025-04-10 00:00:00+00:00, run_after=2025-04-11 00:00:00+00:00
[2025-04-10T19:33:19.430+0000] {processor.py:208} INFO - Processing /opt/airflow/dags/etl_process.py took 0.582 seconds
[2025-04-10T19:33:49.478+0000] {processor.py:186} INFO - Started process (PID=204) to work on /opt/airflow/dags/etl_process.py
[2025-04-10T19:33:49.479+0000] {processor.py:914} INFO - Processing file /opt/airflow/dags/etl_process.py for tasks to queue
[2025-04-10T19:33:49.480+0000] {logging_mixin.py:190} INFO - [2025-04-10T19:33:49.480+0000] {dagbag.py:588} INFO - Filling up the DagBag from /opt/airflow/dags/etl_process.py
[2025-04-10T19:33:49.884+0000] {processor.py:925} INFO - DAG(s) 'Glassdoor_ETL_Analytics' retrieved from /opt/airflow/dags/etl_process.py
[2025-04-10T19:33:49.918+0000] {logging_mixin.py:190} INFO - [2025-04-10T19:33:49.917+0000] {dag.py:3239} INFO - Sync 1 DAGs
[2025-04-10T19:33:49.944+0000] {logging_mixin.py:190} INFO - [2025-04-10T19:33:49.944+0000] {dag.py:4180} INFO - Setting next_dagrun for Glassdoor_ETL_Analytics to 2025-04-10 00:00:00+00:00, run_after=2025-04-11 00:00:00+00:00
[2025-04-10T19:33:49.999+0000] {processor.py:208} INFO - Processing /opt/airflow/dags/etl_process.py took 0.526 seconds
[2025-04-10T19:34:20.145+0000] {processor.py:186} INFO - Started process (PID=208) to work on /opt/airflow/dags/etl_process.py
[2025-04-10T19:34:20.146+0000] {processor.py:914} INFO - Processing file /opt/airflow/dags/etl_process.py for tasks to queue
[2025-04-10T19:34:20.148+0000] {logging_mixin.py:190} INFO - [2025-04-10T19:34:20.148+0000] {dagbag.py:588} INFO - Filling up the DagBag from /opt/airflow/dags/etl_process.py
[2025-04-10T19:34:20.521+0000] {processor.py:925} INFO - DAG(s) 'Glassdoor_ETL_Analytics' retrieved from /opt/airflow/dags/etl_process.py
[2025-04-10T19:34:20.562+0000] {logging_mixin.py:190} INFO - [2025-04-10T19:34:20.562+0000] {dag.py:3239} INFO - Sync 1 DAGs
[2025-04-10T19:34:20.594+0000] {logging_mixin.py:190} INFO - [2025-04-10T19:34:20.594+0000] {dag.py:4180} INFO - Setting next_dagrun for Glassdoor_ETL_Analytics to 2025-04-10 00:00:00+00:00, run_after=2025-04-11 00:00:00+00:00
[2025-04-10T19:34:20.635+0000] {processor.py:208} INFO - Processing /opt/airflow/dags/etl_process.py took 0.495 seconds
[2025-04-10T19:34:51.447+0000] {processor.py:186} INFO - Started process (PID=212) to work on /opt/airflow/dags/etl_process.py
[2025-04-10T19:34:51.448+0000] {processor.py:914} INFO - Processing file /opt/airflow/dags/etl_process.py for tasks to queue
[2025-04-10T19:34:51.451+0000] {logging_mixin.py:190} INFO - [2025-04-10T19:34:51.451+0000] {dagbag.py:588} INFO - Filling up the DagBag from /opt/airflow/dags/etl_process.py
[2025-04-10T19:34:51.905+0000] {processor.py:925} INFO - DAG(s) 'Glassdoor_ETL_Analytics' retrieved from /opt/airflow/dags/etl_process.py
[2025-04-10T19:34:51.939+0000] {logging_mixin.py:190} INFO - [2025-04-10T19:34:51.939+0000] {dag.py:3239} INFO - Sync 1 DAGs
[2025-04-10T19:34:51.970+0000] {logging_mixin.py:190} INFO - [2025-04-10T19:34:51.970+0000] {dag.py:4180} INFO - Setting next_dagrun for Glassdoor_ETL_Analytics to 2025-04-10 00:00:00+00:00, run_after=2025-04-11 00:00:00+00:00
[2025-04-10T19:34:52.023+0000] {processor.py:208} INFO - Processing /opt/airflow/dags/etl_process.py took 0.581 seconds
[2025-04-10T19:35:22.628+0000] {processor.py:186} INFO - Started process (PID=216) to work on /opt/airflow/dags/etl_process.py
[2025-04-10T19:35:22.629+0000] {processor.py:914} INFO - Processing file /opt/airflow/dags/etl_process.py for tasks to queue
[2025-04-10T19:35:22.631+0000] {logging_mixin.py:190} INFO - [2025-04-10T19:35:22.631+0000] {dagbag.py:588} INFO - Filling up the DagBag from /opt/airflow/dags/etl_process.py
[2025-04-10T19:35:23.016+0000] {processor.py:925} INFO - DAG(s) 'Glassdoor_ETL_Analytics' retrieved from /opt/airflow/dags/etl_process.py
[2025-04-10T19:35:23.041+0000] {logging_mixin.py:190} INFO - [2025-04-10T19:35:23.040+0000] {dag.py:3239} INFO - Sync 1 DAGs
[2025-04-10T19:35:23.065+0000] {logging_mixin.py:190} INFO - [2025-04-10T19:35:23.064+0000] {dag.py:4180} INFO - Setting next_dagrun for Glassdoor_ETL_Analytics to 2025-04-10 00:00:00+00:00, run_after=2025-04-11 00:00:00+00:00
[2025-04-10T19:35:23.124+0000] {processor.py:208} INFO - Processing /opt/airflow/dags/etl_process.py took 0.501 seconds
[2025-04-10T19:35:53.469+0000] {processor.py:186} INFO - Started process (PID=220) to work on /opt/airflow/dags/etl_process.py
[2025-04-10T19:35:53.470+0000] {processor.py:914} INFO - Processing file /opt/airflow/dags/etl_process.py for tasks to queue
[2025-04-10T19:35:53.472+0000] {logging_mixin.py:190} INFO - [2025-04-10T19:35:53.472+0000] {dagbag.py:588} INFO - Filling up the DagBag from /opt/airflow/dags/etl_process.py
[2025-04-10T19:35:53.877+0000] {processor.py:925} INFO - DAG(s) 'Glassdoor_ETL_Analytics' retrieved from /opt/airflow/dags/etl_process.py
[2025-04-10T19:35:53.904+0000] {logging_mixin.py:190} INFO - [2025-04-10T19:35:53.903+0000] {dag.py:3239} INFO - Sync 1 DAGs
[2025-04-10T19:35:53.928+0000] {logging_mixin.py:190} INFO - [2025-04-10T19:35:53.928+0000] {dag.py:4180} INFO - Setting next_dagrun for Glassdoor_ETL_Analytics to 2025-04-10 00:00:00+00:00, run_after=2025-04-11 00:00:00+00:00
[2025-04-10T19:35:53.974+0000] {processor.py:208} INFO - Processing /opt/airflow/dags/etl_process.py took 0.509 seconds
[2025-04-10T19:36:24.365+0000] {processor.py:186} INFO - Started process (PID=224) to work on /opt/airflow/dags/etl_process.py
[2025-04-10T19:36:24.366+0000] {processor.py:914} INFO - Processing file /opt/airflow/dags/etl_process.py for tasks to queue
[2025-04-10T19:36:24.368+0000] {logging_mixin.py:190} INFO - [2025-04-10T19:36:24.368+0000] {dagbag.py:588} INFO - Filling up the DagBag from /opt/airflow/dags/etl_process.py
[2025-04-10T19:36:24.759+0000] {processor.py:925} INFO - DAG(s) 'Glassdoor_ETL_Analytics' retrieved from /opt/airflow/dags/etl_process.py
[2025-04-10T19:36:24.791+0000] {logging_mixin.py:190} INFO - [2025-04-10T19:36:24.791+0000] {dag.py:3239} INFO - Sync 1 DAGs
[2025-04-10T19:36:24.815+0000] {logging_mixin.py:190} INFO - [2025-04-10T19:36:24.815+0000] {dag.py:4180} INFO - Setting next_dagrun for Glassdoor_ETL_Analytics to 2025-04-10 00:00:00+00:00, run_after=2025-04-11 00:00:00+00:00
[2025-04-10T19:36:24.867+0000] {processor.py:208} INFO - Processing /opt/airflow/dags/etl_process.py took 0.508 seconds
[2025-04-10T19:36:55.220+0000] {processor.py:186} INFO - Started process (PID=228) to work on /opt/airflow/dags/etl_process.py
[2025-04-10T19:36:55.222+0000] {processor.py:914} INFO - Processing file /opt/airflow/dags/etl_process.py for tasks to queue
[2025-04-10T19:36:55.225+0000] {logging_mixin.py:190} INFO - [2025-04-10T19:36:55.224+0000] {dagbag.py:588} INFO - Filling up the DagBag from /opt/airflow/dags/etl_process.py
[2025-04-10T19:36:55.732+0000] {processor.py:925} INFO - DAG(s) 'Glassdoor_ETL_Analytics' retrieved from /opt/airflow/dags/etl_process.py
[2025-04-10T19:36:55.759+0000] {logging_mixin.py:190} INFO - [2025-04-10T19:36:55.758+0000] {dag.py:3239} INFO - Sync 1 DAGs
[2025-04-10T19:36:55.786+0000] {logging_mixin.py:190} INFO - [2025-04-10T19:36:55.785+0000] {dag.py:4180} INFO - Setting next_dagrun for Glassdoor_ETL_Analytics to 2025-04-10 00:00:00+00:00, run_after=2025-04-11 00:00:00+00:00
[2025-04-10T19:36:55.836+0000] {processor.py:208} INFO - Processing /opt/airflow/dags/etl_process.py took 0.624 seconds
[2025-04-10T19:37:26.179+0000] {processor.py:186} INFO - Started process (PID=232) to work on /opt/airflow/dags/etl_process.py
[2025-04-10T19:37:26.180+0000] {processor.py:914} INFO - Processing file /opt/airflow/dags/etl_process.py for tasks to queue
[2025-04-10T19:37:26.182+0000] {logging_mixin.py:190} INFO - [2025-04-10T19:37:26.182+0000] {dagbag.py:588} INFO - Filling up the DagBag from /opt/airflow/dags/etl_process.py
[2025-04-10T19:37:26.588+0000] {processor.py:925} INFO - DAG(s) 'Glassdoor_ETL_Analytics' retrieved from /opt/airflow/dags/etl_process.py
[2025-04-10T19:37:26.627+0000] {logging_mixin.py:190} INFO - [2025-04-10T19:37:26.627+0000] {dag.py:3239} INFO - Sync 1 DAGs
[2025-04-10T19:37:26.659+0000] {logging_mixin.py:190} INFO - [2025-04-10T19:37:26.659+0000] {dag.py:4180} INFO - Setting next_dagrun for Glassdoor_ETL_Analytics to 2025-04-10 00:00:00+00:00, run_after=2025-04-11 00:00:00+00:00
[2025-04-10T19:37:26.717+0000] {processor.py:208} INFO - Processing /opt/airflow/dags/etl_process.py took 0.543 seconds
[2025-04-10T19:37:56.806+0000] {processor.py:186} INFO - Started process (PID=236) to work on /opt/airflow/dags/etl_process.py
[2025-04-10T19:37:56.807+0000] {processor.py:914} INFO - Processing file /opt/airflow/dags/etl_process.py for tasks to queue
[2025-04-10T19:37:56.809+0000] {logging_mixin.py:190} INFO - [2025-04-10T19:37:56.808+0000] {dagbag.py:588} INFO - Filling up the DagBag from /opt/airflow/dags/etl_process.py
[2025-04-10T19:37:57.190+0000] {processor.py:925} INFO - DAG(s) 'Glassdoor_ETL_Analytics' retrieved from /opt/airflow/dags/etl_process.py
[2025-04-10T19:37:57.224+0000] {logging_mixin.py:190} INFO - [2025-04-10T19:37:57.223+0000] {dag.py:3239} INFO - Sync 1 DAGs
[2025-04-10T19:37:57.254+0000] {logging_mixin.py:190} INFO - [2025-04-10T19:37:57.254+0000] {dag.py:4180} INFO - Setting next_dagrun for Glassdoor_ETL_Analytics to 2025-04-10 00:00:00+00:00, run_after=2025-04-11 00:00:00+00:00
[2025-04-10T19:37:57.325+0000] {processor.py:208} INFO - Processing /opt/airflow/dags/etl_process.py took 0.525 seconds
[2025-04-10T19:38:27.530+0000] {processor.py:186} INFO - Started process (PID=240) to work on /opt/airflow/dags/etl_process.py
[2025-04-10T19:38:27.531+0000] {processor.py:914} INFO - Processing file /opt/airflow/dags/etl_process.py for tasks to queue
[2025-04-10T19:38:27.533+0000] {logging_mixin.py:190} INFO - [2025-04-10T19:38:27.533+0000] {dagbag.py:588} INFO - Filling up the DagBag from /opt/airflow/dags/etl_process.py
[2025-04-10T19:38:27.892+0000] {processor.py:925} INFO - DAG(s) 'Glassdoor_ETL_Analytics' retrieved from /opt/airflow/dags/etl_process.py
[2025-04-10T19:38:27.928+0000] {logging_mixin.py:190} INFO - [2025-04-10T19:38:27.928+0000] {dag.py:3239} INFO - Sync 1 DAGs
[2025-04-10T19:38:27.962+0000] {logging_mixin.py:190} INFO - [2025-04-10T19:38:27.962+0000] {dag.py:4180} INFO - Setting next_dagrun for Glassdoor_ETL_Analytics to 2025-04-10 00:00:00+00:00, run_after=2025-04-11 00:00:00+00:00
[2025-04-10T19:38:28.021+0000] {processor.py:208} INFO - Processing /opt/airflow/dags/etl_process.py took 0.495 seconds
