[2025-04-10T19:24:06.374+0000] {local_task_job_runner.py:123} INFO - ::group::Pre task execution logs
[2025-04-10T19:24:06.400+0000] {taskinstance.py:2614} INFO - Dependencies all met for dep_context=non-requeueable deps ti=<TaskInstance: Glassdoor_ETL_Analytics.extraing_insights_from_data manual__2025-04-10T19:23:51.062375+00:00 [queued]>
[2025-04-10T19:24:06.410+0000] {taskinstance.py:2614} INFO - Dependencies all met for dep_context=requeueable deps ti=<TaskInstance: Glassdoor_ETL_Analytics.extraing_insights_from_data manual__2025-04-10T19:23:51.062375+00:00 [queued]>
[2025-04-10T19:24:06.411+0000] {taskinstance.py:2867} INFO - Starting attempt 1 of 3
[2025-04-10T19:24:06.433+0000] {taskinstance.py:2890} INFO - Executing <Task(PythonOperator): extraing_insights_from_data> on 2025-04-10 19:23:51.062375+00:00
[2025-04-10T19:24:06.439+0000] {standard_task_runner.py:104} INFO - Running: ['airflow', 'tasks', 'run', 'Glassdoor_ETL_Analytics', 'extraing_insights_from_data', 'manual__2025-04-10T19:23:51.062375+00:00', '--job-id', '43', '--raw', '--subdir', 'DAGS_FOLDER/etl_process.py', '--cfg-path', '/tmp/tmpzw9176vs']
[2025-04-10T19:24:06.442+0000] {standard_task_runner.py:105} INFO - Job 43: Subtask extraing_insights_from_data
[2025-04-10T19:24:06.446+0000] {logging_mixin.py:190} WARNING - /home/airflow/.local/lib/python3.12/site-packages/airflow/task/task_runner/standard_task_runner.py:70 DeprecationWarning: This process (pid=106) is multi-threaded, use of fork() may lead to deadlocks in the child.
[2025-04-10T19:24:06.446+0000] {standard_task_runner.py:72} INFO - Started process 116 to run task
[2025-04-10T19:24:06.508+0000] {task_command.py:467} INFO - Running <TaskInstance: Glassdoor_ETL_Analytics.extraing_insights_from_data manual__2025-04-10T19:23:51.062375+00:00 [running]> on host 7d75ba04f643
[2025-04-10T19:24:06.638+0000] {taskinstance.py:3134} INFO - Exporting env vars: AIRFLOW_CTX_DAG_OWNER='airflow' AIRFLOW_CTX_DAG_ID='Glassdoor_ETL_Analytics' AIRFLOW_CTX_TASK_ID='extraing_insights_from_data' AIRFLOW_CTX_EXECUTION_DATE='2025-04-10T19:23:51.062375+00:00' AIRFLOW_CTX_TRY_NUMBER='1' AIRFLOW_CTX_DAG_RUN_ID='manual__2025-04-10T19:23:51.062375+00:00'
[2025-04-10T19:24:06.640+0000] {taskinstance.py:732} INFO - ::endgroup::
[2025-04-10T19:24:06.688+0000] {dag_functions.py:49} INFO - TOP 10 HIGHEST SALARY POSITIONS
[2025-04-10T19:24:06.690+0000] {dag_functions.py:50} INFO - {'salary_estimate': {'Director II, Data Science - GRM Actuarial': 355000.0, 'Principal Data Scientist with over 10 years experience': 325000.0, 'Principal Machine Learning Scientist': 320500.0, 'Lead Data Engineer': 300000.0, 'Director II, Data Science - GRS Predictive Analytics': 269500.0, 'Staff Machine Learning Engineer': 250000.0, 'Director, Data Science': 249000.0, 'Principal Data Scientist': 244600.0, 'Senior Data Scientist - Algorithms': 240000.0, 'Director, Precision Medicine Clinical Biomarker Scientist': 240000.0}}
[2025-04-10T19:24:06.692+0000] {dag_functions.py:54} INFO - TOP 10 HIGHEST RATED POSITIONS
[2025-04-10T19:24:06.694+0000] {dag_functions.py:55} INFO - {'Rating': {'Senior Research Statistician- Data Scientist': 4.8, 'Revenue Analytics Manager': 4.8, 'Principal Data Scientist (Computational Chemistry)': 4.7, 'Principal Machine Learning Scientist': 4.7, 'Associate Environmental Scientist - Wildlife Biologist': 4.7, 'Lead Data Engineer (Python)': 4.7, 'Financial Data Analyst': 4.7, 'Jr. Business Data Analyst': 4.7, 'Data & Analytics Consultant (NYC)': 4.7, 'Technology-Minded, Data Professional Opportunities': 4.7}}
[2025-04-10T19:24:06.695+0000] {python.py:240} INFO - Done. Returned value was: {'top_salary_jobs': {'salary_estimate': {'Director II, Data Science - GRM Actuarial': 355000.0, 'Principal Data Scientist with over 10 years experience': 325000.0, 'Principal Machine Learning Scientist': 320500.0, 'Lead Data Engineer': 300000.0, 'Director II, Data Science - GRS Predictive Analytics': 269500.0, 'Staff Machine Learning Engineer': 250000.0, 'Director, Data Science': 249000.0, 'Principal Data Scientist': 244600.0, 'Senior Data Scientist - Algorithms': 240000.0, 'Director, Precision Medicine Clinical Biomarker Scientist': 240000.0}}, 'top_rated_jobs': {'Rating': {'Senior Research Statistician- Data Scientist': 4.8, 'Revenue Analytics Manager': 4.8, 'Principal Data Scientist (Computational Chemistry)': 4.7, 'Principal Machine Learning Scientist': 4.7, 'Associate Environmental Scientist - Wildlife Biologist': 4.7, 'Lead Data Engineer (Python)': 4.7, 'Financial Data Analyst': 4.7, 'Jr. Business Data Analyst': 4.7, 'Data & Analytics Consultant (NYC)': 4.7, 'Technology-Minded, Data Professional Opportunities': 4.7}}}
[2025-04-10T19:24:06.742+0000] {taskinstance.py:341} INFO - ::group::Post task execution logs
[2025-04-10T19:24:06.742+0000] {taskinstance.py:353} INFO - Marking task as SUCCESS. dag_id=Glassdoor_ETL_Analytics, task_id=extraing_insights_from_data, run_id=manual__2025-04-10T19:23:51.062375+00:00, execution_date=20250410T192351, start_date=20250410T192406, end_date=20250410T192406
[2025-04-10T19:24:06.822+0000] {local_task_job_runner.py:266} INFO - Task exited with return code 0
[2025-04-10T19:24:06.861+0000] {taskinstance.py:3901} INFO - 1 downstream tasks scheduled from follow-on schedule check
[2025-04-10T19:24:06.889+0000] {local_task_job_runner.py:245} INFO - ::endgroup::
