[2025-04-10T19:11:19.812+0000] {local_task_job_runner.py:123} INFO - ::group::Pre task execution logs
[2025-04-10T19:11:19.828+0000] {taskinstance.py:2614} INFO - Dependencies all met for dep_context=non-requeueable deps ti=<TaskInstance: Glassdoor_ETL_Analytics.extraing_insights_from_data manual__2025-04-10T19:11:05.662516+00:00 [queued]>
[2025-04-10T19:11:19.838+0000] {taskinstance.py:2614} INFO - Dependencies all met for dep_context=requeueable deps ti=<TaskInstance: Glassdoor_ETL_Analytics.extraing_insights_from_data manual__2025-04-10T19:11:05.662516+00:00 [queued]>
[2025-04-10T19:11:19.839+0000] {taskinstance.py:2867} INFO - Starting attempt 1 of 3
[2025-04-10T19:11:19.863+0000] {taskinstance.py:2890} INFO - Executing <Task(PythonOperator): extraing_insights_from_data> on 2025-04-10 19:11:05.662516+00:00
[2025-04-10T19:11:19.869+0000] {standard_task_runner.py:104} INFO - Running: ['airflow', 'tasks', 'run', 'Glassdoor_ETL_Analytics', 'extraing_insights_from_data', 'manual__2025-04-10T19:11:05.662516+00:00', '--job-id', '33', '--raw', '--subdir', 'DAGS_FOLDER/etl_process.py', '--cfg-path', '/tmp/tmp6i0sojak']
[2025-04-10T19:11:19.872+0000] {standard_task_runner.py:105} INFO - Job 33: Subtask extraing_insights_from_data
[2025-04-10T19:11:19.876+0000] {logging_mixin.py:190} WARNING - /home/airflow/.local/lib/python3.12/site-packages/airflow/task/task_runner/standard_task_runner.py:70 DeprecationWarning: This process (pid=196) is multi-threaded, use of fork() may lead to deadlocks in the child.
[2025-04-10T19:11:19.877+0000] {standard_task_runner.py:72} INFO - Started process 206 to run task
[2025-04-10T19:11:19.934+0000] {task_command.py:467} INFO - Running <TaskInstance: Glassdoor_ETL_Analytics.extraing_insights_from_data manual__2025-04-10T19:11:05.662516+00:00 [running]> on host 2c153af4b270
[2025-04-10T19:11:20.032+0000] {taskinstance.py:3134} INFO - Exporting env vars: AIRFLOW_CTX_DAG_OWNER='airflow' AIRFLOW_CTX_DAG_ID='Glassdoor_ETL_Analytics' AIRFLOW_CTX_TASK_ID='extraing_insights_from_data' AIRFLOW_CTX_EXECUTION_DATE='2025-04-10T19:11:05.662516+00:00' AIRFLOW_CTX_TRY_NUMBER='1' AIRFLOW_CTX_DAG_RUN_ID='manual__2025-04-10T19:11:05.662516+00:00'
[2025-04-10T19:11:20.033+0000] {taskinstance.py:732} INFO - ::endgroup::
[2025-04-10T19:11:20.080+0000] {logging_mixin.py:190} INFO - TOP 10 HIGHEST SALARY POSITIONS
[2025-04-10T19:11:20.082+0000] {logging_mixin.py:190} INFO - {'salary_estimate': {'Director II, Data Science - GRM Actuarial': 355000.0, 'Principal Data Scientist with over 10 years experience': 325000.0, 'Principal Machine Learning Scientist': 320500.0, 'Lead Data Engineer': 300000.0, 'Director II, Data Science - GRS Predictive Analytics': 269500.0, 'Staff Machine Learning Engineer': 250000.0, 'Director, Data Science': 249000.0, 'Principal Data Scientist': 244600.0, 'Senior Data Scientist - Algorithms': 240000.0, 'Director, Precision Medicine Clinical Biomarker Scientist': 240000.0}}
[2025-04-10T19:11:20.084+0000] {logging_mixin.py:190} INFO - {'Rating': {'Senior Research Statistician- Data Scientist': 4.8, 'Revenue Analytics Manager': 4.8, 'Principal Data Scientist (Computational Chemistry)': 4.7, 'Principal Machine Learning Scientist': 4.7, 'Associate Environmental Scientist - Wildlife Biologist': 4.7, 'Lead Data Engineer (Python)': 4.7, 'Financial Data Analyst': 4.7, 'Jr. Business Data Analyst': 4.7, 'Data & Analytics Consultant (NYC)': 4.7, 'Technology-Minded, Data Professional Opportunities': 4.7}}
[2025-04-10T19:11:20.085+0000] {python.py:240} INFO - Done. Returned value was: 0
[2025-04-10T19:11:20.129+0000] {taskinstance.py:341} INFO - ::group::Post task execution logs
[2025-04-10T19:11:20.129+0000] {taskinstance.py:353} INFO - Marking task as SUCCESS. dag_id=Glassdoor_ETL_Analytics, task_id=extraing_insights_from_data, run_id=manual__2025-04-10T19:11:05.662516+00:00, execution_date=20250410T191105, start_date=20250410T191119, end_date=20250410T191120
[2025-04-10T19:11:20.212+0000] {local_task_job_runner.py:266} INFO - Task exited with return code 0
[2025-04-10T19:11:20.225+0000] {taskinstance.py:3901} INFO - 0 downstream tasks scheduled from follow-on schedule check
[2025-04-10T19:11:20.227+0000] {local_task_job_runner.py:245} INFO - ::endgroup::
