[2025-04-10T19:09:05.976+0000] {local_task_job_runner.py:123} INFO - ::group::Pre task execution logs
[2025-04-10T19:09:06.002+0000] {taskinstance.py:2614} INFO - Dependencies all met for dep_context=non-requeueable deps ti=<TaskInstance: Glassdoor_ETL_Analytics.extraing_insights_from_data manual__2025-04-10T19:08:50.768661+00:00 [queued]>
[2025-04-10T19:09:06.016+0000] {taskinstance.py:2614} INFO - Dependencies all met for dep_context=requeueable deps ti=<TaskInstance: Glassdoor_ETL_Analytics.extraing_insights_from_data manual__2025-04-10T19:08:50.768661+00:00 [queued]>
[2025-04-10T19:09:06.248+0000] {taskinstance.py:2867} INFO - Starting attempt 1 of 3
[2025-04-10T19:09:08.424+0000] {taskinstance.py:2890} INFO - Executing <Task(PythonOperator): extraing_insights_from_data> on 2025-04-10 19:08:50.768661+00:00
[2025-04-10T19:09:08.433+0000] {standard_task_runner.py:104} INFO - Running: ['airflow', 'tasks', 'run', 'Glassdoor_ETL_Analytics', 'extraing_insights_from_data', 'manual__2025-04-10T19:08:50.768661+00:00', '--job-id', '30', '--raw', '--subdir', 'DAGS_FOLDER/etl_process.py', '--cfg-path', '/tmp/tmpwv4843kg']
[2025-04-10T19:09:08.439+0000] {standard_task_runner.py:105} INFO - Job 30: Subtask extraing_insights_from_data
[2025-04-10T19:09:08.440+0000] {logging_mixin.py:190} WARNING - /home/airflow/.local/lib/python3.12/site-packages/airflow/task/task_runner/standard_task_runner.py:70 DeprecationWarning: This process (pid=144) is multi-threaded, use of fork() may lead to deadlocks in the child.
[2025-04-10T19:09:08.441+0000] {standard_task_runner.py:72} INFO - Started process 154 to run task
[2025-04-10T19:09:09.265+0000] {task_command.py:467} INFO - Running <TaskInstance: Glassdoor_ETL_Analytics.extraing_insights_from_data manual__2025-04-10T19:08:50.768661+00:00 [running]> on host 2c153af4b270
[2025-04-10T19:09:09.387+0000] {taskinstance.py:3134} INFO - Exporting env vars: AIRFLOW_CTX_DAG_OWNER='airflow' AIRFLOW_CTX_DAG_ID='Glassdoor_ETL_Analytics' AIRFLOW_CTX_TASK_ID='extraing_insights_from_data' AIRFLOW_CTX_EXECUTION_DATE='2025-04-10T19:08:50.768661+00:00' AIRFLOW_CTX_TRY_NUMBER='1' AIRFLOW_CTX_DAG_RUN_ID='manual__2025-04-10T19:08:50.768661+00:00'
[2025-04-10T19:09:09.389+0000] {taskinstance.py:732} INFO - ::endgroup::
[2025-04-10T19:09:09.460+0000] {logging_mixin.py:190} INFO - TOP 10 HIGHEST SALARY POSITIONS
[2025-04-10T19:09:09.461+0000] {logging_mixin.py:190} INFO - [{'salary_estimate': 355000.0}, {'salary_estimate': 325000.0}, {'salary_estimate': 320500.0}, {'salary_estimate': 300000.0}, {'salary_estimate': 269500.0}, {'salary_estimate': 250000.0}, {'salary_estimate': 249000.0}, {'salary_estimate': 244600.0}, {'salary_estimate': 240000.0}, {'salary_estimate': 240000.0}]
[2025-04-10T19:09:09.464+0000] {logging_mixin.py:190} INFO - [{'Rating': 4.8}, {'Rating': 4.8}, {'Rating': 4.7}, {'Rating': 4.7}, {'Rating': 4.7}, {'Rating': 4.7}, {'Rating': 4.7}, {'Rating': 4.7}, {'Rating': 4.7}, {'Rating': 4.7}]
[2025-04-10T19:09:09.465+0000] {python.py:240} INFO - Done. Returned value was: 0
[2025-04-10T19:09:09.532+0000] {taskinstance.py:341} INFO - ::group::Post task execution logs
[2025-04-10T19:09:09.533+0000] {taskinstance.py:353} INFO - Marking task as SUCCESS. dag_id=Glassdoor_ETL_Analytics, task_id=extraing_insights_from_data, run_id=manual__2025-04-10T19:08:50.768661+00:00, execution_date=20250410T190850, start_date=20250410T190906, end_date=20250410T190909
[2025-04-10T19:09:09.623+0000] {local_task_job_runner.py:266} INFO - Task exited with return code 0
[2025-04-10T19:09:09.648+0000] {taskinstance.py:3901} INFO - 0 downstream tasks scheduled from follow-on schedule check
[2025-04-10T19:09:09.651+0000] {local_task_job_runner.py:245} INFO - ::endgroup::
