[2025-04-09T15:01:45.857+0000] {local_task_job_runner.py:123} INFO - ::group::Pre task execution logs
[2025-04-09T15:01:45.878+0000] {taskinstance.py:2614} INFO - Dependencies all met for dep_context=non-requeueable deps ti=<TaskInstance: Glassdoor_ETL_Analytics.loading_data manual__2025-04-09T15:01:40.700943+00:00 [queued]>
[2025-04-09T15:01:45.893+0000] {taskinstance.py:2614} INFO - Dependencies all met for dep_context=requeueable deps ti=<TaskInstance: Glassdoor_ETL_Analytics.loading_data manual__2025-04-09T15:01:40.700943+00:00 [queued]>
[2025-04-09T15:01:45.894+0000] {taskinstance.py:2867} INFO - Starting attempt 1 of 3
[2025-04-09T15:01:45.940+0000] {taskinstance.py:2890} INFO - Executing <Task(PythonOperator): loading_data> on 2025-04-09 15:01:40.700943+00:00
[2025-04-09T15:01:45.948+0000] {standard_task_runner.py:104} INFO - Running: ['airflow', 'tasks', 'run', 'Glassdoor_ETL_Analytics', 'loading_data', 'manual__2025-04-09T15:01:40.700943+00:00', '--job-id', '5', '--raw', '--subdir', 'DAGS_FOLDER/etl_process.py', '--cfg-path', '/tmp/tmp8zue27w4']
[2025-04-09T15:01:45.951+0000] {standard_task_runner.py:105} INFO - Job 5: Subtask loading_data
[2025-04-09T15:01:45.953+0000] {logging_mixin.py:190} WARNING - /home/airflow/.local/lib/python3.12/site-packages/airflow/task/task_runner/standard_task_runner.py:70 DeprecationWarning: This process (pid=104) is multi-threaded, use of fork() may lead to deadlocks in the child.
[2025-04-09T15:01:45.954+0000] {standard_task_runner.py:72} INFO - Started process 114 to run task
[2025-04-09T15:01:46.104+0000] {task_command.py:467} INFO - Running <TaskInstance: Glassdoor_ETL_Analytics.loading_data manual__2025-04-09T15:01:40.700943+00:00 [running]> on host 4fd3e74c2e7d
[2025-04-09T15:01:46.287+0000] {taskinstance.py:3134} INFO - Exporting env vars: AIRFLOW_CTX_DAG_OWNER='airflow' AIRFLOW_CTX_DAG_ID='Glassdoor_ETL_Analytics' AIRFLOW_CTX_TASK_ID='loading_data' AIRFLOW_CTX_EXECUTION_DATE='2025-04-09T15:01:40.700943+00:00' AIRFLOW_CTX_TRY_NUMBER='1' AIRFLOW_CTX_DAG_RUN_ID='manual__2025-04-09T15:01:40.700943+00:00'
[2025-04-09T15:01:46.289+0000] {taskinstance.py:732} INFO - ::endgroup::
[2025-04-09T15:01:46.503+0000] {python.py:240} INFO - Done. Returned value was:    Unnamed: 0  ...                                        Competitors
0           0  ...                                                 -1
1           1  ...                                                 -1
2           2  ...                                                 -1
3           3  ...  Oak Ridge National Laboratory, National Renewa...
4           4  ...               Commerce Signals, Cardlytics, Yodlee

[5 rows x 15 columns]
[2025-04-09T15:01:46.688+0000] {taskinstance.py:341} INFO - ::group::Post task execution logs
[2025-04-09T15:01:46.689+0000] {taskinstance.py:353} INFO - Marking task as SUCCESS. dag_id=Glassdoor_ETL_Analytics, task_id=loading_data, run_id=manual__2025-04-09T15:01:40.700943+00:00, execution_date=20250409T150140, start_date=20250409T150145, end_date=20250409T150146
[2025-04-09T15:01:46.854+0000] {local_task_job_runner.py:266} INFO - Task exited with return code 0
[2025-04-09T15:01:46.944+0000] {taskinstance.py:3901} INFO - 1 downstream tasks scheduled from follow-on schedule check
[2025-04-09T15:01:46.973+0000] {local_task_job_runner.py:245} INFO - ::endgroup::
