[2025-04-09T16:19:30.162+0000] {local_task_job_runner.py:123} INFO - ::group::Pre task execution logs
[2025-04-09T16:19:30.188+0000] {taskinstance.py:2614} INFO - Dependencies all met for dep_context=non-requeueable deps ti=<TaskInstance: Glassdoor_ETL_Analytics.transform_data manual__2025-04-09T15:01:40.700943+00:00 [queued]>
[2025-04-09T16:19:30.223+0000] {taskinstance.py:2614} INFO - Dependencies all met for dep_context=requeueable deps ti=<TaskInstance: Glassdoor_ETL_Analytics.transform_data manual__2025-04-09T15:01:40.700943+00:00 [queued]>
[2025-04-09T16:19:30.224+0000] {taskinstance.py:2867} INFO - Starting attempt 2 of 3
[2025-04-09T16:19:30.254+0000] {taskinstance.py:2890} INFO - Executing <Task(PythonOperator): transform_data> on 2025-04-09 15:01:40.700943+00:00
[2025-04-09T16:19:30.265+0000] {standard_task_runner.py:104} INFO - Running: ['airflow', 'tasks', 'run', 'Glassdoor_ETL_Analytics', 'transform_data', 'manual__2025-04-09T15:01:40.700943+00:00', '--job-id', '9', '--raw', '--subdir', 'DAGS_FOLDER/etl_process.py', '--cfg-path', '/tmp/tmpyqkfnvdh']
[2025-04-09T16:19:30.268+0000] {standard_task_runner.py:105} INFO - Job 9: Subtask transform_data
[2025-04-09T16:19:30.273+0000] {logging_mixin.py:190} WARNING - /home/airflow/.local/lib/python3.12/site-packages/airflow/task/task_runner/standard_task_runner.py:70 DeprecationWarning: This process (pid=59) is multi-threaded, use of fork() may lead to deadlocks in the child.
[2025-04-09T16:19:30.274+0000] {standard_task_runner.py:72} INFO - Started process 77 to run task
[2025-04-09T16:19:30.371+0000] {task_command.py:467} INFO - Running <TaskInstance: Glassdoor_ETL_Analytics.transform_data manual__2025-04-09T15:01:40.700943+00:00 [running]> on host e9217fcdfaa5
[2025-04-09T16:19:30.486+0000] {taskinstance.py:3134} INFO - Exporting env vars: AIRFLOW_CTX_DAG_OWNER='airflow' AIRFLOW_CTX_DAG_ID='Glassdoor_ETL_Analytics' AIRFLOW_CTX_TASK_ID='transform_data' AIRFLOW_CTX_EXECUTION_DATE='2025-04-09T15:01:40.700943+00:00' AIRFLOW_CTX_TRY_NUMBER='2' AIRFLOW_CTX_DAG_RUN_ID='manual__2025-04-09T15:01:40.700943+00:00'
[2025-04-09T16:19:30.487+0000] {taskinstance.py:732} INFO - ::endgroup::
[2025-04-09T16:19:30.662+0000] {python.py:240} INFO - Done. Returned value was:    Unnamed: 0  ...                                        Competitors
0           0  ...                                                 -1
1           1  ...                                                 -1
2           2  ...                                                 -1
3           3  ...  Oak Ridge National Laboratory, National Renewa...
4           4  ...               Commerce Signals, Cardlytics, Yodlee

[5 rows x 15 columns]
[2025-04-09T16:19:30.770+0000] {taskinstance.py:341} INFO - ::group::Post task execution logs
[2025-04-09T16:19:30.771+0000] {taskinstance.py:353} INFO - Marking task as SUCCESS. dag_id=Glassdoor_ETL_Analytics, task_id=transform_data, run_id=manual__2025-04-09T15:01:40.700943+00:00, execution_date=20250409T150140, start_date=20250409T161930, end_date=20250409T161930
[2025-04-09T16:19:30.891+0000] {local_task_job_runner.py:266} INFO - Task exited with return code 0
[2025-04-09T16:19:30.923+0000] {taskinstance.py:3901} INFO - 0 downstream tasks scheduled from follow-on schedule check
[2025-04-09T16:19:30.927+0000] {local_task_job_runner.py:245} INFO - ::endgroup::
