[2025-04-09T14:51:54.368+0000] {processor.py:186} INFO - Started process (PID=76) to work on /opt/airflow/dags/dag_functions.py
[2025-04-09T14:51:54.369+0000] {processor.py:914} INFO - Processing file /opt/airflow/dags/dag_functions.py for tasks to queue
[2025-04-09T14:51:54.373+0000] {logging_mixin.py:190} INFO - [2025-04-09T14:51:54.373+0000] {dagbag.py:588} INFO - Filling up the DagBag from /opt/airflow/dags/dag_functions.py
[2025-04-09T14:51:54.907+0000] {processor.py:927} WARNING - No viable dags retrieved from /opt/airflow/dags/dag_functions.py
[2025-04-09T14:51:54.942+0000] {processor.py:208} INFO - Processing /opt/airflow/dags/dag_functions.py took 0.580 seconds
[2025-04-09T14:52:25.128+0000] {processor.py:186} INFO - Started process (PID=78) to work on /opt/airflow/dags/dag_functions.py
[2025-04-09T14:52:25.129+0000] {processor.py:914} INFO - Processing file /opt/airflow/dags/dag_functions.py for tasks to queue
[2025-04-09T14:52:25.132+0000] {logging_mixin.py:190} INFO - [2025-04-09T14:52:25.131+0000] {dagbag.py:588} INFO - Filling up the DagBag from /opt/airflow/dags/dag_functions.py
[2025-04-09T14:52:25.549+0000] {processor.py:927} WARNING - No viable dags retrieved from /opt/airflow/dags/dag_functions.py
[2025-04-09T14:52:25.563+0000] {processor.py:208} INFO - Processing /opt/airflow/dags/dag_functions.py took 0.440 seconds
[2025-04-09T14:52:56.319+0000] {processor.py:186} INFO - Started process (PID=80) to work on /opt/airflow/dags/dag_functions.py
[2025-04-09T14:52:56.320+0000] {processor.py:914} INFO - Processing file /opt/airflow/dags/dag_functions.py for tasks to queue
[2025-04-09T14:52:56.322+0000] {logging_mixin.py:190} INFO - [2025-04-09T14:52:56.322+0000] {dagbag.py:588} INFO - Filling up the DagBag from /opt/airflow/dags/dag_functions.py
[2025-04-09T14:52:56.762+0000] {processor.py:927} WARNING - No viable dags retrieved from /opt/airflow/dags/dag_functions.py
[2025-04-09T14:52:56.794+0000] {processor.py:208} INFO - Processing /opt/airflow/dags/dag_functions.py took 0.479 seconds
[2025-04-09T14:53:27.836+0000] {processor.py:186} INFO - Started process (PID=82) to work on /opt/airflow/dags/dag_functions.py
[2025-04-09T14:53:27.837+0000] {processor.py:914} INFO - Processing file /opt/airflow/dags/dag_functions.py for tasks to queue
[2025-04-09T14:53:27.839+0000] {logging_mixin.py:190} INFO - [2025-04-09T14:53:27.839+0000] {dagbag.py:588} INFO - Filling up the DagBag from /opt/airflow/dags/dag_functions.py
[2025-04-09T14:53:28.245+0000] {processor.py:927} WARNING - No viable dags retrieved from /opt/airflow/dags/dag_functions.py
[2025-04-09T14:53:28.285+0000] {processor.py:208} INFO - Processing /opt/airflow/dags/dag_functions.py took 0.454 seconds
[2025-04-09T14:53:58.724+0000] {processor.py:186} INFO - Started process (PID=84) to work on /opt/airflow/dags/dag_functions.py
[2025-04-09T14:53:58.725+0000] {processor.py:914} INFO - Processing file /opt/airflow/dags/dag_functions.py for tasks to queue
[2025-04-09T14:53:58.728+0000] {logging_mixin.py:190} INFO - [2025-04-09T14:53:58.728+0000] {dagbag.py:588} INFO - Filling up the DagBag from /opt/airflow/dags/dag_functions.py
[2025-04-09T14:53:59.158+0000] {processor.py:927} WARNING - No viable dags retrieved from /opt/airflow/dags/dag_functions.py
[2025-04-09T14:53:59.197+0000] {processor.py:208} INFO - Processing /opt/airflow/dags/dag_functions.py took 0.479 seconds
[2025-04-09T14:54:29.608+0000] {processor.py:186} INFO - Started process (PID=86) to work on /opt/airflow/dags/dag_functions.py
[2025-04-09T14:54:29.610+0000] {processor.py:914} INFO - Processing file /opt/airflow/dags/dag_functions.py for tasks to queue
[2025-04-09T14:54:29.613+0000] {logging_mixin.py:190} INFO - [2025-04-09T14:54:29.612+0000] {dagbag.py:588} INFO - Filling up the DagBag from /opt/airflow/dags/dag_functions.py
[2025-04-09T14:54:30.037+0000] {processor.py:927} WARNING - No viable dags retrieved from /opt/airflow/dags/dag_functions.py
[2025-04-09T14:54:30.068+0000] {processor.py:208} INFO - Processing /opt/airflow/dags/dag_functions.py took 0.468 seconds
[2025-04-09T14:55:00.537+0000] {processor.py:186} INFO - Started process (PID=88) to work on /opt/airflow/dags/dag_functions.py
[2025-04-09T14:55:00.539+0000] {processor.py:914} INFO - Processing file /opt/airflow/dags/dag_functions.py for tasks to queue
[2025-04-09T14:55:00.542+0000] {logging_mixin.py:190} INFO - [2025-04-09T14:55:00.542+0000] {dagbag.py:588} INFO - Filling up the DagBag from /opt/airflow/dags/dag_functions.py
[2025-04-09T14:55:00.995+0000] {processor.py:927} WARNING - No viable dags retrieved from /opt/airflow/dags/dag_functions.py
[2025-04-09T14:55:01.029+0000] {processor.py:208} INFO - Processing /opt/airflow/dags/dag_functions.py took 0.499 seconds
[2025-04-09T14:55:31.594+0000] {processor.py:186} INFO - Started process (PID=90) to work on /opt/airflow/dags/dag_functions.py
[2025-04-09T14:55:31.596+0000] {processor.py:914} INFO - Processing file /opt/airflow/dags/dag_functions.py for tasks to queue
[2025-04-09T14:55:31.598+0000] {logging_mixin.py:190} INFO - [2025-04-09T14:55:31.598+0000] {dagbag.py:588} INFO - Filling up the DagBag from /opt/airflow/dags/dag_functions.py
[2025-04-09T14:55:32.030+0000] {processor.py:927} WARNING - No viable dags retrieved from /opt/airflow/dags/dag_functions.py
[2025-04-09T14:55:32.068+0000] {processor.py:208} INFO - Processing /opt/airflow/dags/dag_functions.py took 0.479 seconds
[2025-04-09T14:56:02.604+0000] {processor.py:186} INFO - Started process (PID=92) to work on /opt/airflow/dags/dag_functions.py
[2025-04-09T14:56:02.606+0000] {processor.py:914} INFO - Processing file /opt/airflow/dags/dag_functions.py for tasks to queue
[2025-04-09T14:56:02.608+0000] {logging_mixin.py:190} INFO - [2025-04-09T14:56:02.608+0000] {dagbag.py:588} INFO - Filling up the DagBag from /opt/airflow/dags/dag_functions.py
[2025-04-09T14:56:03.034+0000] {processor.py:927} WARNING - No viable dags retrieved from /opt/airflow/dags/dag_functions.py
[2025-04-09T14:56:03.049+0000] {processor.py:208} INFO - Processing /opt/airflow/dags/dag_functions.py took 0.449 seconds
[2025-04-09T14:56:33.366+0000] {processor.py:186} INFO - Started process (PID=94) to work on /opt/airflow/dags/dag_functions.py
[2025-04-09T14:56:33.367+0000] {processor.py:914} INFO - Processing file /opt/airflow/dags/dag_functions.py for tasks to queue
[2025-04-09T14:56:33.371+0000] {logging_mixin.py:190} INFO - [2025-04-09T14:56:33.370+0000] {dagbag.py:588} INFO - Filling up the DagBag from /opt/airflow/dags/dag_functions.py
[2025-04-09T14:56:33.904+0000] {processor.py:927} WARNING - No viable dags retrieved from /opt/airflow/dags/dag_functions.py
[2025-04-09T14:56:33.933+0000] {processor.py:208} INFO - Processing /opt/airflow/dags/dag_functions.py took 0.574 seconds
[2025-04-09T14:57:04.316+0000] {processor.py:186} INFO - Started process (PID=96) to work on /opt/airflow/dags/dag_functions.py
[2025-04-09T14:57:04.317+0000] {processor.py:914} INFO - Processing file /opt/airflow/dags/dag_functions.py for tasks to queue
[2025-04-09T14:57:04.320+0000] {logging_mixin.py:190} INFO - [2025-04-09T14:57:04.320+0000] {dagbag.py:588} INFO - Filling up the DagBag from /opt/airflow/dags/dag_functions.py
[2025-04-09T14:57:04.758+0000] {processor.py:927} WARNING - No viable dags retrieved from /opt/airflow/dags/dag_functions.py
[2025-04-09T14:57:04.792+0000] {processor.py:208} INFO - Processing /opt/airflow/dags/dag_functions.py took 0.482 seconds
[2025-04-09T14:57:35.330+0000] {processor.py:186} INFO - Started process (PID=98) to work on /opt/airflow/dags/dag_functions.py
[2025-04-09T14:57:35.332+0000] {processor.py:914} INFO - Processing file /opt/airflow/dags/dag_functions.py for tasks to queue
[2025-04-09T14:57:35.336+0000] {logging_mixin.py:190} INFO - [2025-04-09T14:57:35.335+0000] {dagbag.py:588} INFO - Filling up the DagBag from /opt/airflow/dags/dag_functions.py
[2025-04-09T14:57:35.776+0000] {processor.py:927} WARNING - No viable dags retrieved from /opt/airflow/dags/dag_functions.py
[2025-04-09T14:57:35.808+0000] {processor.py:208} INFO - Processing /opt/airflow/dags/dag_functions.py took 0.485 seconds
[2025-04-09T14:57:39.535+0000] {processor.py:186} INFO - Started process (PID=100) to work on /opt/airflow/dags/dag_functions.py
[2025-04-09T14:57:39.537+0000] {processor.py:914} INFO - Processing file /opt/airflow/dags/dag_functions.py for tasks to queue
[2025-04-09T14:57:39.540+0000] {logging_mixin.py:190} INFO - [2025-04-09T14:57:39.540+0000] {dagbag.py:588} INFO - Filling up the DagBag from /opt/airflow/dags/dag_functions.py
[2025-04-09T14:57:40.057+0000] {processor.py:927} WARNING - No viable dags retrieved from /opt/airflow/dags/dag_functions.py
[2025-04-09T14:57:40.083+0000] {processor.py:208} INFO - Processing /opt/airflow/dags/dag_functions.py took 0.558 seconds
[2025-04-09T14:58:11.229+0000] {processor.py:186} INFO - Started process (PID=103) to work on /opt/airflow/dags/dag_functions.py
[2025-04-09T14:58:11.231+0000] {processor.py:914} INFO - Processing file /opt/airflow/dags/dag_functions.py for tasks to queue
[2025-04-09T14:58:11.236+0000] {logging_mixin.py:190} INFO - [2025-04-09T14:58:11.236+0000] {dagbag.py:588} INFO - Filling up the DagBag from /opt/airflow/dags/dag_functions.py
[2025-04-09T14:58:11.883+0000] {processor.py:927} WARNING - No viable dags retrieved from /opt/airflow/dags/dag_functions.py
[2025-04-09T14:58:11.907+0000] {processor.py:208} INFO - Processing /opt/airflow/dags/dag_functions.py took 0.696 seconds
[2025-04-09T14:58:32.745+0000] {processor.py:186} INFO - Started process (PID=56) to work on /opt/airflow/dags/dag_functions.py
[2025-04-09T14:58:32.747+0000] {processor.py:914} INFO - Processing file /opt/airflow/dags/dag_functions.py for tasks to queue
[2025-04-09T14:58:32.750+0000] {logging_mixin.py:190} INFO - [2025-04-09T14:58:32.750+0000] {dagbag.py:588} INFO - Filling up the DagBag from /opt/airflow/dags/dag_functions.py
[2025-04-09T14:58:34.320+0000] {processor.py:927} WARNING - No viable dags retrieved from /opt/airflow/dags/dag_functions.py
[2025-04-09T14:58:34.339+0000] {processor.py:208} INFO - Processing /opt/airflow/dags/dag_functions.py took 1.602 seconds
[2025-04-09T14:59:05.583+0000] {processor.py:186} INFO - Started process (PID=80) to work on /opt/airflow/dags/dag_functions.py
[2025-04-09T14:59:05.585+0000] {processor.py:914} INFO - Processing file /opt/airflow/dags/dag_functions.py for tasks to queue
[2025-04-09T14:59:05.588+0000] {logging_mixin.py:190} INFO - [2025-04-09T14:59:05.588+0000] {dagbag.py:588} INFO - Filling up the DagBag from /opt/airflow/dags/dag_functions.py
[2025-04-09T14:59:06.030+0000] {processor.py:927} WARNING - No viable dags retrieved from /opt/airflow/dags/dag_functions.py
[2025-04-09T14:59:06.057+0000] {processor.py:208} INFO - Processing /opt/airflow/dags/dag_functions.py took 0.479 seconds
[2025-04-09T14:59:36.669+0000] {processor.py:186} INFO - Started process (PID=84) to work on /opt/airflow/dags/dag_functions.py
[2025-04-09T14:59:36.670+0000] {processor.py:914} INFO - Processing file /opt/airflow/dags/dag_functions.py for tasks to queue
[2025-04-09T14:59:36.672+0000] {logging_mixin.py:190} INFO - [2025-04-09T14:59:36.672+0000] {dagbag.py:588} INFO - Filling up the DagBag from /opt/airflow/dags/dag_functions.py
[2025-04-09T14:59:37.089+0000] {processor.py:927} WARNING - No viable dags retrieved from /opt/airflow/dags/dag_functions.py
[2025-04-09T14:59:37.110+0000] {processor.py:208} INFO - Processing /opt/airflow/dags/dag_functions.py took 0.445 seconds
[2025-04-09T15:00:07.737+0000] {processor.py:186} INFO - Started process (PID=88) to work on /opt/airflow/dags/dag_functions.py
[2025-04-09T15:00:07.739+0000] {processor.py:914} INFO - Processing file /opt/airflow/dags/dag_functions.py for tasks to queue
[2025-04-09T15:00:07.741+0000] {logging_mixin.py:190} INFO - [2025-04-09T15:00:07.741+0000] {dagbag.py:588} INFO - Filling up the DagBag from /opt/airflow/dags/dag_functions.py
[2025-04-09T15:00:08.161+0000] {processor.py:927} WARNING - No viable dags retrieved from /opt/airflow/dags/dag_functions.py
[2025-04-09T15:00:08.192+0000] {processor.py:208} INFO - Processing /opt/airflow/dags/dag_functions.py took 0.459 seconds
[2025-04-09T15:00:40.150+0000] {processor.py:186} INFO - Started process (PID=94) to work on /opt/airflow/dags/dag_functions.py
[2025-04-09T15:00:40.151+0000] {processor.py:914} INFO - Processing file /opt/airflow/dags/dag_functions.py for tasks to queue
[2025-04-09T15:00:40.154+0000] {logging_mixin.py:190} INFO - [2025-04-09T15:00:40.153+0000] {dagbag.py:588} INFO - Filling up the DagBag from /opt/airflow/dags/dag_functions.py
[2025-04-09T15:00:40.559+0000] {processor.py:927} WARNING - No viable dags retrieved from /opt/airflow/dags/dag_functions.py
[2025-04-09T15:00:40.588+0000] {processor.py:208} INFO - Processing /opt/airflow/dags/dag_functions.py took 0.444 seconds
[2025-04-09T15:01:13.480+0000] {processor.py:186} INFO - Started process (PID=100) to work on /opt/airflow/dags/dag_functions.py
[2025-04-09T15:01:13.482+0000] {processor.py:914} INFO - Processing file /opt/airflow/dags/dag_functions.py for tasks to queue
[2025-04-09T15:01:13.484+0000] {logging_mixin.py:190} INFO - [2025-04-09T15:01:13.483+0000] {dagbag.py:588} INFO - Filling up the DagBag from /opt/airflow/dags/dag_functions.py
[2025-04-09T15:01:13.843+0000] {processor.py:927} WARNING - No viable dags retrieved from /opt/airflow/dags/dag_functions.py
[2025-04-09T15:01:13.873+0000] {processor.py:208} INFO - Processing /opt/airflow/dags/dag_functions.py took 0.398 seconds
[2025-04-09T15:01:47.845+0000] {processor.py:186} INFO - Started process (PID=116) to work on /opt/airflow/dags/dag_functions.py
[2025-04-09T15:01:47.846+0000] {processor.py:914} INFO - Processing file /opt/airflow/dags/dag_functions.py for tasks to queue
[2025-04-09T15:01:47.851+0000] {logging_mixin.py:190} INFO - [2025-04-09T15:01:47.849+0000] {dagbag.py:588} INFO - Filling up the DagBag from /opt/airflow/dags/dag_functions.py
[2025-04-09T15:01:48.330+0000] {processor.py:927} WARNING - No viable dags retrieved from /opt/airflow/dags/dag_functions.py
[2025-04-09T15:01:48.358+0000] {processor.py:208} INFO - Processing /opt/airflow/dags/dag_functions.py took 0.520 seconds
[2025-04-09T15:02:19.571+0000] {processor.py:186} INFO - Started process (PID=141) to work on /opt/airflow/dags/dag_functions.py
[2025-04-09T15:02:19.572+0000] {processor.py:914} INFO - Processing file /opt/airflow/dags/dag_functions.py for tasks to queue
[2025-04-09T15:02:19.575+0000] {logging_mixin.py:190} INFO - [2025-04-09T15:02:19.575+0000] {dagbag.py:588} INFO - Filling up the DagBag from /opt/airflow/dags/dag_functions.py
[2025-04-09T15:02:20.098+0000] {processor.py:927} WARNING - No viable dags retrieved from /opt/airflow/dags/dag_functions.py
[2025-04-09T15:02:20.126+0000] {processor.py:208} INFO - Processing /opt/airflow/dags/dag_functions.py took 0.561 seconds
[2025-04-09T15:02:51.227+0000] {processor.py:186} INFO - Started process (PID=145) to work on /opt/airflow/dags/dag_functions.py
[2025-04-09T15:02:51.228+0000] {processor.py:914} INFO - Processing file /opt/airflow/dags/dag_functions.py for tasks to queue
[2025-04-09T15:02:51.233+0000] {logging_mixin.py:190} INFO - [2025-04-09T15:02:51.233+0000] {dagbag.py:588} INFO - Filling up the DagBag from /opt/airflow/dags/dag_functions.py
[2025-04-09T15:02:51.793+0000] {processor.py:927} WARNING - No viable dags retrieved from /opt/airflow/dags/dag_functions.py
[2025-04-09T15:02:51.817+0000] {processor.py:208} INFO - Processing /opt/airflow/dags/dag_functions.py took 0.602 seconds
[2025-04-09T15:03:22.483+0000] {processor.py:186} INFO - Started process (PID=149) to work on /opt/airflow/dags/dag_functions.py
[2025-04-09T15:03:22.484+0000] {processor.py:914} INFO - Processing file /opt/airflow/dags/dag_functions.py for tasks to queue
[2025-04-09T15:03:22.487+0000] {logging_mixin.py:190} INFO - [2025-04-09T15:03:22.487+0000] {dagbag.py:588} INFO - Filling up the DagBag from /opt/airflow/dags/dag_functions.py
[2025-04-09T15:03:22.874+0000] {processor.py:927} WARNING - No viable dags retrieved from /opt/airflow/dags/dag_functions.py
[2025-04-09T15:03:22.899+0000] {processor.py:208} INFO - Processing /opt/airflow/dags/dag_functions.py took 0.420 seconds
[2025-04-09T16:19:24.849+0000] {processor.py:186} INFO - Started process (PID=56) to work on /opt/airflow/dags/dag_functions.py
[2025-04-09T16:19:24.851+0000] {processor.py:914} INFO - Processing file /opt/airflow/dags/dag_functions.py for tasks to queue
[2025-04-09T16:19:24.854+0000] {logging_mixin.py:190} INFO - [2025-04-09T16:19:24.853+0000] {dagbag.py:588} INFO - Filling up the DagBag from /opt/airflow/dags/dag_functions.py
[2025-04-09T16:19:26.579+0000] {processor.py:927} WARNING - No viable dags retrieved from /opt/airflow/dags/dag_functions.py
[2025-04-09T16:19:26.596+0000] {processor.py:208} INFO - Processing /opt/airflow/dags/dag_functions.py took 1.755 seconds
[2025-04-09T16:19:57.386+0000] {processor.py:186} INFO - Started process (PID=101) to work on /opt/airflow/dags/dag_functions.py
[2025-04-09T16:19:57.387+0000] {processor.py:914} INFO - Processing file /opt/airflow/dags/dag_functions.py for tasks to queue
[2025-04-09T16:19:57.390+0000] {logging_mixin.py:190} INFO - [2025-04-09T16:19:57.389+0000] {dagbag.py:588} INFO - Filling up the DagBag from /opt/airflow/dags/dag_functions.py
[2025-04-09T16:19:57.864+0000] {processor.py:927} WARNING - No viable dags retrieved from /opt/airflow/dags/dag_functions.py
[2025-04-09T16:19:58.000+0000] {processor.py:208} INFO - Processing /opt/airflow/dags/dag_functions.py took 0.621 seconds
[2025-04-09T16:20:28.321+0000] {processor.py:186} INFO - Started process (PID=129) to work on /opt/airflow/dags/dag_functions.py
[2025-04-09T16:20:28.323+0000] {processor.py:914} INFO - Processing file /opt/airflow/dags/dag_functions.py for tasks to queue
[2025-04-09T16:20:28.326+0000] {logging_mixin.py:190} INFO - [2025-04-09T16:20:28.326+0000] {dagbag.py:588} INFO - Filling up the DagBag from /opt/airflow/dags/dag_functions.py
[2025-04-09T16:20:28.742+0000] {processor.py:927} WARNING - No viable dags retrieved from /opt/airflow/dags/dag_functions.py
[2025-04-09T16:20:28.765+0000] {processor.py:208} INFO - Processing /opt/airflow/dags/dag_functions.py took 0.449 seconds
[2025-04-09T16:20:59.678+0000] {processor.py:186} INFO - Started process (PID=133) to work on /opt/airflow/dags/dag_functions.py
[2025-04-09T16:20:59.679+0000] {processor.py:914} INFO - Processing file /opt/airflow/dags/dag_functions.py for tasks to queue
[2025-04-09T16:20:59.682+0000] {logging_mixin.py:190} INFO - [2025-04-09T16:20:59.682+0000] {dagbag.py:588} INFO - Filling up the DagBag from /opt/airflow/dags/dag_functions.py
[2025-04-09T16:21:00.274+0000] {processor.py:927} WARNING - No viable dags retrieved from /opt/airflow/dags/dag_functions.py
[2025-04-09T16:21:00.292+0000] {processor.py:208} INFO - Processing /opt/airflow/dags/dag_functions.py took 0.622 seconds
[2025-04-09T16:21:30.851+0000] {processor.py:186} INFO - Started process (PID=137) to work on /opt/airflow/dags/dag_functions.py
[2025-04-09T16:21:30.853+0000] {processor.py:914} INFO - Processing file /opt/airflow/dags/dag_functions.py for tasks to queue
[2025-04-09T16:21:30.856+0000] {logging_mixin.py:190} INFO - [2025-04-09T16:21:30.855+0000] {dagbag.py:588} INFO - Filling up the DagBag from /opt/airflow/dags/dag_functions.py
[2025-04-09T16:21:31.311+0000] {processor.py:927} WARNING - No viable dags retrieved from /opt/airflow/dags/dag_functions.py
[2025-04-09T16:21:31.329+0000] {processor.py:208} INFO - Processing /opt/airflow/dags/dag_functions.py took 0.483 seconds
[2025-04-09T16:22:02.370+0000] {processor.py:186} INFO - Started process (PID=141) to work on /opt/airflow/dags/dag_functions.py
[2025-04-09T16:22:02.372+0000] {processor.py:914} INFO - Processing file /opt/airflow/dags/dag_functions.py for tasks to queue
[2025-04-09T16:22:02.375+0000] {logging_mixin.py:190} INFO - [2025-04-09T16:22:02.374+0000] {dagbag.py:588} INFO - Filling up the DagBag from /opt/airflow/dags/dag_functions.py
[2025-04-09T16:22:02.802+0000] {processor.py:927} WARNING - No viable dags retrieved from /opt/airflow/dags/dag_functions.py
[2025-04-09T16:22:02.826+0000] {processor.py:208} INFO - Processing /opt/airflow/dags/dag_functions.py took 0.461 seconds
[2025-04-09T16:22:33.341+0000] {processor.py:186} INFO - Started process (PID=145) to work on /opt/airflow/dags/dag_functions.py
[2025-04-09T16:22:33.342+0000] {processor.py:914} INFO - Processing file /opt/airflow/dags/dag_functions.py for tasks to queue
[2025-04-09T16:22:33.344+0000] {logging_mixin.py:190} INFO - [2025-04-09T16:22:33.344+0000] {dagbag.py:588} INFO - Filling up the DagBag from /opt/airflow/dags/dag_functions.py
[2025-04-09T16:22:33.733+0000] {processor.py:927} WARNING - No viable dags retrieved from /opt/airflow/dags/dag_functions.py
[2025-04-09T16:22:33.757+0000] {processor.py:208} INFO - Processing /opt/airflow/dags/dag_functions.py took 0.420 seconds
[2025-04-09T16:23:04.434+0000] {processor.py:186} INFO - Started process (PID=149) to work on /opt/airflow/dags/dag_functions.py
[2025-04-09T16:23:04.436+0000] {processor.py:914} INFO - Processing file /opt/airflow/dags/dag_functions.py for tasks to queue
[2025-04-09T16:23:04.440+0000] {logging_mixin.py:190} INFO - [2025-04-09T16:23:04.439+0000] {dagbag.py:588} INFO - Filling up the DagBag from /opt/airflow/dags/dag_functions.py
[2025-04-09T16:23:04.893+0000] {processor.py:927} WARNING - No viable dags retrieved from /opt/airflow/dags/dag_functions.py
[2025-04-09T16:23:04.929+0000] {processor.py:208} INFO - Processing /opt/airflow/dags/dag_functions.py took 0.499 seconds
[2025-04-09T16:23:35.610+0000] {processor.py:186} INFO - Started process (PID=153) to work on /opt/airflow/dags/dag_functions.py
[2025-04-09T16:23:35.613+0000] {processor.py:914} INFO - Processing file /opt/airflow/dags/dag_functions.py for tasks to queue
[2025-04-09T16:23:35.617+0000] {logging_mixin.py:190} INFO - [2025-04-09T16:23:35.617+0000] {dagbag.py:588} INFO - Filling up the DagBag from /opt/airflow/dags/dag_functions.py
[2025-04-09T16:23:36.161+0000] {processor.py:927} WARNING - No viable dags retrieved from /opt/airflow/dags/dag_functions.py
[2025-04-09T16:23:36.192+0000] {processor.py:208} INFO - Processing /opt/airflow/dags/dag_functions.py took 0.593 seconds
[2025-04-09T16:24:06.757+0000] {processor.py:186} INFO - Started process (PID=157) to work on /opt/airflow/dags/dag_functions.py
[2025-04-09T16:24:06.759+0000] {processor.py:914} INFO - Processing file /opt/airflow/dags/dag_functions.py for tasks to queue
[2025-04-09T16:24:06.761+0000] {logging_mixin.py:190} INFO - [2025-04-09T16:24:06.761+0000] {dagbag.py:588} INFO - Filling up the DagBag from /opt/airflow/dags/dag_functions.py
[2025-04-09T16:24:07.191+0000] {processor.py:927} WARNING - No viable dags retrieved from /opt/airflow/dags/dag_functions.py
[2025-04-09T16:24:07.215+0000] {processor.py:208} INFO - Processing /opt/airflow/dags/dag_functions.py took 0.463 seconds
[2025-04-09T16:24:37.790+0000] {processor.py:186} INFO - Started process (PID=161) to work on /opt/airflow/dags/dag_functions.py
[2025-04-09T16:24:37.791+0000] {processor.py:914} INFO - Processing file /opt/airflow/dags/dag_functions.py for tasks to queue
[2025-04-09T16:24:37.794+0000] {logging_mixin.py:190} INFO - [2025-04-09T16:24:37.793+0000] {dagbag.py:588} INFO - Filling up the DagBag from /opt/airflow/dags/dag_functions.py
[2025-04-09T16:24:38.283+0000] {processor.py:927} WARNING - No viable dags retrieved from /opt/airflow/dags/dag_functions.py
[2025-04-09T16:24:38.311+0000] {processor.py:208} INFO - Processing /opt/airflow/dags/dag_functions.py took 0.527 seconds
[2025-04-09T16:25:08.516+0000] {processor.py:186} INFO - Started process (PID=165) to work on /opt/airflow/dags/dag_functions.py
[2025-04-09T16:25:08.518+0000] {processor.py:914} INFO - Processing file /opt/airflow/dags/dag_functions.py for tasks to queue
[2025-04-09T16:25:08.521+0000] {logging_mixin.py:190} INFO - [2025-04-09T16:25:08.521+0000] {dagbag.py:588} INFO - Filling up the DagBag from /opt/airflow/dags/dag_functions.py
[2025-04-09T16:25:09.050+0000] {processor.py:927} WARNING - No viable dags retrieved from /opt/airflow/dags/dag_functions.py
[2025-04-09T16:25:09.076+0000] {processor.py:208} INFO - Processing /opt/airflow/dags/dag_functions.py took 0.564 seconds
[2025-04-09T16:25:39.375+0000] {processor.py:186} INFO - Started process (PID=169) to work on /opt/airflow/dags/dag_functions.py
[2025-04-09T16:25:39.376+0000] {processor.py:914} INFO - Processing file /opt/airflow/dags/dag_functions.py for tasks to queue
[2025-04-09T16:25:39.379+0000] {logging_mixin.py:190} INFO - [2025-04-09T16:25:39.378+0000] {dagbag.py:588} INFO - Filling up the DagBag from /opt/airflow/dags/dag_functions.py
[2025-04-09T16:25:39.846+0000] {processor.py:927} WARNING - No viable dags retrieved from /opt/airflow/dags/dag_functions.py
[2025-04-09T16:25:39.891+0000] {processor.py:208} INFO - Processing /opt/airflow/dags/dag_functions.py took 0.522 seconds
[2025-04-09T16:26:10.535+0000] {processor.py:186} INFO - Started process (PID=173) to work on /opt/airflow/dags/dag_functions.py
[2025-04-09T16:26:10.536+0000] {processor.py:914} INFO - Processing file /opt/airflow/dags/dag_functions.py for tasks to queue
[2025-04-09T16:26:10.537+0000] {logging_mixin.py:190} INFO - [2025-04-09T16:26:10.536+0000] {dagbag.py:588} INFO - Filling up the DagBag from /opt/airflow/dags/dag_functions.py
[2025-04-09T16:26:10.954+0000] {processor.py:927} WARNING - No viable dags retrieved from /opt/airflow/dags/dag_functions.py
[2025-04-09T16:26:10.986+0000] {processor.py:208} INFO - Processing /opt/airflow/dags/dag_functions.py took 0.458 seconds
[2025-04-09T16:26:41.524+0000] {processor.py:186} INFO - Started process (PID=177) to work on /opt/airflow/dags/dag_functions.py
[2025-04-09T16:26:41.525+0000] {processor.py:914} INFO - Processing file /opt/airflow/dags/dag_functions.py for tasks to queue
[2025-04-09T16:26:41.528+0000] {logging_mixin.py:190} INFO - [2025-04-09T16:26:41.528+0000] {dagbag.py:588} INFO - Filling up the DagBag from /opt/airflow/dags/dag_functions.py
[2025-04-09T16:26:42.043+0000] {processor.py:927} WARNING - No viable dags retrieved from /opt/airflow/dags/dag_functions.py
[2025-04-09T16:26:42.091+0000] {processor.py:208} INFO - Processing /opt/airflow/dags/dag_functions.py took 0.574 seconds
[2025-04-09T16:27:12.733+0000] {processor.py:186} INFO - Started process (PID=181) to work on /opt/airflow/dags/dag_functions.py
[2025-04-09T16:27:12.735+0000] {processor.py:914} INFO - Processing file /opt/airflow/dags/dag_functions.py for tasks to queue
[2025-04-09T16:27:12.739+0000] {logging_mixin.py:190} INFO - [2025-04-09T16:27:12.739+0000] {dagbag.py:588} INFO - Filling up the DagBag from /opt/airflow/dags/dag_functions.py
[2025-04-09T16:27:13.179+0000] {processor.py:927} WARNING - No viable dags retrieved from /opt/airflow/dags/dag_functions.py
[2025-04-09T16:27:13.207+0000] {processor.py:208} INFO - Processing /opt/airflow/dags/dag_functions.py took 0.481 seconds
[2025-04-09T16:27:43.818+0000] {processor.py:186} INFO - Started process (PID=185) to work on /opt/airflow/dags/dag_functions.py
[2025-04-09T16:27:43.820+0000] {processor.py:914} INFO - Processing file /opt/airflow/dags/dag_functions.py for tasks to queue
[2025-04-09T16:27:43.822+0000] {logging_mixin.py:190} INFO - [2025-04-09T16:27:43.822+0000] {dagbag.py:588} INFO - Filling up the DagBag from /opt/airflow/dags/dag_functions.py
[2025-04-09T16:27:44.324+0000] {processor.py:927} WARNING - No viable dags retrieved from /opt/airflow/dags/dag_functions.py
[2025-04-09T16:27:44.342+0000] {processor.py:208} INFO - Processing /opt/airflow/dags/dag_functions.py took 0.530 seconds
[2025-04-09T16:28:14.466+0000] {processor.py:186} INFO - Started process (PID=189) to work on /opt/airflow/dags/dag_functions.py
[2025-04-09T16:28:14.468+0000] {processor.py:914} INFO - Processing file /opt/airflow/dags/dag_functions.py for tasks to queue
[2025-04-09T16:28:14.471+0000] {logging_mixin.py:190} INFO - [2025-04-09T16:28:14.470+0000] {dagbag.py:588} INFO - Filling up the DagBag from /opt/airflow/dags/dag_functions.py
[2025-04-09T16:28:14.887+0000] {processor.py:927} WARNING - No viable dags retrieved from /opt/airflow/dags/dag_functions.py
[2025-04-09T16:28:14.909+0000] {processor.py:208} INFO - Processing /opt/airflow/dags/dag_functions.py took 0.448 seconds
[2025-04-09T16:28:45.348+0000] {processor.py:186} INFO - Started process (PID=193) to work on /opt/airflow/dags/dag_functions.py
[2025-04-09T16:28:45.349+0000] {processor.py:914} INFO - Processing file /opt/airflow/dags/dag_functions.py for tasks to queue
[2025-04-09T16:28:45.352+0000] {logging_mixin.py:190} INFO - [2025-04-09T16:28:45.351+0000] {dagbag.py:588} INFO - Filling up the DagBag from /opt/airflow/dags/dag_functions.py
[2025-04-09T16:28:45.777+0000] {processor.py:927} WARNING - No viable dags retrieved from /opt/airflow/dags/dag_functions.py
[2025-04-09T16:28:45.812+0000] {processor.py:208} INFO - Processing /opt/airflow/dags/dag_functions.py took 0.469 seconds
[2025-04-09T16:29:16.408+0000] {processor.py:186} INFO - Started process (PID=197) to work on /opt/airflow/dags/dag_functions.py
[2025-04-09T16:29:16.409+0000] {processor.py:914} INFO - Processing file /opt/airflow/dags/dag_functions.py for tasks to queue
[2025-04-09T16:29:16.412+0000] {logging_mixin.py:190} INFO - [2025-04-09T16:29:16.411+0000] {dagbag.py:588} INFO - Filling up the DagBag from /opt/airflow/dags/dag_functions.py
[2025-04-09T16:29:16.807+0000] {processor.py:927} WARNING - No viable dags retrieved from /opt/airflow/dags/dag_functions.py
[2025-04-09T16:29:16.839+0000] {processor.py:208} INFO - Processing /opt/airflow/dags/dag_functions.py took 0.436 seconds
[2025-04-09T16:29:47.401+0000] {processor.py:186} INFO - Started process (PID=201) to work on /opt/airflow/dags/dag_functions.py
[2025-04-09T16:29:47.402+0000] {processor.py:914} INFO - Processing file /opt/airflow/dags/dag_functions.py for tasks to queue
[2025-04-09T16:29:47.404+0000] {logging_mixin.py:190} INFO - [2025-04-09T16:29:47.404+0000] {dagbag.py:588} INFO - Filling up the DagBag from /opt/airflow/dags/dag_functions.py
[2025-04-09T16:29:47.905+0000] {processor.py:927} WARNING - No viable dags retrieved from /opt/airflow/dags/dag_functions.py
[2025-04-09T16:29:47.928+0000] {processor.py:208} INFO - Processing /opt/airflow/dags/dag_functions.py took 0.532 seconds
[2025-04-09T16:30:18.418+0000] {processor.py:186} INFO - Started process (PID=205) to work on /opt/airflow/dags/dag_functions.py
[2025-04-09T16:30:18.419+0000] {processor.py:914} INFO - Processing file /opt/airflow/dags/dag_functions.py for tasks to queue
[2025-04-09T16:30:18.422+0000] {logging_mixin.py:190} INFO - [2025-04-09T16:30:18.422+0000] {dagbag.py:588} INFO - Filling up the DagBag from /opt/airflow/dags/dag_functions.py
[2025-04-09T16:30:18.986+0000] {processor.py:927} WARNING - No viable dags retrieved from /opt/airflow/dags/dag_functions.py
[2025-04-09T16:30:19.022+0000] {processor.py:208} INFO - Processing /opt/airflow/dags/dag_functions.py took 0.609 seconds
[2025-04-09T16:30:49.416+0000] {processor.py:186} INFO - Started process (PID=209) to work on /opt/airflow/dags/dag_functions.py
[2025-04-09T16:30:49.417+0000] {processor.py:914} INFO - Processing file /opt/airflow/dags/dag_functions.py for tasks to queue
[2025-04-09T16:30:49.420+0000] {logging_mixin.py:190} INFO - [2025-04-09T16:30:49.420+0000] {dagbag.py:588} INFO - Filling up the DagBag from /opt/airflow/dags/dag_functions.py
[2025-04-09T16:30:49.903+0000] {processor.py:927} WARNING - No viable dags retrieved from /opt/airflow/dags/dag_functions.py
[2025-04-09T16:30:49.927+0000] {processor.py:208} INFO - Processing /opt/airflow/dags/dag_functions.py took 0.516 seconds
[2025-04-09T16:31:20.637+0000] {processor.py:186} INFO - Started process (PID=213) to work on /opt/airflow/dags/dag_functions.py
[2025-04-09T16:31:20.639+0000] {processor.py:914} INFO - Processing file /opt/airflow/dags/dag_functions.py for tasks to queue
[2025-04-09T16:31:20.642+0000] {logging_mixin.py:190} INFO - [2025-04-09T16:31:20.641+0000] {dagbag.py:588} INFO - Filling up the DagBag from /opt/airflow/dags/dag_functions.py
[2025-04-09T16:31:21.093+0000] {processor.py:927} WARNING - No viable dags retrieved from /opt/airflow/dags/dag_functions.py
[2025-04-09T16:31:21.114+0000] {processor.py:208} INFO - Processing /opt/airflow/dags/dag_functions.py took 0.482 seconds
[2025-04-09T16:31:51.291+0000] {processor.py:186} INFO - Started process (PID=217) to work on /opt/airflow/dags/dag_functions.py
[2025-04-09T16:31:51.292+0000] {processor.py:914} INFO - Processing file /opt/airflow/dags/dag_functions.py for tasks to queue
[2025-04-09T16:31:51.295+0000] {logging_mixin.py:190} INFO - [2025-04-09T16:31:51.295+0000] {dagbag.py:588} INFO - Filling up the DagBag from /opt/airflow/dags/dag_functions.py
[2025-04-09T16:31:51.691+0000] {processor.py:927} WARNING - No viable dags retrieved from /opt/airflow/dags/dag_functions.py
[2025-04-09T16:31:51.720+0000] {processor.py:208} INFO - Processing /opt/airflow/dags/dag_functions.py took 0.434 seconds
[2025-04-09T16:32:22.285+0000] {processor.py:186} INFO - Started process (PID=221) to work on /opt/airflow/dags/dag_functions.py
[2025-04-09T16:32:22.287+0000] {processor.py:914} INFO - Processing file /opt/airflow/dags/dag_functions.py for tasks to queue
[2025-04-09T16:32:22.290+0000] {logging_mixin.py:190} INFO - [2025-04-09T16:32:22.289+0000] {dagbag.py:588} INFO - Filling up the DagBag from /opt/airflow/dags/dag_functions.py
[2025-04-09T16:32:22.857+0000] {processor.py:927} WARNING - No viable dags retrieved from /opt/airflow/dags/dag_functions.py
[2025-04-09T16:32:22.900+0000] {processor.py:208} INFO - Processing /opt/airflow/dags/dag_functions.py took 0.620 seconds
[2025-04-09T16:32:53.663+0000] {processor.py:186} INFO - Started process (PID=225) to work on /opt/airflow/dags/dag_functions.py
[2025-04-09T16:32:53.664+0000] {processor.py:914} INFO - Processing file /opt/airflow/dags/dag_functions.py for tasks to queue
[2025-04-09T16:32:53.666+0000] {logging_mixin.py:190} INFO - [2025-04-09T16:32:53.666+0000] {dagbag.py:588} INFO - Filling up the DagBag from /opt/airflow/dags/dag_functions.py
[2025-04-09T16:32:54.091+0000] {processor.py:927} WARNING - No viable dags retrieved from /opt/airflow/dags/dag_functions.py
[2025-04-09T16:32:54.113+0000] {processor.py:208} INFO - Processing /opt/airflow/dags/dag_functions.py took 0.454 seconds
[2025-04-09T16:33:24.610+0000] {processor.py:186} INFO - Started process (PID=229) to work on /opt/airflow/dags/dag_functions.py
[2025-04-09T16:33:24.612+0000] {processor.py:914} INFO - Processing file /opt/airflow/dags/dag_functions.py for tasks to queue
[2025-04-09T16:33:24.615+0000] {logging_mixin.py:190} INFO - [2025-04-09T16:33:24.614+0000] {dagbag.py:588} INFO - Filling up the DagBag from /opt/airflow/dags/dag_functions.py
[2025-04-09T16:33:25.143+0000] {processor.py:927} WARNING - No viable dags retrieved from /opt/airflow/dags/dag_functions.py
[2025-04-09T16:33:25.173+0000] {processor.py:208} INFO - Processing /opt/airflow/dags/dag_functions.py took 0.569 seconds
[2025-04-09T16:33:55.646+0000] {processor.py:186} INFO - Started process (PID=233) to work on /opt/airflow/dags/dag_functions.py
[2025-04-09T16:33:55.648+0000] {processor.py:914} INFO - Processing file /opt/airflow/dags/dag_functions.py for tasks to queue
[2025-04-09T16:33:55.650+0000] {logging_mixin.py:190} INFO - [2025-04-09T16:33:55.650+0000] {dagbag.py:588} INFO - Filling up the DagBag from /opt/airflow/dags/dag_functions.py
[2025-04-09T16:33:56.086+0000] {processor.py:927} WARNING - No viable dags retrieved from /opt/airflow/dags/dag_functions.py
[2025-04-09T16:33:56.107+0000] {processor.py:208} INFO - Processing /opt/airflow/dags/dag_functions.py took 0.468 seconds
[2025-04-09T16:34:26.972+0000] {processor.py:186} INFO - Started process (PID=237) to work on /opt/airflow/dags/dag_functions.py
[2025-04-09T16:34:26.974+0000] {processor.py:914} INFO - Processing file /opt/airflow/dags/dag_functions.py for tasks to queue
[2025-04-09T16:34:26.976+0000] {logging_mixin.py:190} INFO - [2025-04-09T16:34:26.976+0000] {dagbag.py:588} INFO - Filling up the DagBag from /opt/airflow/dags/dag_functions.py
[2025-04-09T16:34:27.408+0000] {processor.py:927} WARNING - No viable dags retrieved from /opt/airflow/dags/dag_functions.py
[2025-04-09T16:34:27.428+0000] {processor.py:208} INFO - Processing /opt/airflow/dags/dag_functions.py took 0.460 seconds
[2025-04-09T16:34:57.558+0000] {processor.py:186} INFO - Started process (PID=241) to work on /opt/airflow/dags/dag_functions.py
[2025-04-09T16:34:57.559+0000] {processor.py:914} INFO - Processing file /opt/airflow/dags/dag_functions.py for tasks to queue
[2025-04-09T16:34:57.562+0000] {logging_mixin.py:190} INFO - [2025-04-09T16:34:57.562+0000] {dagbag.py:588} INFO - Filling up the DagBag from /opt/airflow/dags/dag_functions.py
[2025-04-09T16:34:58.007+0000] {processor.py:927} WARNING - No viable dags retrieved from /opt/airflow/dags/dag_functions.py
[2025-04-09T16:34:58.040+0000] {processor.py:208} INFO - Processing /opt/airflow/dags/dag_functions.py took 0.488 seconds
[2025-04-09T16:35:28.761+0000] {processor.py:186} INFO - Started process (PID=245) to work on /opt/airflow/dags/dag_functions.py
[2025-04-09T16:35:28.762+0000] {processor.py:914} INFO - Processing file /opt/airflow/dags/dag_functions.py for tasks to queue
[2025-04-09T16:35:28.764+0000] {logging_mixin.py:190} INFO - [2025-04-09T16:35:28.764+0000] {dagbag.py:588} INFO - Filling up the DagBag from /opt/airflow/dags/dag_functions.py
[2025-04-09T16:35:29.131+0000] {processor.py:927} WARNING - No viable dags retrieved from /opt/airflow/dags/dag_functions.py
[2025-04-09T16:35:29.151+0000] {processor.py:208} INFO - Processing /opt/airflow/dags/dag_functions.py took 0.394 seconds
[2025-04-09T16:35:59.739+0000] {processor.py:186} INFO - Started process (PID=249) to work on /opt/airflow/dags/dag_functions.py
[2025-04-09T16:35:59.740+0000] {processor.py:914} INFO - Processing file /opt/airflow/dags/dag_functions.py for tasks to queue
[2025-04-09T16:35:59.743+0000] {logging_mixin.py:190} INFO - [2025-04-09T16:35:59.742+0000] {dagbag.py:588} INFO - Filling up the DagBag from /opt/airflow/dags/dag_functions.py
[2025-04-09T16:36:00.158+0000] {processor.py:927} WARNING - No viable dags retrieved from /opt/airflow/dags/dag_functions.py
[2025-04-09T16:36:00.174+0000] {processor.py:208} INFO - Processing /opt/airflow/dags/dag_functions.py took 0.441 seconds
[2025-04-09T16:36:30.694+0000] {processor.py:186} INFO - Started process (PID=253) to work on /opt/airflow/dags/dag_functions.py
[2025-04-09T16:36:30.695+0000] {processor.py:914} INFO - Processing file /opt/airflow/dags/dag_functions.py for tasks to queue
[2025-04-09T16:36:30.698+0000] {logging_mixin.py:190} INFO - [2025-04-09T16:36:30.698+0000] {dagbag.py:588} INFO - Filling up the DagBag from /opt/airflow/dags/dag_functions.py
[2025-04-09T16:36:31.089+0000] {processor.py:927} WARNING - No viable dags retrieved from /opt/airflow/dags/dag_functions.py
[2025-04-09T16:36:31.109+0000] {processor.py:208} INFO - Processing /opt/airflow/dags/dag_functions.py took 0.422 seconds
[2025-04-09T16:37:01.741+0000] {processor.py:186} INFO - Started process (PID=257) to work on /opt/airflow/dags/dag_functions.py
[2025-04-09T16:37:01.743+0000] {processor.py:914} INFO - Processing file /opt/airflow/dags/dag_functions.py for tasks to queue
[2025-04-09T16:37:01.745+0000] {logging_mixin.py:190} INFO - [2025-04-09T16:37:01.745+0000] {dagbag.py:588} INFO - Filling up the DagBag from /opt/airflow/dags/dag_functions.py
[2025-04-09T16:37:02.220+0000] {processor.py:927} WARNING - No viable dags retrieved from /opt/airflow/dags/dag_functions.py
[2025-04-09T16:37:02.255+0000] {processor.py:208} INFO - Processing /opt/airflow/dags/dag_functions.py took 0.518 seconds
[2025-04-09T16:37:32.960+0000] {processor.py:186} INFO - Started process (PID=261) to work on /opt/airflow/dags/dag_functions.py
[2025-04-09T16:37:32.961+0000] {processor.py:914} INFO - Processing file /opt/airflow/dags/dag_functions.py for tasks to queue
[2025-04-09T16:37:32.964+0000] {logging_mixin.py:190} INFO - [2025-04-09T16:37:32.963+0000] {dagbag.py:588} INFO - Filling up the DagBag from /opt/airflow/dags/dag_functions.py
[2025-04-09T16:37:33.388+0000] {processor.py:927} WARNING - No viable dags retrieved from /opt/airflow/dags/dag_functions.py
[2025-04-09T16:37:33.417+0000] {processor.py:208} INFO - Processing /opt/airflow/dags/dag_functions.py took 0.461 seconds
[2025-04-09T16:38:03.961+0000] {processor.py:186} INFO - Started process (PID=265) to work on /opt/airflow/dags/dag_functions.py
[2025-04-09T16:38:03.963+0000] {processor.py:914} INFO - Processing file /opt/airflow/dags/dag_functions.py for tasks to queue
[2025-04-09T16:38:03.965+0000] {logging_mixin.py:190} INFO - [2025-04-09T16:38:03.965+0000] {dagbag.py:588} INFO - Filling up the DagBag from /opt/airflow/dags/dag_functions.py
[2025-04-09T16:38:04.368+0000] {processor.py:927} WARNING - No viable dags retrieved from /opt/airflow/dags/dag_functions.py
[2025-04-09T16:38:04.403+0000] {processor.py:208} INFO - Processing /opt/airflow/dags/dag_functions.py took 0.446 seconds
[2025-04-09T16:38:34.634+0000] {processor.py:186} INFO - Started process (PID=269) to work on /opt/airflow/dags/dag_functions.py
[2025-04-09T16:38:34.635+0000] {processor.py:914} INFO - Processing file /opt/airflow/dags/dag_functions.py for tasks to queue
[2025-04-09T16:38:34.638+0000] {logging_mixin.py:190} INFO - [2025-04-09T16:38:34.637+0000] {dagbag.py:588} INFO - Filling up the DagBag from /opt/airflow/dags/dag_functions.py
[2025-04-09T16:38:35.108+0000] {processor.py:927} WARNING - No viable dags retrieved from /opt/airflow/dags/dag_functions.py
[2025-04-09T16:38:35.132+0000] {processor.py:208} INFO - Processing /opt/airflow/dags/dag_functions.py took 0.503 seconds
[2025-04-09T16:39:05.688+0000] {processor.py:186} INFO - Started process (PID=273) to work on /opt/airflow/dags/dag_functions.py
[2025-04-09T16:39:05.689+0000] {processor.py:914} INFO - Processing file /opt/airflow/dags/dag_functions.py for tasks to queue
[2025-04-09T16:39:05.691+0000] {logging_mixin.py:190} INFO - [2025-04-09T16:39:05.691+0000] {dagbag.py:588} INFO - Filling up the DagBag from /opt/airflow/dags/dag_functions.py
[2025-04-09T16:39:06.112+0000] {processor.py:927} WARNING - No viable dags retrieved from /opt/airflow/dags/dag_functions.py
[2025-04-09T16:39:06.143+0000] {processor.py:208} INFO - Processing /opt/airflow/dags/dag_functions.py took 0.460 seconds
[2025-04-09T16:39:36.733+0000] {processor.py:186} INFO - Started process (PID=277) to work on /opt/airflow/dags/dag_functions.py
[2025-04-09T16:39:36.735+0000] {processor.py:914} INFO - Processing file /opt/airflow/dags/dag_functions.py for tasks to queue
[2025-04-09T16:39:36.738+0000] {logging_mixin.py:190} INFO - [2025-04-09T16:39:36.737+0000] {dagbag.py:588} INFO - Filling up the DagBag from /opt/airflow/dags/dag_functions.py
[2025-04-09T16:39:37.179+0000] {processor.py:927} WARNING - No viable dags retrieved from /opt/airflow/dags/dag_functions.py
[2025-04-09T16:39:37.202+0000] {processor.py:208} INFO - Processing /opt/airflow/dags/dag_functions.py took 0.474 seconds
[2025-04-09T16:40:07.869+0000] {processor.py:186} INFO - Started process (PID=281) to work on /opt/airflow/dags/dag_functions.py
[2025-04-09T16:40:07.870+0000] {processor.py:914} INFO - Processing file /opt/airflow/dags/dag_functions.py for tasks to queue
[2025-04-09T16:40:07.875+0000] {logging_mixin.py:190} INFO - [2025-04-09T16:40:07.874+0000] {dagbag.py:588} INFO - Filling up the DagBag from /opt/airflow/dags/dag_functions.py
[2025-04-09T16:40:08.505+0000] {processor.py:927} WARNING - No viable dags retrieved from /opt/airflow/dags/dag_functions.py
[2025-04-09T16:40:08.537+0000] {processor.py:208} INFO - Processing /opt/airflow/dags/dag_functions.py took 0.676 seconds
[2025-04-09T16:40:39.178+0000] {processor.py:186} INFO - Started process (PID=285) to work on /opt/airflow/dags/dag_functions.py
[2025-04-09T16:40:39.180+0000] {processor.py:914} INFO - Processing file /opt/airflow/dags/dag_functions.py for tasks to queue
[2025-04-09T16:40:39.182+0000] {logging_mixin.py:190} INFO - [2025-04-09T16:40:39.182+0000] {dagbag.py:588} INFO - Filling up the DagBag from /opt/airflow/dags/dag_functions.py
[2025-04-09T16:40:39.617+0000] {processor.py:927} WARNING - No viable dags retrieved from /opt/airflow/dags/dag_functions.py
[2025-04-09T16:40:39.646+0000] {processor.py:208} INFO - Processing /opt/airflow/dags/dag_functions.py took 0.472 seconds
[2025-04-09T16:41:09.706+0000] {processor.py:186} INFO - Started process (PID=289) to work on /opt/airflow/dags/dag_functions.py
[2025-04-09T16:41:09.707+0000] {processor.py:914} INFO - Processing file /opt/airflow/dags/dag_functions.py for tasks to queue
[2025-04-09T16:41:09.712+0000] {logging_mixin.py:190} INFO - [2025-04-09T16:41:09.711+0000] {dagbag.py:588} INFO - Filling up the DagBag from /opt/airflow/dags/dag_functions.py
[2025-04-09T16:41:10.118+0000] {processor.py:927} WARNING - No viable dags retrieved from /opt/airflow/dags/dag_functions.py
[2025-04-09T16:41:10.138+0000] {processor.py:208} INFO - Processing /opt/airflow/dags/dag_functions.py took 0.437 seconds
[2025-04-09T16:41:40.681+0000] {processor.py:186} INFO - Started process (PID=293) to work on /opt/airflow/dags/dag_functions.py
[2025-04-09T16:41:40.682+0000] {processor.py:914} INFO - Processing file /opt/airflow/dags/dag_functions.py for tasks to queue
[2025-04-09T16:41:40.685+0000] {logging_mixin.py:190} INFO - [2025-04-09T16:41:40.685+0000] {dagbag.py:588} INFO - Filling up the DagBag from /opt/airflow/dags/dag_functions.py
[2025-04-09T16:41:41.118+0000] {processor.py:927} WARNING - No viable dags retrieved from /opt/airflow/dags/dag_functions.py
[2025-04-09T16:41:41.142+0000] {processor.py:208} INFO - Processing /opt/airflow/dags/dag_functions.py took 0.468 seconds
[2025-04-09T16:42:11.396+0000] {processor.py:186} INFO - Started process (PID=297) to work on /opt/airflow/dags/dag_functions.py
[2025-04-09T16:42:11.398+0000] {processor.py:914} INFO - Processing file /opt/airflow/dags/dag_functions.py for tasks to queue
[2025-04-09T16:42:11.401+0000] {logging_mixin.py:190} INFO - [2025-04-09T16:42:11.401+0000] {dagbag.py:588} INFO - Filling up the DagBag from /opt/airflow/dags/dag_functions.py
[2025-04-09T16:42:11.854+0000] {processor.py:927} WARNING - No viable dags retrieved from /opt/airflow/dags/dag_functions.py
[2025-04-09T16:42:11.885+0000] {processor.py:208} INFO - Processing /opt/airflow/dags/dag_functions.py took 0.494 seconds
[2025-04-09T16:42:42.377+0000] {processor.py:186} INFO - Started process (PID=301) to work on /opt/airflow/dags/dag_functions.py
[2025-04-09T16:42:42.378+0000] {processor.py:914} INFO - Processing file /opt/airflow/dags/dag_functions.py for tasks to queue
[2025-04-09T16:42:42.381+0000] {logging_mixin.py:190} INFO - [2025-04-09T16:42:42.380+0000] {dagbag.py:588} INFO - Filling up the DagBag from /opt/airflow/dags/dag_functions.py
[2025-04-09T16:42:42.799+0000] {processor.py:927} WARNING - No viable dags retrieved from /opt/airflow/dags/dag_functions.py
[2025-04-09T16:42:42.813+0000] {processor.py:208} INFO - Processing /opt/airflow/dags/dag_functions.py took 0.442 seconds
[2025-04-09T16:43:12.921+0000] {processor.py:186} INFO - Started process (PID=305) to work on /opt/airflow/dags/dag_functions.py
[2025-04-09T16:43:12.922+0000] {processor.py:914} INFO - Processing file /opt/airflow/dags/dag_functions.py for tasks to queue
[2025-04-09T16:43:12.924+0000] {logging_mixin.py:190} INFO - [2025-04-09T16:43:12.924+0000] {dagbag.py:588} INFO - Filling up the DagBag from /opt/airflow/dags/dag_functions.py
[2025-04-09T16:43:13.333+0000] {processor.py:927} WARNING - No viable dags retrieved from /opt/airflow/dags/dag_functions.py
[2025-04-09T16:43:13.352+0000] {processor.py:208} INFO - Processing /opt/airflow/dags/dag_functions.py took 0.436 seconds
[2025-04-09T16:43:43.968+0000] {processor.py:186} INFO - Started process (PID=309) to work on /opt/airflow/dags/dag_functions.py
[2025-04-09T16:43:43.969+0000] {processor.py:914} INFO - Processing file /opt/airflow/dags/dag_functions.py for tasks to queue
[2025-04-09T16:43:43.972+0000] {logging_mixin.py:190} INFO - [2025-04-09T16:43:43.971+0000] {dagbag.py:588} INFO - Filling up the DagBag from /opt/airflow/dags/dag_functions.py
[2025-04-09T16:43:44.364+0000] {processor.py:927} WARNING - No viable dags retrieved from /opt/airflow/dags/dag_functions.py
[2025-04-09T16:43:44.383+0000] {processor.py:208} INFO - Processing /opt/airflow/dags/dag_functions.py took 0.420 seconds
[2025-04-09T16:44:15.125+0000] {processor.py:186} INFO - Started process (PID=313) to work on /opt/airflow/dags/dag_functions.py
[2025-04-09T16:44:15.126+0000] {processor.py:914} INFO - Processing file /opt/airflow/dags/dag_functions.py for tasks to queue
[2025-04-09T16:44:15.129+0000] {logging_mixin.py:190} INFO - [2025-04-09T16:44:15.128+0000] {dagbag.py:588} INFO - Filling up the DagBag from /opt/airflow/dags/dag_functions.py
[2025-04-09T16:44:15.521+0000] {processor.py:927} WARNING - No viable dags retrieved from /opt/airflow/dags/dag_functions.py
[2025-04-09T16:44:15.554+0000] {processor.py:208} INFO - Processing /opt/airflow/dags/dag_functions.py took 0.435 seconds
[2025-04-09T16:44:45.743+0000] {processor.py:186} INFO - Started process (PID=317) to work on /opt/airflow/dags/dag_functions.py
[2025-04-09T16:44:45.745+0000] {processor.py:914} INFO - Processing file /opt/airflow/dags/dag_functions.py for tasks to queue
[2025-04-09T16:44:45.748+0000] {logging_mixin.py:190} INFO - [2025-04-09T16:44:45.748+0000] {dagbag.py:588} INFO - Filling up the DagBag from /opt/airflow/dags/dag_functions.py
[2025-04-09T16:44:46.140+0000] {processor.py:927} WARNING - No viable dags retrieved from /opt/airflow/dags/dag_functions.py
[2025-04-09T16:44:46.154+0000] {processor.py:208} INFO - Processing /opt/airflow/dags/dag_functions.py took 0.415 seconds
[2025-04-09T16:45:16.479+0000] {processor.py:186} INFO - Started process (PID=321) to work on /opt/airflow/dags/dag_functions.py
[2025-04-09T16:45:16.480+0000] {processor.py:914} INFO - Processing file /opt/airflow/dags/dag_functions.py for tasks to queue
[2025-04-09T16:45:16.483+0000] {logging_mixin.py:190} INFO - [2025-04-09T16:45:16.482+0000] {dagbag.py:588} INFO - Filling up the DagBag from /opt/airflow/dags/dag_functions.py
[2025-04-09T16:45:16.887+0000] {processor.py:927} WARNING - No viable dags retrieved from /opt/airflow/dags/dag_functions.py
[2025-04-09T16:45:16.919+0000] {processor.py:208} INFO - Processing /opt/airflow/dags/dag_functions.py took 0.445 seconds
[2025-04-09T16:45:47.592+0000] {processor.py:186} INFO - Started process (PID=325) to work on /opt/airflow/dags/dag_functions.py
[2025-04-09T16:45:47.593+0000] {processor.py:914} INFO - Processing file /opt/airflow/dags/dag_functions.py for tasks to queue
[2025-04-09T16:45:47.595+0000] {logging_mixin.py:190} INFO - [2025-04-09T16:45:47.595+0000] {dagbag.py:588} INFO - Filling up the DagBag from /opt/airflow/dags/dag_functions.py
[2025-04-09T16:45:47.987+0000] {processor.py:927} WARNING - No viable dags retrieved from /opt/airflow/dags/dag_functions.py
[2025-04-09T16:45:48.010+0000] {processor.py:208} INFO - Processing /opt/airflow/dags/dag_functions.py took 0.422 seconds
[2025-04-09T16:46:18.412+0000] {processor.py:186} INFO - Started process (PID=329) to work on /opt/airflow/dags/dag_functions.py
[2025-04-09T16:46:18.413+0000] {processor.py:914} INFO - Processing file /opt/airflow/dags/dag_functions.py for tasks to queue
[2025-04-09T16:46:18.416+0000] {logging_mixin.py:190} INFO - [2025-04-09T16:46:18.416+0000] {dagbag.py:588} INFO - Filling up the DagBag from /opt/airflow/dags/dag_functions.py
[2025-04-09T16:46:18.816+0000] {processor.py:927} WARNING - No viable dags retrieved from /opt/airflow/dags/dag_functions.py
[2025-04-09T16:46:18.850+0000] {processor.py:208} INFO - Processing /opt/airflow/dags/dag_functions.py took 0.442 seconds
[2025-04-09T16:46:49.497+0000] {processor.py:186} INFO - Started process (PID=333) to work on /opt/airflow/dags/dag_functions.py
[2025-04-09T16:46:49.498+0000] {processor.py:914} INFO - Processing file /opt/airflow/dags/dag_functions.py for tasks to queue
[2025-04-09T16:46:49.501+0000] {logging_mixin.py:190} INFO - [2025-04-09T16:46:49.501+0000] {dagbag.py:588} INFO - Filling up the DagBag from /opt/airflow/dags/dag_functions.py
[2025-04-09T16:46:49.974+0000] {processor.py:927} WARNING - No viable dags retrieved from /opt/airflow/dags/dag_functions.py
[2025-04-09T16:46:50.011+0000] {processor.py:208} INFO - Processing /opt/airflow/dags/dag_functions.py took 0.519 seconds
[2025-04-09T16:47:20.601+0000] {processor.py:186} INFO - Started process (PID=337) to work on /opt/airflow/dags/dag_functions.py
[2025-04-09T16:47:20.603+0000] {processor.py:914} INFO - Processing file /opt/airflow/dags/dag_functions.py for tasks to queue
[2025-04-09T16:47:20.605+0000] {logging_mixin.py:190} INFO - [2025-04-09T16:47:20.605+0000] {dagbag.py:588} INFO - Filling up the DagBag from /opt/airflow/dags/dag_functions.py
[2025-04-09T16:47:20.983+0000] {processor.py:927} WARNING - No viable dags retrieved from /opt/airflow/dags/dag_functions.py
[2025-04-09T16:47:20.996+0000] {processor.py:208} INFO - Processing /opt/airflow/dags/dag_functions.py took 0.399 seconds
[2025-04-09T16:47:51.635+0000] {processor.py:186} INFO - Started process (PID=341) to work on /opt/airflow/dags/dag_functions.py
[2025-04-09T16:47:51.636+0000] {processor.py:914} INFO - Processing file /opt/airflow/dags/dag_functions.py for tasks to queue
[2025-04-09T16:47:51.638+0000] {logging_mixin.py:190} INFO - [2025-04-09T16:47:51.638+0000] {dagbag.py:588} INFO - Filling up the DagBag from /opt/airflow/dags/dag_functions.py
[2025-04-09T16:47:52.113+0000] {processor.py:927} WARNING - No viable dags retrieved from /opt/airflow/dags/dag_functions.py
[2025-04-09T16:47:52.145+0000] {processor.py:208} INFO - Processing /opt/airflow/dags/dag_functions.py took 0.515 seconds
[2025-04-09T16:47:59.055+0000] {processor.py:186} INFO - Started process (PID=343) to work on /opt/airflow/dags/dag_functions.py
[2025-04-09T16:47:59.056+0000] {processor.py:914} INFO - Processing file /opt/airflow/dags/dag_functions.py for tasks to queue
[2025-04-09T16:47:59.059+0000] {logging_mixin.py:190} INFO - [2025-04-09T16:47:59.058+0000] {dagbag.py:588} INFO - Filling up the DagBag from /opt/airflow/dags/dag_functions.py
[2025-04-09T16:47:59.580+0000] {processor.py:927} WARNING - No viable dags retrieved from /opt/airflow/dags/dag_functions.py
[2025-04-09T16:47:59.615+0000] {processor.py:208} INFO - Processing /opt/airflow/dags/dag_functions.py took 0.564 seconds
[2025-04-09T16:48:17.688+0000] {processor.py:186} INFO - Started process (PID=347) to work on /opt/airflow/dags/dag_functions.py
[2025-04-09T16:48:17.689+0000] {processor.py:914} INFO - Processing file /opt/airflow/dags/dag_functions.py for tasks to queue
[2025-04-09T16:48:17.692+0000] {logging_mixin.py:190} INFO - [2025-04-09T16:48:17.692+0000] {dagbag.py:588} INFO - Filling up the DagBag from /opt/airflow/dags/dag_functions.py
[2025-04-09T16:48:18.122+0000] {processor.py:927} WARNING - No viable dags retrieved from /opt/airflow/dags/dag_functions.py
[2025-04-09T16:48:18.154+0000] {processor.py:208} INFO - Processing /opt/airflow/dags/dag_functions.py took 0.472 seconds
[2025-04-09T16:48:48.469+0000] {processor.py:186} INFO - Started process (PID=375) to work on /opt/airflow/dags/dag_functions.py
[2025-04-09T16:48:48.470+0000] {processor.py:914} INFO - Processing file /opt/airflow/dags/dag_functions.py for tasks to queue
[2025-04-09T16:48:48.473+0000] {logging_mixin.py:190} INFO - [2025-04-09T16:48:48.473+0000] {dagbag.py:588} INFO - Filling up the DagBag from /opt/airflow/dags/dag_functions.py
[2025-04-09T16:48:48.909+0000] {processor.py:927} WARNING - No viable dags retrieved from /opt/airflow/dags/dag_functions.py
[2025-04-09T16:48:48.938+0000] {processor.py:208} INFO - Processing /opt/airflow/dags/dag_functions.py took 0.475 seconds
[2025-04-09T16:49:19.521+0000] {processor.py:186} INFO - Started process (PID=379) to work on /opt/airflow/dags/dag_functions.py
[2025-04-09T16:49:19.523+0000] {processor.py:914} INFO - Processing file /opt/airflow/dags/dag_functions.py for tasks to queue
[2025-04-09T16:49:19.525+0000] {logging_mixin.py:190} INFO - [2025-04-09T16:49:19.524+0000] {dagbag.py:588} INFO - Filling up the DagBag from /opt/airflow/dags/dag_functions.py
[2025-04-09T16:49:19.940+0000] {processor.py:927} WARNING - No viable dags retrieved from /opt/airflow/dags/dag_functions.py
[2025-04-09T16:49:19.965+0000] {processor.py:208} INFO - Processing /opt/airflow/dags/dag_functions.py took 0.449 seconds
[2025-04-09T16:49:50.539+0000] {processor.py:186} INFO - Started process (PID=383) to work on /opt/airflow/dags/dag_functions.py
[2025-04-09T16:49:50.540+0000] {processor.py:914} INFO - Processing file /opt/airflow/dags/dag_functions.py for tasks to queue
[2025-04-09T16:49:50.543+0000] {logging_mixin.py:190} INFO - [2025-04-09T16:49:50.543+0000] {dagbag.py:588} INFO - Filling up the DagBag from /opt/airflow/dags/dag_functions.py
[2025-04-09T16:49:51.023+0000] {processor.py:927} WARNING - No viable dags retrieved from /opt/airflow/dags/dag_functions.py
[2025-04-09T16:49:51.047+0000] {processor.py:208} INFO - Processing /opt/airflow/dags/dag_functions.py took 0.514 seconds
[2025-04-09T16:50:21.283+0000] {processor.py:186} INFO - Started process (PID=387) to work on /opt/airflow/dags/dag_functions.py
[2025-04-09T16:50:21.284+0000] {processor.py:914} INFO - Processing file /opt/airflow/dags/dag_functions.py for tasks to queue
[2025-04-09T16:50:21.286+0000] {logging_mixin.py:190} INFO - [2025-04-09T16:50:21.286+0000] {dagbag.py:588} INFO - Filling up the DagBag from /opt/airflow/dags/dag_functions.py
[2025-04-09T16:50:21.734+0000] {processor.py:927} WARNING - No viable dags retrieved from /opt/airflow/dags/dag_functions.py
[2025-04-09T16:50:21.760+0000] {processor.py:208} INFO - Processing /opt/airflow/dags/dag_functions.py took 0.482 seconds
[2025-04-09T16:50:51.983+0000] {processor.py:186} INFO - Started process (PID=391) to work on /opt/airflow/dags/dag_functions.py
[2025-04-09T16:50:51.984+0000] {processor.py:914} INFO - Processing file /opt/airflow/dags/dag_functions.py for tasks to queue
[2025-04-09T16:50:51.987+0000] {logging_mixin.py:190} INFO - [2025-04-09T16:50:51.987+0000] {dagbag.py:588} INFO - Filling up the DagBag from /opt/airflow/dags/dag_functions.py
[2025-04-09T16:50:52.617+0000] {processor.py:927} WARNING - No viable dags retrieved from /opt/airflow/dags/dag_functions.py
[2025-04-09T16:50:52.678+0000] {processor.py:208} INFO - Processing /opt/airflow/dags/dag_functions.py took 0.702 seconds
[2025-04-09T16:51:23.094+0000] {processor.py:186} INFO - Started process (PID=395) to work on /opt/airflow/dags/dag_functions.py
[2025-04-09T16:51:23.096+0000] {processor.py:914} INFO - Processing file /opt/airflow/dags/dag_functions.py for tasks to queue
[2025-04-09T16:51:23.100+0000] {logging_mixin.py:190} INFO - [2025-04-09T16:51:23.099+0000] {dagbag.py:588} INFO - Filling up the DagBag from /opt/airflow/dags/dag_functions.py
[2025-04-09T16:51:23.700+0000] {processor.py:927} WARNING - No viable dags retrieved from /opt/airflow/dags/dag_functions.py
[2025-04-09T16:51:23.737+0000] {processor.py:208} INFO - Processing /opt/airflow/dags/dag_functions.py took 0.651 seconds
[2025-04-09T16:51:54.251+0000] {processor.py:186} INFO - Started process (PID=399) to work on /opt/airflow/dags/dag_functions.py
[2025-04-09T16:51:54.255+0000] {processor.py:914} INFO - Processing file /opt/airflow/dags/dag_functions.py for tasks to queue
[2025-04-09T16:51:54.259+0000] {logging_mixin.py:190} INFO - [2025-04-09T16:51:54.258+0000] {dagbag.py:588} INFO - Filling up the DagBag from /opt/airflow/dags/dag_functions.py
[2025-04-09T16:51:54.911+0000] {processor.py:927} WARNING - No viable dags retrieved from /opt/airflow/dags/dag_functions.py
[2025-04-09T16:51:54.941+0000] {processor.py:208} INFO - Processing /opt/airflow/dags/dag_functions.py took 0.704 seconds
[2025-04-09T16:52:25.518+0000] {processor.py:186} INFO - Started process (PID=403) to work on /opt/airflow/dags/dag_functions.py
[2025-04-09T16:52:25.520+0000] {processor.py:914} INFO - Processing file /opt/airflow/dags/dag_functions.py for tasks to queue
[2025-04-09T16:52:25.524+0000] {logging_mixin.py:190} INFO - [2025-04-09T16:52:25.523+0000] {dagbag.py:588} INFO - Filling up the DagBag from /opt/airflow/dags/dag_functions.py
[2025-04-09T16:52:26.172+0000] {processor.py:927} WARNING - No viable dags retrieved from /opt/airflow/dags/dag_functions.py
[2025-04-09T16:52:26.198+0000] {processor.py:208} INFO - Processing /opt/airflow/dags/dag_functions.py took 0.689 seconds
[2025-04-09T16:52:56.717+0000] {processor.py:186} INFO - Started process (PID=407) to work on /opt/airflow/dags/dag_functions.py
[2025-04-09T16:52:56.719+0000] {processor.py:914} INFO - Processing file /opt/airflow/dags/dag_functions.py for tasks to queue
[2025-04-09T16:52:56.722+0000] {logging_mixin.py:190} INFO - [2025-04-09T16:52:56.722+0000] {dagbag.py:588} INFO - Filling up the DagBag from /opt/airflow/dags/dag_functions.py
[2025-04-09T16:52:57.335+0000] {processor.py:927} WARNING - No viable dags retrieved from /opt/airflow/dags/dag_functions.py
[2025-04-09T16:52:57.362+0000] {processor.py:208} INFO - Processing /opt/airflow/dags/dag_functions.py took 0.651 seconds
[2025-04-09T16:53:27.714+0000] {processor.py:186} INFO - Started process (PID=411) to work on /opt/airflow/dags/dag_functions.py
[2025-04-09T16:53:27.716+0000] {processor.py:914} INFO - Processing file /opt/airflow/dags/dag_functions.py for tasks to queue
[2025-04-09T16:53:27.719+0000] {logging_mixin.py:190} INFO - [2025-04-09T16:53:27.718+0000] {dagbag.py:588} INFO - Filling up the DagBag from /opt/airflow/dags/dag_functions.py
[2025-04-09T16:53:28.393+0000] {processor.py:927} WARNING - No viable dags retrieved from /opt/airflow/dags/dag_functions.py
[2025-04-09T16:53:28.430+0000] {processor.py:208} INFO - Processing /opt/airflow/dags/dag_functions.py took 0.727 seconds
[2025-04-09T16:53:59.724+0000] {processor.py:186} INFO - Started process (PID=427) to work on /opt/airflow/dags/dag_functions.py
[2025-04-09T16:53:59.726+0000] {processor.py:914} INFO - Processing file /opt/airflow/dags/dag_functions.py for tasks to queue
[2025-04-09T16:53:59.731+0000] {logging_mixin.py:190} INFO - [2025-04-09T16:53:59.731+0000] {dagbag.py:588} INFO - Filling up the DagBag from /opt/airflow/dags/dag_functions.py
[2025-04-09T16:54:00.433+0000] {processor.py:927} WARNING - No viable dags retrieved from /opt/airflow/dags/dag_functions.py
[2025-04-09T16:54:00.478+0000] {processor.py:208} INFO - Processing /opt/airflow/dags/dag_functions.py took 0.765 seconds
[2025-04-09T16:54:30.894+0000] {processor.py:186} INFO - Started process (PID=431) to work on /opt/airflow/dags/dag_functions.py
[2025-04-09T16:54:30.896+0000] {processor.py:914} INFO - Processing file /opt/airflow/dags/dag_functions.py for tasks to queue
[2025-04-09T16:54:30.899+0000] {logging_mixin.py:190} INFO - [2025-04-09T16:54:30.899+0000] {dagbag.py:588} INFO - Filling up the DagBag from /opt/airflow/dags/dag_functions.py
[2025-04-09T16:54:31.589+0000] {processor.py:927} WARNING - No viable dags retrieved from /opt/airflow/dags/dag_functions.py
[2025-04-09T16:54:31.615+0000] {processor.py:208} INFO - Processing /opt/airflow/dags/dag_functions.py took 0.730 seconds
[2025-04-09T16:55:02.354+0000] {processor.py:186} INFO - Started process (PID=435) to work on /opt/airflow/dags/dag_functions.py
[2025-04-09T16:55:02.356+0000] {processor.py:914} INFO - Processing file /opt/airflow/dags/dag_functions.py for tasks to queue
[2025-04-09T16:55:02.362+0000] {logging_mixin.py:190} INFO - [2025-04-09T16:55:02.362+0000] {dagbag.py:588} INFO - Filling up the DagBag from /opt/airflow/dags/dag_functions.py
[2025-04-09T16:55:02.983+0000] {processor.py:927} WARNING - No viable dags retrieved from /opt/airflow/dags/dag_functions.py
[2025-04-09T16:55:03.015+0000] {processor.py:208} INFO - Processing /opt/airflow/dags/dag_functions.py took 0.669 seconds
[2025-04-09T16:55:33.540+0000] {processor.py:186} INFO - Started process (PID=439) to work on /opt/airflow/dags/dag_functions.py
[2025-04-09T16:55:33.542+0000] {processor.py:914} INFO - Processing file /opt/airflow/dags/dag_functions.py for tasks to queue
[2025-04-09T16:55:33.545+0000] {logging_mixin.py:190} INFO - [2025-04-09T16:55:33.544+0000] {dagbag.py:588} INFO - Filling up the DagBag from /opt/airflow/dags/dag_functions.py
[2025-04-09T16:55:34.160+0000] {processor.py:927} WARNING - No viable dags retrieved from /opt/airflow/dags/dag_functions.py
[2025-04-09T16:55:34.188+0000] {processor.py:208} INFO - Processing /opt/airflow/dags/dag_functions.py took 0.657 seconds
[2025-04-09T16:55:34.986+0000] {processor.py:186} INFO - Started process (PID=441) to work on /opt/airflow/dags/dag_functions.py
[2025-04-09T16:55:34.988+0000] {processor.py:914} INFO - Processing file /opt/airflow/dags/dag_functions.py for tasks to queue
[2025-04-09T16:55:34.992+0000] {logging_mixin.py:190} INFO - [2025-04-09T16:55:34.991+0000] {dagbag.py:588} INFO - Filling up the DagBag from /opt/airflow/dags/dag_functions.py
[2025-04-09T16:55:35.643+0000] {processor.py:927} WARNING - No viable dags retrieved from /opt/airflow/dags/dag_functions.py
[2025-04-09T16:55:35.666+0000] {processor.py:208} INFO - Processing /opt/airflow/dags/dag_functions.py took 0.689 seconds
[2025-04-09T16:56:10.642+0000] {processor.py:186} INFO - Started process (PID=457) to work on /opt/airflow/dags/dag_functions.py
[2025-04-09T16:56:10.644+0000] {processor.py:914} INFO - Processing file /opt/airflow/dags/dag_functions.py for tasks to queue
[2025-04-09T16:56:10.648+0000] {logging_mixin.py:190} INFO - [2025-04-09T16:56:10.647+0000] {dagbag.py:588} INFO - Filling up the DagBag from /opt/airflow/dags/dag_functions.py
[2025-04-09T16:56:11.491+0000] {processor.py:927} WARNING - No viable dags retrieved from /opt/airflow/dags/dag_functions.py
[2025-04-09T16:56:11.520+0000] {processor.py:208} INFO - Processing /opt/airflow/dags/dag_functions.py took 0.891 seconds
[2025-04-09T16:56:42.712+0000] {processor.py:186} INFO - Started process (PID=473) to work on /opt/airflow/dags/dag_functions.py
[2025-04-09T16:56:42.714+0000] {processor.py:914} INFO - Processing file /opt/airflow/dags/dag_functions.py for tasks to queue
[2025-04-09T16:56:42.720+0000] {logging_mixin.py:190} INFO - [2025-04-09T16:56:42.719+0000] {dagbag.py:588} INFO - Filling up the DagBag from /opt/airflow/dags/dag_functions.py
[2025-04-09T16:56:43.562+0000] {processor.py:927} WARNING - No viable dags retrieved from /opt/airflow/dags/dag_functions.py
[2025-04-09T16:56:43.585+0000] {processor.py:208} INFO - Processing /opt/airflow/dags/dag_functions.py took 0.885 seconds
[2025-04-09T16:57:14.607+0000] {processor.py:186} INFO - Started process (PID=477) to work on /opt/airflow/dags/dag_functions.py
[2025-04-09T16:57:14.609+0000] {processor.py:914} INFO - Processing file /opt/airflow/dags/dag_functions.py for tasks to queue
[2025-04-09T16:57:14.614+0000] {logging_mixin.py:190} INFO - [2025-04-09T16:57:14.613+0000] {dagbag.py:588} INFO - Filling up the DagBag from /opt/airflow/dags/dag_functions.py
[2025-04-09T16:57:15.571+0000] {processor.py:927} WARNING - No viable dags retrieved from /opt/airflow/dags/dag_functions.py
[2025-04-09T16:57:15.618+0000] {processor.py:208} INFO - Processing /opt/airflow/dags/dag_functions.py took 1.021 seconds
[2025-04-09T16:57:33.613+0000] {processor.py:186} INFO - Started process (PID=481) to work on /opt/airflow/dags/dag_functions.py
[2025-04-09T16:57:33.616+0000] {processor.py:914} INFO - Processing file /opt/airflow/dags/dag_functions.py for tasks to queue
[2025-04-09T16:57:33.620+0000] {logging_mixin.py:190} INFO - [2025-04-09T16:57:33.619+0000] {dagbag.py:588} INFO - Filling up the DagBag from /opt/airflow/dags/dag_functions.py
[2025-04-09T16:57:34.363+0000] {processor.py:927} WARNING - No viable dags retrieved from /opt/airflow/dags/dag_functions.py
[2025-04-09T16:57:34.390+0000] {processor.py:208} INFO - Processing /opt/airflow/dags/dag_functions.py took 0.787 seconds
[2025-04-09T16:58:04.654+0000] {processor.py:186} INFO - Started process (PID=509) to work on /opt/airflow/dags/dag_functions.py
[2025-04-09T16:58:04.656+0000] {processor.py:914} INFO - Processing file /opt/airflow/dags/dag_functions.py for tasks to queue
[2025-04-09T16:58:04.659+0000] {logging_mixin.py:190} INFO - [2025-04-09T16:58:04.659+0000] {dagbag.py:588} INFO - Filling up the DagBag from /opt/airflow/dags/dag_functions.py
[2025-04-09T16:58:05.343+0000] {processor.py:927} WARNING - No viable dags retrieved from /opt/airflow/dags/dag_functions.py
[2025-04-09T16:58:05.371+0000] {processor.py:208} INFO - Processing /opt/airflow/dags/dag_functions.py took 0.725 seconds
[2025-04-09T16:58:35.978+0000] {processor.py:186} INFO - Started process (PID=513) to work on /opt/airflow/dags/dag_functions.py
[2025-04-09T16:58:35.980+0000] {processor.py:914} INFO - Processing file /opt/airflow/dags/dag_functions.py for tasks to queue
[2025-04-09T16:58:35.984+0000] {logging_mixin.py:190} INFO - [2025-04-09T16:58:35.983+0000] {dagbag.py:588} INFO - Filling up the DagBag from /opt/airflow/dags/dag_functions.py
[2025-04-09T16:58:36.681+0000] {processor.py:927} WARNING - No viable dags retrieved from /opt/airflow/dags/dag_functions.py
[2025-04-09T16:58:36.734+0000] {processor.py:208} INFO - Processing /opt/airflow/dags/dag_functions.py took 0.762 seconds
[2025-04-09T16:59:07.629+0000] {processor.py:186} INFO - Started process (PID=529) to work on /opt/airflow/dags/dag_functions.py
[2025-04-09T16:59:07.630+0000] {processor.py:914} INFO - Processing file /opt/airflow/dags/dag_functions.py for tasks to queue
[2025-04-09T16:59:07.634+0000] {logging_mixin.py:190} INFO - [2025-04-09T16:59:07.633+0000] {dagbag.py:588} INFO - Filling up the DagBag from /opt/airflow/dags/dag_functions.py
[2025-04-09T16:59:08.232+0000] {processor.py:927} WARNING - No viable dags retrieved from /opt/airflow/dags/dag_functions.py
[2025-04-09T16:59:08.259+0000] {processor.py:208} INFO - Processing /opt/airflow/dags/dag_functions.py took 0.637 seconds
[2025-04-09T16:59:38.562+0000] {processor.py:186} INFO - Started process (PID=533) to work on /opt/airflow/dags/dag_functions.py
[2025-04-09T16:59:38.565+0000] {processor.py:914} INFO - Processing file /opt/airflow/dags/dag_functions.py for tasks to queue
[2025-04-09T16:59:38.568+0000] {logging_mixin.py:190} INFO - [2025-04-09T16:59:38.568+0000] {dagbag.py:588} INFO - Filling up the DagBag from /opt/airflow/dags/dag_functions.py
[2025-04-09T16:59:39.141+0000] {processor.py:927} WARNING - No viable dags retrieved from /opt/airflow/dags/dag_functions.py
[2025-04-09T16:59:39.168+0000] {processor.py:208} INFO - Processing /opt/airflow/dags/dag_functions.py took 0.618 seconds
[2025-04-09T17:00:10.212+0000] {processor.py:186} INFO - Started process (PID=537) to work on /opt/airflow/dags/dag_functions.py
[2025-04-09T17:00:10.214+0000] {processor.py:914} INFO - Processing file /opt/airflow/dags/dag_functions.py for tasks to queue
[2025-04-09T17:00:10.217+0000] {logging_mixin.py:190} INFO - [2025-04-09T17:00:10.216+0000] {dagbag.py:588} INFO - Filling up the DagBag from /opt/airflow/dags/dag_functions.py
[2025-04-09T17:00:10.815+0000] {processor.py:927} WARNING - No viable dags retrieved from /opt/airflow/dags/dag_functions.py
[2025-04-09T17:00:10.877+0000] {processor.py:208} INFO - Processing /opt/airflow/dags/dag_functions.py took 0.674 seconds
[2025-04-09T17:00:41.406+0000] {processor.py:186} INFO - Started process (PID=541) to work on /opt/airflow/dags/dag_functions.py
[2025-04-09T17:00:41.407+0000] {processor.py:914} INFO - Processing file /opt/airflow/dags/dag_functions.py for tasks to queue
[2025-04-09T17:00:41.411+0000] {logging_mixin.py:190} INFO - [2025-04-09T17:00:41.410+0000] {dagbag.py:588} INFO - Filling up the DagBag from /opt/airflow/dags/dag_functions.py
[2025-04-09T17:00:42.037+0000] {processor.py:927} WARNING - No viable dags retrieved from /opt/airflow/dags/dag_functions.py
[2025-04-09T17:00:42.064+0000] {processor.py:208} INFO - Processing /opt/airflow/dags/dag_functions.py took 0.665 seconds
[2025-04-09T17:01:12.544+0000] {processor.py:186} INFO - Started process (PID=545) to work on /opt/airflow/dags/dag_functions.py
[2025-04-09T17:01:12.546+0000] {processor.py:914} INFO - Processing file /opt/airflow/dags/dag_functions.py for tasks to queue
[2025-04-09T17:01:12.550+0000] {logging_mixin.py:190} INFO - [2025-04-09T17:01:12.550+0000] {dagbag.py:588} INFO - Filling up the DagBag from /opt/airflow/dags/dag_functions.py
[2025-04-09T17:01:13.227+0000] {processor.py:927} WARNING - No viable dags retrieved from /opt/airflow/dags/dag_functions.py
[2025-04-09T17:01:13.253+0000] {processor.py:208} INFO - Processing /opt/airflow/dags/dag_functions.py took 0.716 seconds
[2025-04-09T17:01:43.423+0000] {processor.py:186} INFO - Started process (PID=549) to work on /opt/airflow/dags/dag_functions.py
[2025-04-09T17:01:43.424+0000] {processor.py:914} INFO - Processing file /opt/airflow/dags/dag_functions.py for tasks to queue
[2025-04-09T17:01:43.429+0000] {logging_mixin.py:190} INFO - [2025-04-09T17:01:43.428+0000] {dagbag.py:588} INFO - Filling up the DagBag from /opt/airflow/dags/dag_functions.py
[2025-04-09T17:01:44.022+0000] {processor.py:927} WARNING - No viable dags retrieved from /opt/airflow/dags/dag_functions.py
[2025-04-09T17:01:44.071+0000] {processor.py:208} INFO - Processing /opt/airflow/dags/dag_functions.py took 0.657 seconds
[2025-04-09T17:02:14.540+0000] {processor.py:186} INFO - Started process (PID=553) to work on /opt/airflow/dags/dag_functions.py
[2025-04-09T17:02:14.559+0000] {processor.py:914} INFO - Processing file /opt/airflow/dags/dag_functions.py for tasks to queue
[2025-04-09T17:02:14.564+0000] {logging_mixin.py:190} INFO - [2025-04-09T17:02:14.564+0000] {dagbag.py:588} INFO - Filling up the DagBag from /opt/airflow/dags/dag_functions.py
[2025-04-09T17:02:15.229+0000] {processor.py:927} WARNING - No viable dags retrieved from /opt/airflow/dags/dag_functions.py
[2025-04-09T17:02:15.255+0000] {processor.py:208} INFO - Processing /opt/airflow/dags/dag_functions.py took 0.727 seconds
[2025-04-09T17:02:45.700+0000] {processor.py:186} INFO - Started process (PID=557) to work on /opt/airflow/dags/dag_functions.py
[2025-04-09T17:02:45.702+0000] {processor.py:914} INFO - Processing file /opt/airflow/dags/dag_functions.py for tasks to queue
[2025-04-09T17:02:45.706+0000] {logging_mixin.py:190} INFO - [2025-04-09T17:02:45.706+0000] {dagbag.py:588} INFO - Filling up the DagBag from /opt/airflow/dags/dag_functions.py
[2025-04-09T17:02:46.475+0000] {processor.py:927} WARNING - No viable dags retrieved from /opt/airflow/dags/dag_functions.py
[2025-04-09T17:02:46.524+0000] {processor.py:208} INFO - Processing /opt/airflow/dags/dag_functions.py took 0.831 seconds
[2025-04-09T17:03:17.122+0000] {processor.py:186} INFO - Started process (PID=561) to work on /opt/airflow/dags/dag_functions.py
[2025-04-09T17:03:17.127+0000] {processor.py:914} INFO - Processing file /opt/airflow/dags/dag_functions.py for tasks to queue
[2025-04-09T17:03:17.131+0000] {logging_mixin.py:190} INFO - [2025-04-09T17:03:17.131+0000] {dagbag.py:588} INFO - Filling up the DagBag from /opt/airflow/dags/dag_functions.py
[2025-04-09T17:03:17.819+0000] {processor.py:927} WARNING - No viable dags retrieved from /opt/airflow/dags/dag_functions.py
[2025-04-09T17:03:17.854+0000] {processor.py:208} INFO - Processing /opt/airflow/dags/dag_functions.py took 0.740 seconds
[2025-04-09T17:03:48.195+0000] {processor.py:186} INFO - Started process (PID=565) to work on /opt/airflow/dags/dag_functions.py
[2025-04-09T17:03:48.197+0000] {processor.py:914} INFO - Processing file /opt/airflow/dags/dag_functions.py for tasks to queue
[2025-04-09T17:03:48.200+0000] {logging_mixin.py:190} INFO - [2025-04-09T17:03:48.200+0000] {dagbag.py:588} INFO - Filling up the DagBag from /opt/airflow/dags/dag_functions.py
[2025-04-09T17:03:48.826+0000] {processor.py:927} WARNING - No viable dags retrieved from /opt/airflow/dags/dag_functions.py
[2025-04-09T17:03:48.877+0000] {processor.py:208} INFO - Processing /opt/airflow/dags/dag_functions.py took 0.688 seconds
[2025-04-09T17:04:19.643+0000] {processor.py:186} INFO - Started process (PID=569) to work on /opt/airflow/dags/dag_functions.py
[2025-04-09T17:04:19.645+0000] {processor.py:914} INFO - Processing file /opt/airflow/dags/dag_functions.py for tasks to queue
[2025-04-09T17:04:19.648+0000] {logging_mixin.py:190} INFO - [2025-04-09T17:04:19.647+0000] {dagbag.py:588} INFO - Filling up the DagBag from /opt/airflow/dags/dag_functions.py
[2025-04-09T17:04:20.356+0000] {processor.py:927} WARNING - No viable dags retrieved from /opt/airflow/dags/dag_functions.py
[2025-04-09T17:04:20.387+0000] {processor.py:208} INFO - Processing /opt/airflow/dags/dag_functions.py took 0.754 seconds
[2025-04-09T17:04:50.861+0000] {processor.py:186} INFO - Started process (PID=573) to work on /opt/airflow/dags/dag_functions.py
[2025-04-09T17:04:50.864+0000] {processor.py:914} INFO - Processing file /opt/airflow/dags/dag_functions.py for tasks to queue
[2025-04-09T17:04:50.872+0000] {logging_mixin.py:190} INFO - [2025-04-09T17:04:50.871+0000] {dagbag.py:588} INFO - Filling up the DagBag from /opt/airflow/dags/dag_functions.py
[2025-04-09T17:04:51.482+0000] {processor.py:927} WARNING - No viable dags retrieved from /opt/airflow/dags/dag_functions.py
[2025-04-09T17:04:51.537+0000] {processor.py:208} INFO - Processing /opt/airflow/dags/dag_functions.py took 0.684 seconds
[2025-04-09T17:05:22.000+0000] {processor.py:186} INFO - Started process (PID=577) to work on /opt/airflow/dags/dag_functions.py
[2025-04-09T17:05:22.002+0000] {processor.py:914} INFO - Processing file /opt/airflow/dags/dag_functions.py for tasks to queue
[2025-04-09T17:05:22.006+0000] {logging_mixin.py:190} INFO - [2025-04-09T17:05:22.006+0000] {dagbag.py:588} INFO - Filling up the DagBag from /opt/airflow/dags/dag_functions.py
[2025-04-09T17:05:22.789+0000] {processor.py:927} WARNING - No viable dags retrieved from /opt/airflow/dags/dag_functions.py
[2025-04-09T17:05:22.814+0000] {processor.py:208} INFO - Processing /opt/airflow/dags/dag_functions.py took 0.824 seconds
[2025-04-09T17:05:53.305+0000] {processor.py:186} INFO - Started process (PID=581) to work on /opt/airflow/dags/dag_functions.py
[2025-04-09T17:05:53.307+0000] {processor.py:914} INFO - Processing file /opt/airflow/dags/dag_functions.py for tasks to queue
[2025-04-09T17:05:53.311+0000] {logging_mixin.py:190} INFO - [2025-04-09T17:05:53.310+0000] {dagbag.py:588} INFO - Filling up the DagBag from /opt/airflow/dags/dag_functions.py
[2025-04-09T17:05:53.942+0000] {processor.py:927} WARNING - No viable dags retrieved from /opt/airflow/dags/dag_functions.py
[2025-04-09T17:05:53.970+0000] {processor.py:208} INFO - Processing /opt/airflow/dags/dag_functions.py took 0.674 seconds
[2025-04-09T17:06:24.363+0000] {processor.py:186} INFO - Started process (PID=585) to work on /opt/airflow/dags/dag_functions.py
[2025-04-09T17:06:24.365+0000] {processor.py:914} INFO - Processing file /opt/airflow/dags/dag_functions.py for tasks to queue
[2025-04-09T17:06:24.370+0000] {logging_mixin.py:190} INFO - [2025-04-09T17:06:24.369+0000] {dagbag.py:588} INFO - Filling up the DagBag from /opt/airflow/dags/dag_functions.py
[2025-04-09T17:06:25.257+0000] {processor.py:927} WARNING - No viable dags retrieved from /opt/airflow/dags/dag_functions.py
[2025-04-09T17:06:25.284+0000] {processor.py:208} INFO - Processing /opt/airflow/dags/dag_functions.py took 0.929 seconds
[2025-04-09T17:06:55.592+0000] {processor.py:186} INFO - Started process (PID=589) to work on /opt/airflow/dags/dag_functions.py
[2025-04-09T17:06:55.594+0000] {processor.py:914} INFO - Processing file /opt/airflow/dags/dag_functions.py for tasks to queue
[2025-04-09T17:06:55.597+0000] {logging_mixin.py:190} INFO - [2025-04-09T17:06:55.597+0000] {dagbag.py:588} INFO - Filling up the DagBag from /opt/airflow/dags/dag_functions.py
[2025-04-09T17:06:56.512+0000] {processor.py:927} WARNING - No viable dags retrieved from /opt/airflow/dags/dag_functions.py
[2025-04-09T17:06:56.538+0000] {processor.py:208} INFO - Processing /opt/airflow/dags/dag_functions.py took 0.956 seconds
[2025-04-09T17:07:26.921+0000] {processor.py:186} INFO - Started process (PID=593) to work on /opt/airflow/dags/dag_functions.py
[2025-04-09T17:07:26.923+0000] {processor.py:914} INFO - Processing file /opt/airflow/dags/dag_functions.py for tasks to queue
[2025-04-09T17:07:26.926+0000] {logging_mixin.py:190} INFO - [2025-04-09T17:07:26.926+0000] {dagbag.py:588} INFO - Filling up the DagBag from /opt/airflow/dags/dag_functions.py
[2025-04-09T17:07:27.578+0000] {processor.py:927} WARNING - No viable dags retrieved from /opt/airflow/dags/dag_functions.py
[2025-04-09T17:07:27.607+0000] {processor.py:208} INFO - Processing /opt/airflow/dags/dag_functions.py took 0.696 seconds
[2025-04-09T17:07:57.886+0000] {processor.py:186} INFO - Started process (PID=597) to work on /opt/airflow/dags/dag_functions.py
[2025-04-09T17:07:57.888+0000] {processor.py:914} INFO - Processing file /opt/airflow/dags/dag_functions.py for tasks to queue
[2025-04-09T17:07:57.891+0000] {logging_mixin.py:190} INFO - [2025-04-09T17:07:57.890+0000] {dagbag.py:588} INFO - Filling up the DagBag from /opt/airflow/dags/dag_functions.py
[2025-04-09T17:07:58.532+0000] {processor.py:927} WARNING - No viable dags retrieved from /opt/airflow/dags/dag_functions.py
[2025-04-09T17:07:58.580+0000] {processor.py:208} INFO - Processing /opt/airflow/dags/dag_functions.py took 0.701 seconds
[2025-04-09T17:08:29.171+0000] {processor.py:186} INFO - Started process (PID=601) to work on /opt/airflow/dags/dag_functions.py
[2025-04-09T17:08:29.172+0000] {processor.py:914} INFO - Processing file /opt/airflow/dags/dag_functions.py for tasks to queue
[2025-04-09T17:08:29.176+0000] {logging_mixin.py:190} INFO - [2025-04-09T17:08:29.175+0000] {dagbag.py:588} INFO - Filling up the DagBag from /opt/airflow/dags/dag_functions.py
[2025-04-09T17:08:29.869+0000] {processor.py:927} WARNING - No viable dags retrieved from /opt/airflow/dags/dag_functions.py
[2025-04-09T17:08:29.905+0000] {processor.py:208} INFO - Processing /opt/airflow/dags/dag_functions.py took 0.743 seconds
[2025-04-09T17:09:00.672+0000] {processor.py:186} INFO - Started process (PID=605) to work on /opt/airflow/dags/dag_functions.py
[2025-04-09T17:09:00.674+0000] {processor.py:914} INFO - Processing file /opt/airflow/dags/dag_functions.py for tasks to queue
[2025-04-09T17:09:00.677+0000] {logging_mixin.py:190} INFO - [2025-04-09T17:09:00.677+0000] {dagbag.py:588} INFO - Filling up the DagBag from /opt/airflow/dags/dag_functions.py
[2025-04-09T17:09:01.396+0000] {processor.py:927} WARNING - No viable dags retrieved from /opt/airflow/dags/dag_functions.py
[2025-04-09T17:09:01.417+0000] {processor.py:208} INFO - Processing /opt/airflow/dags/dag_functions.py took 0.753 seconds
[2025-04-09T17:09:12.163+0000] {processor.py:186} INFO - Started process (PID=607) to work on /opt/airflow/dags/dag_functions.py
[2025-04-09T17:09:12.165+0000] {processor.py:914} INFO - Processing file /opt/airflow/dags/dag_functions.py for tasks to queue
[2025-04-09T17:09:12.169+0000] {logging_mixin.py:190} INFO - [2025-04-09T17:09:12.168+0000] {dagbag.py:588} INFO - Filling up the DagBag from /opt/airflow/dags/dag_functions.py
[2025-04-09T17:09:12.908+0000] {processor.py:927} WARNING - No viable dags retrieved from /opt/airflow/dags/dag_functions.py
[2025-04-09T17:09:12.938+0000] {processor.py:208} INFO - Processing /opt/airflow/dags/dag_functions.py took 0.782 seconds
[2025-04-09T17:09:24.983+0000] {processor.py:186} INFO - Started process (PID=609) to work on /opt/airflow/dags/dag_functions.py
[2025-04-09T17:09:24.985+0000] {processor.py:914} INFO - Processing file /opt/airflow/dags/dag_functions.py for tasks to queue
[2025-04-09T17:09:24.988+0000] {logging_mixin.py:190} INFO - [2025-04-09T17:09:24.987+0000] {dagbag.py:588} INFO - Filling up the DagBag from /opt/airflow/dags/dag_functions.py
[2025-04-09T17:09:25.772+0000] {processor.py:927} WARNING - No viable dags retrieved from /opt/airflow/dags/dag_functions.py
[2025-04-09T17:09:25.806+0000] {processor.py:208} INFO - Processing /opt/airflow/dags/dag_functions.py took 0.833 seconds
[2025-04-09T17:09:56.188+0000] {processor.py:186} INFO - Started process (PID=613) to work on /opt/airflow/dags/dag_functions.py
[2025-04-09T17:09:56.192+0000] {processor.py:914} INFO - Processing file /opt/airflow/dags/dag_functions.py for tasks to queue
[2025-04-09T17:09:56.199+0000] {logging_mixin.py:190} INFO - [2025-04-09T17:09:56.199+0000] {dagbag.py:588} INFO - Filling up the DagBag from /opt/airflow/dags/dag_functions.py
[2025-04-09T17:09:56.874+0000] {processor.py:927} WARNING - No viable dags retrieved from /opt/airflow/dags/dag_functions.py
[2025-04-09T17:09:56.918+0000] {processor.py:208} INFO - Processing /opt/airflow/dags/dag_functions.py took 0.743 seconds
[2025-04-09T17:10:28.084+0000] {processor.py:186} INFO - Started process (PID=617) to work on /opt/airflow/dags/dag_functions.py
[2025-04-09T17:10:28.086+0000] {processor.py:914} INFO - Processing file /opt/airflow/dags/dag_functions.py for tasks to queue
[2025-04-09T17:10:28.090+0000] {logging_mixin.py:190} INFO - [2025-04-09T17:10:28.089+0000] {dagbag.py:588} INFO - Filling up the DagBag from /opt/airflow/dags/dag_functions.py
[2025-04-09T17:10:28.713+0000] {processor.py:927} WARNING - No viable dags retrieved from /opt/airflow/dags/dag_functions.py
[2025-04-09T17:10:28.736+0000] {processor.py:208} INFO - Processing /opt/airflow/dags/dag_functions.py took 0.660 seconds
[2025-04-09T17:10:59.870+0000] {processor.py:186} INFO - Started process (PID=621) to work on /opt/airflow/dags/dag_functions.py
[2025-04-09T17:10:59.872+0000] {processor.py:914} INFO - Processing file /opt/airflow/dags/dag_functions.py for tasks to queue
[2025-04-09T17:10:59.874+0000] {logging_mixin.py:190} INFO - [2025-04-09T17:10:59.874+0000] {dagbag.py:588} INFO - Filling up the DagBag from /opt/airflow/dags/dag_functions.py
[2025-04-09T17:11:00.445+0000] {processor.py:927} WARNING - No viable dags retrieved from /opt/airflow/dags/dag_functions.py
[2025-04-09T17:11:00.481+0000] {processor.py:208} INFO - Processing /opt/airflow/dags/dag_functions.py took 0.618 seconds
[2025-04-09T17:11:31.777+0000] {processor.py:186} INFO - Started process (PID=625) to work on /opt/airflow/dags/dag_functions.py
[2025-04-09T17:11:31.779+0000] {processor.py:914} INFO - Processing file /opt/airflow/dags/dag_functions.py for tasks to queue
[2025-04-09T17:11:31.783+0000] {logging_mixin.py:190} INFO - [2025-04-09T17:11:31.782+0000] {dagbag.py:588} INFO - Filling up the DagBag from /opt/airflow/dags/dag_functions.py
[2025-04-09T17:11:32.507+0000] {processor.py:927} WARNING - No viable dags retrieved from /opt/airflow/dags/dag_functions.py
[2025-04-09T17:11:32.548+0000] {processor.py:208} INFO - Processing /opt/airflow/dags/dag_functions.py took 0.784 seconds
[2025-04-09T17:11:45.739+0000] {processor.py:186} INFO - Started process (PID=629) to work on /opt/airflow/dags/dag_functions.py
[2025-04-09T17:11:45.740+0000] {processor.py:914} INFO - Processing file /opt/airflow/dags/dag_functions.py for tasks to queue
[2025-04-09T17:11:45.744+0000] {logging_mixin.py:190} INFO - [2025-04-09T17:11:45.744+0000] {dagbag.py:588} INFO - Filling up the DagBag from /opt/airflow/dags/dag_functions.py
[2025-04-09T17:11:46.362+0000] {processor.py:927} WARNING - No viable dags retrieved from /opt/airflow/dags/dag_functions.py
[2025-04-09T17:11:46.389+0000] {processor.py:208} INFO - Processing /opt/airflow/dags/dag_functions.py took 0.658 seconds
[2025-04-09T17:12:17.006+0000] {processor.py:186} INFO - Started process (PID=633) to work on /opt/airflow/dags/dag_functions.py
[2025-04-09T17:12:17.008+0000] {processor.py:914} INFO - Processing file /opt/airflow/dags/dag_functions.py for tasks to queue
[2025-04-09T17:12:17.011+0000] {logging_mixin.py:190} INFO - [2025-04-09T17:12:17.011+0000] {dagbag.py:588} INFO - Filling up the DagBag from /opt/airflow/dags/dag_functions.py
[2025-04-09T17:12:17.626+0000] {processor.py:927} WARNING - No viable dags retrieved from /opt/airflow/dags/dag_functions.py
[2025-04-09T17:12:17.683+0000] {processor.py:208} INFO - Processing /opt/airflow/dags/dag_functions.py took 0.686 seconds
[2025-04-09T17:12:47.853+0000] {processor.py:186} INFO - Started process (PID=637) to work on /opt/airflow/dags/dag_functions.py
[2025-04-09T17:12:47.855+0000] {processor.py:914} INFO - Processing file /opt/airflow/dags/dag_functions.py for tasks to queue
[2025-04-09T17:12:47.859+0000] {logging_mixin.py:190} INFO - [2025-04-09T17:12:47.858+0000] {dagbag.py:588} INFO - Filling up the DagBag from /opt/airflow/dags/dag_functions.py
[2025-04-09T17:12:48.486+0000] {processor.py:927} WARNING - No viable dags retrieved from /opt/airflow/dags/dag_functions.py
[2025-04-09T17:12:48.540+0000] {processor.py:208} INFO - Processing /opt/airflow/dags/dag_functions.py took 0.694 seconds
[2025-04-09T17:13:19.735+0000] {processor.py:186} INFO - Started process (PID=641) to work on /opt/airflow/dags/dag_functions.py
[2025-04-09T17:13:19.737+0000] {processor.py:914} INFO - Processing file /opt/airflow/dags/dag_functions.py for tasks to queue
[2025-04-09T17:13:19.743+0000] {logging_mixin.py:190} INFO - [2025-04-09T17:13:19.742+0000] {dagbag.py:588} INFO - Filling up the DagBag from /opt/airflow/dags/dag_functions.py
[2025-04-09T17:13:20.404+0000] {processor.py:927} WARNING - No viable dags retrieved from /opt/airflow/dags/dag_functions.py
[2025-04-09T17:13:20.439+0000] {processor.py:208} INFO - Processing /opt/airflow/dags/dag_functions.py took 0.712 seconds
[2025-04-09T17:13:51.177+0000] {processor.py:186} INFO - Started process (PID=644) to work on /opt/airflow/dags/dag_functions.py
[2025-04-09T17:13:51.179+0000] {processor.py:914} INFO - Processing file /opt/airflow/dags/dag_functions.py for tasks to queue
[2025-04-09T17:13:51.181+0000] {logging_mixin.py:190} INFO - [2025-04-09T17:13:51.181+0000] {dagbag.py:588} INFO - Filling up the DagBag from /opt/airflow/dags/dag_functions.py
[2025-04-09T17:13:51.841+0000] {processor.py:927} WARNING - No viable dags retrieved from /opt/airflow/dags/dag_functions.py
[2025-04-09T17:13:51.876+0000] {processor.py:208} INFO - Processing /opt/airflow/dags/dag_functions.py took 0.706 seconds
[2025-04-09T17:14:26.090+0000] {processor.py:186} INFO - Started process (PID=672) to work on /opt/airflow/dags/dag_functions.py
[2025-04-09T17:14:26.091+0000] {processor.py:914} INFO - Processing file /opt/airflow/dags/dag_functions.py for tasks to queue
[2025-04-09T17:14:26.094+0000] {logging_mixin.py:190} INFO - [2025-04-09T17:14:26.093+0000] {dagbag.py:588} INFO - Filling up the DagBag from /opt/airflow/dags/dag_functions.py
[2025-04-09T17:14:26.649+0000] {processor.py:927} WARNING - No viable dags retrieved from /opt/airflow/dags/dag_functions.py
[2025-04-09T17:14:26.677+0000] {processor.py:208} INFO - Processing /opt/airflow/dags/dag_functions.py took 0.594 seconds
[2025-04-09T17:14:57.475+0000] {processor.py:186} INFO - Started process (PID=697) to work on /opt/airflow/dags/dag_functions.py
[2025-04-09T17:14:57.476+0000] {processor.py:914} INFO - Processing file /opt/airflow/dags/dag_functions.py for tasks to queue
[2025-04-09T17:14:57.479+0000] {logging_mixin.py:190} INFO - [2025-04-09T17:14:57.479+0000] {dagbag.py:588} INFO - Filling up the DagBag from /opt/airflow/dags/dag_functions.py
[2025-04-09T17:14:58.089+0000] {processor.py:927} WARNING - No viable dags retrieved from /opt/airflow/dags/dag_functions.py
[2025-04-09T17:14:58.121+0000] {processor.py:208} INFO - Processing /opt/airflow/dags/dag_functions.py took 0.654 seconds
[2025-04-09T17:15:28.539+0000] {processor.py:186} INFO - Started process (PID=701) to work on /opt/airflow/dags/dag_functions.py
[2025-04-09T17:15:28.541+0000] {processor.py:914} INFO - Processing file /opt/airflow/dags/dag_functions.py for tasks to queue
[2025-04-09T17:15:28.544+0000] {logging_mixin.py:190} INFO - [2025-04-09T17:15:28.543+0000] {dagbag.py:588} INFO - Filling up the DagBag from /opt/airflow/dags/dag_functions.py
[2025-04-09T17:15:29.108+0000] {processor.py:927} WARNING - No viable dags retrieved from /opt/airflow/dags/dag_functions.py
[2025-04-09T17:15:29.130+0000] {processor.py:208} INFO - Processing /opt/airflow/dags/dag_functions.py took 0.600 seconds
[2025-04-09T17:15:59.814+0000] {processor.py:186} INFO - Started process (PID=705) to work on /opt/airflow/dags/dag_functions.py
[2025-04-09T17:15:59.816+0000] {processor.py:914} INFO - Processing file /opt/airflow/dags/dag_functions.py for tasks to queue
[2025-04-09T17:15:59.819+0000] {logging_mixin.py:190} INFO - [2025-04-09T17:15:59.818+0000] {dagbag.py:588} INFO - Filling up the DagBag from /opt/airflow/dags/dag_functions.py
[2025-04-09T17:16:00.557+0000] {processor.py:927} WARNING - No viable dags retrieved from /opt/airflow/dags/dag_functions.py
[2025-04-09T17:16:00.609+0000] {processor.py:208} INFO - Processing /opt/airflow/dags/dag_functions.py took 0.805 seconds
