[2025-04-09T17:14:31.964+0000] {local_task_job_runner.py:123} INFO - ::group::Pre task execution logs
[2025-04-09T17:14:32.007+0000] {taskinstance.py:2614} INFO - Dependencies all met for dep_context=non-requeueable deps ti=<TaskInstance: Glassdoor_ETL_Analytics.extraing_insights_from_data manual__2025-04-09T17:14:09.449273+00:00 [queued]>
[2025-04-09T17:14:32.033+0000] {taskinstance.py:2614} INFO - Dependencies all met for dep_context=requeueable deps ti=<TaskInstance: Glassdoor_ETL_Analytics.extraing_insights_from_data manual__2025-04-09T17:14:09.449273+00:00 [queued]>
[2025-04-09T17:14:32.035+0000] {taskinstance.py:2867} INFO - Starting attempt 1 of 3
[2025-04-09T17:14:32.082+0000] {taskinstance.py:2890} INFO - Executing <Task(PythonOperator): extraing_insights_from_data> on 2025-04-09 17:14:09.449273+00:00
[2025-04-09T17:14:32.095+0000] {standard_task_runner.py:104} INFO - Running: ['airflow', 'tasks', 'run', 'Glassdoor_ETL_Analytics', 'extraing_insights_from_data', 'manual__2025-04-09T17:14:09.449273+00:00', '--job-id', '22', '--raw', '--subdir', 'DAGS_FOLDER/etl_process.py', '--cfg-path', '/tmp/tmpyke2edsa']
[2025-04-09T17:14:32.100+0000] {standard_task_runner.py:105} INFO - Job 22: Subtask extraing_insights_from_data
[2025-04-09T17:14:32.108+0000] {logging_mixin.py:190} WARNING - /home/airflow/.local/lib/python3.12/site-packages/airflow/task/task_runner/standard_task_runner.py:70 DeprecationWarning: This process (pid=674) is multi-threaded, use of fork() may lead to deadlocks in the child.
[2025-04-09T17:14:32.110+0000] {standard_task_runner.py:72} INFO - Started process 684 to run task
[2025-04-09T17:14:32.235+0000] {task_command.py:467} INFO - Running <TaskInstance: Glassdoor_ETL_Analytics.extraing_insights_from_data manual__2025-04-09T17:14:09.449273+00:00 [running]> on host e9217fcdfaa5
[2025-04-09T17:14:32.390+0000] {taskinstance.py:3134} INFO - Exporting env vars: AIRFLOW_CTX_DAG_OWNER='airflow' AIRFLOW_CTX_DAG_ID='Glassdoor_ETL_Analytics' AIRFLOW_CTX_TASK_ID='extraing_insights_from_data' AIRFLOW_CTX_EXECUTION_DATE='2025-04-09T17:14:09.449273+00:00' AIRFLOW_CTX_TRY_NUMBER='1' AIRFLOW_CTX_DAG_RUN_ID='manual__2025-04-09T17:14:09.449273+00:00'
[2025-04-09T17:14:32.392+0000] {taskinstance.py:732} INFO - ::endgroup::
[2025-04-09T17:14:32.482+0000] {logging_mixin.py:190} INFO - TOP 10 HIGHEST SALARY POSITIONS
[2025-04-09T17:14:33.315+0000] {font_manager.py:1639} INFO - generated new fontManager
[2025-04-09T17:14:33.834+0000] {logging_mixin.py:190} INFO - Axes(0.125,0.11;0.775x0.77)
[2025-04-09T17:14:33.844+0000] {python.py:240} INFO - Done. Returned value was: 0
[2025-04-09T17:14:33.938+0000] {taskinstance.py:341} INFO - ::group::Post task execution logs
[2025-04-09T17:14:33.939+0000] {taskinstance.py:353} INFO - Marking task as SUCCESS. dag_id=Glassdoor_ETL_Analytics, task_id=extraing_insights_from_data, run_id=manual__2025-04-09T17:14:09.449273+00:00, execution_date=20250409T171409, start_date=20250409T171432, end_date=20250409T171433
[2025-04-09T17:14:34.061+0000] {local_task_job_runner.py:266} INFO - Task exited with return code 0
[2025-04-09T17:14:34.090+0000] {taskinstance.py:3901} INFO - 0 downstream tasks scheduled from follow-on schedule check
[2025-04-09T17:14:34.093+0000] {local_task_job_runner.py:245} INFO - ::endgroup::
